11/24/2025 12:19:09 - WARNING - __main__ -   device: cuda:0, n_gpu: 1
11/24/2025 12:19:09 - INFO - __main__ -   {'ap_model': False, 'arch': 'resnet18', 'backdoor': False, 'batch_size': 128, 'clean': False, 'cluster_thresh': 1.0, 'ctime': 0, 'dataset': 'cifar10', 'device': device(type='cuda', index=0), 'drop_after': 30, 'drop_mile': False, 'epochs': 40, 'equal_num': False, 'gpu_id': 0, 'greedy': 'LazyGreedy', 'lr': 0.1, 'metric': 'euclidean', 'n_gpu': 1, 'nesterov': True, 'no_aug': False, 'no_progress': False, 'num_workers': 4, 'out': 'results/epic_gm_eps8_run4/resnet18-cifar10-645_Project_v3.None-epoch40.15.25.35-coreset-pred-0.1-10-start-after-30', 'patch_size': 5, 'poisons_path': '/home/r0liu015/645project_last/poisoning-benchmark/poison_examples_gm/645_Project_v3/4', 'resume': '', 'scenario': 'scratch', 'seed': None, 'start_epoch': 0, 'steps': [15, 25, 35], 'stop_after': 200, 'subset_freq': 10, 'subset_sampler': 'coreset-pred', 'subset_size': 0.1, 'top_frac': 0.1, 'trigger_path': None, 'wdecay': 0.0005, 'world_size': 1}
11/24/2025 12:19:10 - INFO - __main__ -   500 poisons in this trial.
11/24/2025 12:19:10 - INFO - __main__ -   Total params: 11.17M
11/24/2025 12:19:10 - INFO - __main__ -   Target class 1; Poisoned label: 7
11/24/2025 12:19:10 - INFO - __main__ -   ***** Running training *****
11/24/2025 12:19:10 - INFO - __main__ -     Num Epochs = 40
11/24/2025 12:19:10 - INFO - __main__ -     Batch size per GPU = 128
11/24/2025 12:19:10 - INFO - __main__ -     Total train batch size = 128
11/24/2025 12:19:10 - INFO - __main__ -   ***** Epoch 0 *****
11/24/2025 12:19:26 - INFO - __main__ -   top-1 acc: 41.89
11/24/2025 12:19:26 - INFO - __main__ -   top-5 acc: 91.65
11/24/2025 12:19:26 - INFO - __main__ -   Best top-1 acc: 41.89
11/24/2025 12:19:26 - INFO - __main__ -   Mean top-1 acc: 41.89
11/24/2025 12:19:26 - INFO - __main__ -   Target acc: True
11/24/2025 12:19:26 - INFO - __main__ -   Poison acc: False

11/24/2025 12:19:26 - INFO - __main__ -   ***** Epoch 1 *****
11/24/2025 12:19:43 - INFO - __main__ -   top-1 acc: 54.38
11/24/2025 12:19:43 - INFO - __main__ -   top-5 acc: 94.36
11/24/2025 12:19:43 - INFO - __main__ -   Best top-1 acc: 54.38
11/24/2025 12:19:43 - INFO - __main__ -   Mean top-1 acc: 48.14
11/24/2025 12:19:43 - INFO - __main__ -   Target acc: True
11/24/2025 12:19:43 - INFO - __main__ -   Poison acc: False

11/24/2025 12:19:43 - INFO - __main__ -   ***** Epoch 2 *****
11/24/2025 12:19:59 - INFO - __main__ -   top-1 acc: 63.08
11/24/2025 12:19:59 - INFO - __main__ -   top-5 acc: 96.95
11/24/2025 12:19:59 - INFO - __main__ -   Best top-1 acc: 63.08
11/24/2025 12:19:59 - INFO - __main__ -   Mean top-1 acc: 53.12
11/24/2025 12:19:59 - INFO - __main__ -   Target acc: True
11/24/2025 12:19:59 - INFO - __main__ -   Poison acc: False

11/24/2025 12:19:59 - INFO - __main__ -   ***** Epoch 3 *****
11/24/2025 12:20:15 - INFO - __main__ -   top-1 acc: 59.97
11/24/2025 12:20:15 - INFO - __main__ -   top-5 acc: 95.68
11/24/2025 12:20:15 - INFO - __main__ -   Best top-1 acc: 63.08
11/24/2025 12:20:15 - INFO - __main__ -   Mean top-1 acc: 54.83
11/24/2025 12:20:15 - INFO - __main__ -   Target acc: True
11/24/2025 12:20:15 - INFO - __main__ -   Poison acc: False

11/24/2025 12:20:15 - INFO - __main__ -   ***** Epoch 4 *****
11/24/2025 12:20:32 - INFO - __main__ -   top-1 acc: 67.48
11/24/2025 12:20:32 - INFO - __main__ -   top-5 acc: 96.75
11/24/2025 12:20:32 - INFO - __main__ -   Best top-1 acc: 67.48
11/24/2025 12:20:32 - INFO - __main__ -   Mean top-1 acc: 57.36
11/24/2025 12:20:32 - INFO - __main__ -   Target acc: False
11/24/2025 12:20:32 - INFO - __main__ -   Poison acc: False

11/24/2025 12:20:32 - INFO - __main__ -   ***** Epoch 5 *****
11/24/2025 12:20:48 - INFO - __main__ -   top-1 acc: 69.58
11/24/2025 12:20:48 - INFO - __main__ -   top-5 acc: 97.71
11/24/2025 12:20:48 - INFO - __main__ -   Best top-1 acc: 69.58
11/24/2025 12:20:48 - INFO - __main__ -   Mean top-1 acc: 59.40
11/24/2025 12:20:48 - INFO - __main__ -   Target acc: False
11/24/2025 12:20:48 - INFO - __main__ -   Poison acc: False

11/24/2025 12:20:48 - INFO - __main__ -   ***** Epoch 6 *****
11/24/2025 12:21:04 - INFO - __main__ -   top-1 acc: 75.60
11/24/2025 12:21:04 - INFO - __main__ -   top-5 acc: 98.88
11/24/2025 12:21:04 - INFO - __main__ -   Best top-1 acc: 75.60
11/24/2025 12:21:04 - INFO - __main__ -   Mean top-1 acc: 61.71
11/24/2025 12:21:04 - INFO - __main__ -   Target acc: False
11/24/2025 12:21:04 - INFO - __main__ -   Poison acc: False

11/24/2025 12:21:04 - INFO - __main__ -   ***** Epoch 7 *****
11/24/2025 12:21:20 - INFO - __main__ -   top-1 acc: 73.46
11/24/2025 12:21:20 - INFO - __main__ -   top-5 acc: 97.53
11/24/2025 12:21:20 - INFO - __main__ -   Best top-1 acc: 75.60
11/24/2025 12:21:20 - INFO - __main__ -   Mean top-1 acc: 63.18
11/24/2025 12:21:20 - INFO - __main__ -   Target acc: False
11/24/2025 12:21:20 - INFO - __main__ -   Poison acc: False

11/24/2025 12:21:20 - INFO - __main__ -   ***** Epoch 8 *****
11/24/2025 12:21:37 - INFO - __main__ -   top-1 acc: 78.97
11/24/2025 12:21:37 - INFO - __main__ -   top-5 acc: 98.93
11/24/2025 12:21:37 - INFO - __main__ -   Best top-1 acc: 78.97
11/24/2025 12:21:37 - INFO - __main__ -   Mean top-1 acc: 64.93
11/24/2025 12:21:37 - INFO - __main__ -   Target acc: True
11/24/2025 12:21:37 - INFO - __main__ -   Poison acc: False

11/24/2025 12:21:37 - INFO - __main__ -   ***** Epoch 9 *****
11/24/2025 12:21:53 - INFO - __main__ -   top-1 acc: 78.90
11/24/2025 12:21:53 - INFO - __main__ -   top-5 acc: 99.11
11/24/2025 12:21:53 - INFO - __main__ -   Best top-1 acc: 78.97
11/24/2025 12:21:53 - INFO - __main__ -   Mean top-1 acc: 66.33
11/24/2025 12:21:53 - INFO - __main__ -   Target acc: False
11/24/2025 12:21:53 - INFO - __main__ -   Poison acc: False

11/24/2025 12:21:53 - INFO - __main__ -   ***** Epoch 10 *****
11/24/2025 12:22:09 - INFO - __main__ -   top-1 acc: 82.61
11/24/2025 12:22:09 - INFO - __main__ -   top-5 acc: 99.30
11/24/2025 12:22:09 - INFO - __main__ -   Best top-1 acc: 82.61
11/24/2025 12:22:09 - INFO - __main__ -   Mean top-1 acc: 67.81
11/24/2025 12:22:09 - INFO - __main__ -   Target acc: True
11/24/2025 12:22:09 - INFO - __main__ -   Poison acc: False

11/24/2025 12:22:09 - INFO - __main__ -   ***** Epoch 11 *****
11/24/2025 12:22:25 - INFO - __main__ -   top-1 acc: 81.38
11/24/2025 12:22:25 - INFO - __main__ -   top-5 acc: 98.95
11/24/2025 12:22:25 - INFO - __main__ -   Best top-1 acc: 82.61
11/24/2025 12:22:25 - INFO - __main__ -   Mean top-1 acc: 68.94
11/24/2025 12:22:25 - INFO - __main__ -   Target acc: True
11/24/2025 12:22:25 - INFO - __main__ -   Poison acc: False

11/24/2025 12:22:25 - INFO - __main__ -   ***** Epoch 12 *****
11/24/2025 12:22:41 - INFO - __main__ -   top-1 acc: 83.39
11/24/2025 12:22:41 - INFO - __main__ -   top-5 acc: 99.16
11/24/2025 12:22:41 - INFO - __main__ -   Best top-1 acc: 83.39
11/24/2025 12:22:41 - INFO - __main__ -   Mean top-1 acc: 70.05
11/24/2025 12:22:41 - INFO - __main__ -   Target acc: True
11/24/2025 12:22:41 - INFO - __main__ -   Poison acc: False

11/24/2025 12:22:41 - INFO - __main__ -   ***** Epoch 13 *****
11/24/2025 12:22:58 - INFO - __main__ -   top-1 acc: 80.03
11/24/2025 12:22:58 - INFO - __main__ -   top-5 acc: 98.60
11/24/2025 12:22:58 - INFO - __main__ -   Best top-1 acc: 83.39
11/24/2025 12:22:58 - INFO - __main__ -   Mean top-1 acc: 70.77
11/24/2025 12:22:58 - INFO - __main__ -   Target acc: False
11/24/2025 12:22:58 - INFO - __main__ -   Poison acc: False

11/24/2025 12:22:58 - INFO - __main__ -   ***** Epoch 14 *****
11/24/2025 12:23:14 - INFO - __main__ -   top-1 acc: 82.78
11/24/2025 12:23:14 - INFO - __main__ -   top-5 acc: 99.13
11/24/2025 12:23:14 - INFO - __main__ -   Best top-1 acc: 83.39
11/24/2025 12:23:14 - INFO - __main__ -   Mean top-1 acc: 71.57
11/24/2025 12:23:14 - INFO - __main__ -   Target acc: False
11/24/2025 12:23:14 - INFO - __main__ -   Poison acc: False

11/24/2025 12:23:14 - INFO - __main__ -   ***** Epoch 15 *****
11/24/2025 12:23:30 - INFO - __main__ -   top-1 acc: 90.09
11/24/2025 12:23:30 - INFO - __main__ -   top-5 acc: 99.76
11/24/2025 12:23:30 - INFO - __main__ -   Best top-1 acc: 90.09
11/24/2025 12:23:30 - INFO - __main__ -   Mean top-1 acc: 72.72
11/24/2025 12:23:30 - INFO - __main__ -   Target acc: True
11/24/2025 12:23:30 - INFO - __main__ -   Poison acc: False

11/24/2025 12:23:30 - INFO - __main__ -   ***** Epoch 16 *****
11/24/2025 12:23:46 - INFO - __main__ -   top-1 acc: 90.68
11/24/2025 12:23:46 - INFO - __main__ -   top-5 acc: 99.76
11/24/2025 12:23:46 - INFO - __main__ -   Best top-1 acc: 90.68
11/24/2025 12:23:46 - INFO - __main__ -   Mean top-1 acc: 73.78
11/24/2025 12:23:46 - INFO - __main__ -   Target acc: True
11/24/2025 12:23:46 - INFO - __main__ -   Poison acc: False

11/24/2025 12:23:46 - INFO - __main__ -   ***** Epoch 17 *****
11/24/2025 12:24:02 - INFO - __main__ -   top-1 acc: 90.97
11/24/2025 12:24:02 - INFO - __main__ -   top-5 acc: 99.79
11/24/2025 12:24:02 - INFO - __main__ -   Best top-1 acc: 90.97
11/24/2025 12:24:02 - INFO - __main__ -   Mean top-1 acc: 74.74
11/24/2025 12:24:02 - INFO - __main__ -   Target acc: True
11/24/2025 12:24:02 - INFO - __main__ -   Poison acc: False

11/24/2025 12:24:02 - INFO - __main__ -   ***** Epoch 18 *****
11/24/2025 12:24:19 - INFO - __main__ -   top-1 acc: 90.99
11/24/2025 12:24:19 - INFO - __main__ -   top-5 acc: 99.76
11/24/2025 12:24:19 - INFO - __main__ -   Best top-1 acc: 90.99
11/24/2025 12:24:19 - INFO - __main__ -   Mean top-1 acc: 75.59
11/24/2025 12:24:19 - INFO - __main__ -   Target acc: True
11/24/2025 12:24:19 - INFO - __main__ -   Poison acc: False

11/24/2025 12:24:19 - INFO - __main__ -   ***** Epoch 19 *****
11/24/2025 12:24:35 - INFO - __main__ -   top-1 acc: 91.06
11/24/2025 12:24:35 - INFO - __main__ -   top-5 acc: 99.79
11/24/2025 12:24:35 - INFO - __main__ -   Best top-1 acc: 91.06
11/24/2025 12:24:35 - INFO - __main__ -   Mean top-1 acc: 76.36
11/24/2025 12:24:35 - INFO - __main__ -   Target acc: True
11/24/2025 12:24:35 - INFO - __main__ -   Poison acc: False

11/24/2025 12:24:35 - INFO - __main__ -   ***** Epoch 20 *****
11/24/2025 12:24:51 - INFO - __main__ -   top-1 acc: 91.24
11/24/2025 12:24:51 - INFO - __main__ -   top-5 acc: 99.73
11/24/2025 12:24:51 - INFO - __main__ -   Best top-1 acc: 91.24
11/24/2025 12:24:51 - INFO - __main__ -   Mean top-1 acc: 78.83
11/24/2025 12:24:51 - INFO - __main__ -   Target acc: True
11/24/2025 12:24:51 - INFO - __main__ -   Poison acc: False

11/24/2025 12:24:51 - INFO - __main__ -   ***** Epoch 21 *****
11/24/2025 12:25:07 - INFO - __main__ -   top-1 acc: 90.93
11/24/2025 12:25:07 - INFO - __main__ -   top-5 acc: 99.73
11/24/2025 12:25:07 - INFO - __main__ -   Best top-1 acc: 91.24
11/24/2025 12:25:07 - INFO - __main__ -   Mean top-1 acc: 80.66
11/24/2025 12:25:07 - INFO - __main__ -   Target acc: True
11/24/2025 12:25:07 - INFO - __main__ -   Poison acc: False

11/24/2025 12:25:07 - INFO - __main__ -   ***** Epoch 22 *****
11/24/2025 12:25:24 - INFO - __main__ -   top-1 acc: 91.37
11/24/2025 12:25:24 - INFO - __main__ -   top-5 acc: 99.85
11/24/2025 12:25:24 - INFO - __main__ -   Best top-1 acc: 91.37
11/24/2025 12:25:24 - INFO - __main__ -   Mean top-1 acc: 82.07
11/24/2025 12:25:24 - INFO - __main__ -   Target acc: True
11/24/2025 12:25:24 - INFO - __main__ -   Poison acc: False

11/24/2025 12:25:24 - INFO - __main__ -   ***** Epoch 23 *****
11/24/2025 12:25:40 - INFO - __main__ -   top-1 acc: 91.37
11/24/2025 12:25:40 - INFO - __main__ -   top-5 acc: 99.76
11/24/2025 12:25:40 - INFO - __main__ -   Best top-1 acc: 91.37
11/24/2025 12:25:40 - INFO - __main__ -   Mean top-1 acc: 83.64
11/24/2025 12:25:40 - INFO - __main__ -   Target acc: True
11/24/2025 12:25:40 - INFO - __main__ -   Poison acc: False

11/24/2025 12:25:40 - INFO - __main__ -   ***** Epoch 24 *****
11/24/2025 12:25:56 - INFO - __main__ -   top-1 acc: 91.61
11/24/2025 12:25:56 - INFO - __main__ -   top-5 acc: 99.76
11/24/2025 12:25:56 - INFO - __main__ -   Best top-1 acc: 91.61
11/24/2025 12:25:56 - INFO - __main__ -   Mean top-1 acc: 84.85
11/24/2025 12:25:56 - INFO - __main__ -   Target acc: True
11/24/2025 12:25:56 - INFO - __main__ -   Poison acc: False

11/24/2025 12:25:56 - INFO - __main__ -   ***** Epoch 25 *****
11/24/2025 12:26:12 - INFO - __main__ -   top-1 acc: 92.24
11/24/2025 12:26:12 - INFO - __main__ -   top-5 acc: 99.76
11/24/2025 12:26:13 - INFO - __main__ -   Best top-1 acc: 92.24
11/24/2025 12:26:13 - INFO - __main__ -   Mean top-1 acc: 85.98
11/24/2025 12:26:13 - INFO - __main__ -   Target acc: True
11/24/2025 12:26:13 - INFO - __main__ -   Poison acc: False

11/24/2025 12:26:13 - INFO - __main__ -   ***** Epoch 26 *****
11/24/2025 12:26:29 - INFO - __main__ -   top-1 acc: 92.21
11/24/2025 12:26:29 - INFO - __main__ -   top-5 acc: 99.78
11/24/2025 12:26:29 - INFO - __main__ -   Best top-1 acc: 92.24
11/24/2025 12:26:29 - INFO - __main__ -   Mean top-1 acc: 86.81
11/24/2025 12:26:29 - INFO - __main__ -   Target acc: True
11/24/2025 12:26:29 - INFO - __main__ -   Poison acc: False

11/24/2025 12:26:29 - INFO - __main__ -   ***** Epoch 27 *****
11/24/2025 12:26:45 - INFO - __main__ -   top-1 acc: 92.24
11/24/2025 12:26:45 - INFO - __main__ -   top-5 acc: 99.79
11/24/2025 12:26:45 - INFO - __main__ -   Best top-1 acc: 92.24
11/24/2025 12:26:45 - INFO - __main__ -   Mean top-1 acc: 87.75
11/24/2025 12:26:45 - INFO - __main__ -   Target acc: True
11/24/2025 12:26:45 - INFO - __main__ -   Poison acc: False

11/24/2025 12:26:45 - INFO - __main__ -   ***** Epoch 28 *****
11/24/2025 12:27:01 - INFO - __main__ -   top-1 acc: 92.19
11/24/2025 12:27:01 - INFO - __main__ -   top-5 acc: 99.80
11/24/2025 12:27:02 - INFO - __main__ -   Best top-1 acc: 92.24
11/24/2025 12:27:02 - INFO - __main__ -   Mean top-1 acc: 88.41
11/24/2025 12:27:02 - INFO - __main__ -   Target acc: True
11/24/2025 12:27:02 - INFO - __main__ -   Poison acc: False

11/24/2025 12:27:02 - INFO - __main__ -   ***** Epoch 29 *****
11/24/2025 12:27:18 - INFO - __main__ -   top-1 acc: 92.28
11/24/2025 12:27:18 - INFO - __main__ -   top-5 acc: 99.79
11/24/2025 12:27:18 - INFO - __main__ -   Best top-1 acc: 92.28
11/24/2025 12:27:18 - INFO - __main__ -   Mean top-1 acc: 89.08
11/24/2025 12:27:18 - INFO - __main__ -   Target acc: True
11/24/2025 12:27:18 - INFO - __main__ -   Poison acc: False

11/24/2025 12:27:18 - INFO - __main__ -   ***** Epoch 30 *****
11/24/2025 12:27:18 - INFO - __main__ -   Identifying small clusters at epoch 30...
11/24/2025 12:28:01 - INFO - __main__ -   top-1 acc: 92.25
11/24/2025 12:28:01 - INFO - __main__ -   top-5 acc: 99.82
11/24/2025 12:28:01 - INFO - __main__ -   Best top-1 acc: 92.28
11/24/2025 12:28:01 - INFO - __main__ -   Mean top-1 acc: 89.57
11/24/2025 12:28:01 - INFO - __main__ -   Target acc: True
11/24/2025 12:28:01 - INFO - __main__ -   Poison acc: False

11/24/2025 12:28:01 - INFO - __main__ -   ***** Epoch 31 *****
11/24/2025 12:28:17 - INFO - __main__ -   top-1 acc: 92.34
11/24/2025 12:28:17 - INFO - __main__ -   top-5 acc: 99.79
11/24/2025 12:28:17 - INFO - __main__ -   Best top-1 acc: 92.34
11/24/2025 12:28:17 - INFO - __main__ -   Mean top-1 acc: 90.11
11/24/2025 12:28:17 - INFO - __main__ -   Target acc: True
11/24/2025 12:28:17 - INFO - __main__ -   Poison acc: False

11/24/2025 12:28:17 - INFO - __main__ -   ***** Epoch 32 *****
11/24/2025 12:28:32 - INFO - __main__ -   top-1 acc: 92.43
11/24/2025 12:28:32 - INFO - __main__ -   top-5 acc: 99.80
11/24/2025 12:28:32 - INFO - __main__ -   Best top-1 acc: 92.43
11/24/2025 12:28:32 - INFO - __main__ -   Mean top-1 acc: 90.56
11/24/2025 12:28:32 - INFO - __main__ -   Target acc: True
11/24/2025 12:28:32 - INFO - __main__ -   Poison acc: False

11/24/2025 12:28:32 - INFO - __main__ -   ***** Epoch 33 *****
11/24/2025 12:28:48 - INFO - __main__ -   top-1 acc: 92.36
11/24/2025 12:28:48 - INFO - __main__ -   top-5 acc: 99.81
11/24/2025 12:28:48 - INFO - __main__ -   Best top-1 acc: 92.43
11/24/2025 12:28:48 - INFO - __main__ -   Mean top-1 acc: 91.18
11/24/2025 12:28:48 - INFO - __main__ -   Target acc: True
11/24/2025 12:28:48 - INFO - __main__ -   Poison acc: False

11/24/2025 12:28:48 - INFO - __main__ -   ***** Epoch 34 *****
11/24/2025 12:29:03 - INFO - __main__ -   top-1 acc: 92.30
11/24/2025 12:29:03 - INFO - __main__ -   top-5 acc: 99.80
11/24/2025 12:29:03 - INFO - __main__ -   Best top-1 acc: 92.43
11/24/2025 12:29:03 - INFO - __main__ -   Mean top-1 acc: 91.66
11/24/2025 12:29:03 - INFO - __main__ -   Target acc: True
11/24/2025 12:29:03 - INFO - __main__ -   Poison acc: False

11/24/2025 12:29:03 - INFO - __main__ -   ***** Epoch 35 *****
11/24/2025 12:29:18 - INFO - __main__ -   top-1 acc: 92.31
11/24/2025 12:29:18 - INFO - __main__ -   top-5 acc: 99.79
11/24/2025 12:29:18 - INFO - __main__ -   Best top-1 acc: 92.43
11/24/2025 12:29:18 - INFO - __main__ -   Mean top-1 acc: 91.77
11/24/2025 12:29:18 - INFO - __main__ -   Target acc: True
11/24/2025 12:29:18 - INFO - __main__ -   Poison acc: False

11/24/2025 12:29:18 - INFO - __main__ -   ***** Epoch 36 *****
11/24/2025 12:29:34 - INFO - __main__ -   top-1 acc: 92.30
11/24/2025 12:29:34 - INFO - __main__ -   top-5 acc: 99.79
11/24/2025 12:29:34 - INFO - __main__ -   Best top-1 acc: 92.43
11/24/2025 12:29:34 - INFO - __main__ -   Mean top-1 acc: 91.85
11/24/2025 12:29:34 - INFO - __main__ -   Target acc: True
11/24/2025 12:29:34 - INFO - __main__ -   Poison acc: False

11/24/2025 12:29:34 - INFO - __main__ -   ***** Epoch 37 *****
11/24/2025 12:29:49 - INFO - __main__ -   top-1 acc: 92.25
11/24/2025 12:29:49 - INFO - __main__ -   top-5 acc: 99.80
11/24/2025 12:29:49 - INFO - __main__ -   Best top-1 acc: 92.43
11/24/2025 12:29:49 - INFO - __main__ -   Mean top-1 acc: 91.91
11/24/2025 12:29:49 - INFO - __main__ -   Target acc: True
11/24/2025 12:29:49 - INFO - __main__ -   Poison acc: False

11/24/2025 12:29:49 - INFO - __main__ -   ***** Epoch 38 *****
11/24/2025 12:30:05 - INFO - __main__ -   top-1 acc: 92.39
11/24/2025 12:30:05 - INFO - __main__ -   top-5 acc: 99.80
11/24/2025 12:30:05 - INFO - __main__ -   Best top-1 acc: 92.43
11/24/2025 12:30:05 - INFO - __main__ -   Mean top-1 acc: 91.98
11/24/2025 12:30:05 - INFO - __main__ -   Target acc: True
11/24/2025 12:30:05 - INFO - __main__ -   Poison acc: False

11/24/2025 12:30:05 - INFO - __main__ -   ***** Epoch 39 *****
11/24/2025 12:30:20 - INFO - __main__ -   top-1 acc: 92.32
11/24/2025 12:30:20 - INFO - __main__ -   top-5 acc: 99.81
11/24/2025 12:30:20 - INFO - __main__ -   Best top-1 acc: 92.43
11/24/2025 12:30:20 - INFO - __main__ -   Mean top-1 acc: 92.05
11/24/2025 12:30:20 - INFO - __main__ -   Target acc: True
11/24/2025 12:30:20 - INFO - __main__ -   Poison acc: False

