11/24/2025 14:48:06 - WARNING - __main__ -   device: cuda:0, n_gpu: 1
11/24/2025 14:48:06 - INFO - __main__ -   {'ap_model': False, 'arch': 'resnet18', 'backdoor': False, 'batch_size': 128, 'clean': False, 'cluster_thresh': 1.0, 'ctime': 0, 'dataset': 'cifar10', 'device': device(type='cuda', index=0), 'drop_after': 30, 'drop_mile': False, 'epochs': 40, 'equal_num': False, 'gpu_id': 0, 'greedy': 'LazyGreedy', 'lr': 0.1, 'metric': 'euclidean', 'n_gpu': 1, 'nesterov': True, 'no_aug': False, 'no_progress': False, 'num_workers': 4, 'out': 'results/epic_gm_eps8_run17/resnet18-cifar10-645_Project_v3.None-epoch40.15.25.35-coreset-pred-0.1-10-start-after-30', 'patch_size': 5, 'poisons_path': '/home/r0liu015/645project_last/poisoning-benchmark/poison_examples_gm/645_Project_v3/17', 'resume': '', 'scenario': 'scratch', 'seed': None, 'start_epoch': 0, 'steps': [15, 25, 35], 'stop_after': 200, 'subset_freq': 10, 'subset_sampler': 'coreset-pred', 'subset_size': 0.1, 'top_frac': 0.1, 'trigger_path': None, 'wdecay': 0.0005, 'world_size': 1}
11/24/2025 14:48:07 - INFO - __main__ -   500 poisons in this trial.
11/24/2025 14:48:07 - INFO - __main__ -   Total params: 11.17M
11/24/2025 14:48:07 - INFO - __main__ -   Target class 8; Poisoned label: 4
11/24/2025 14:48:07 - INFO - __main__ -   ***** Running training *****
11/24/2025 14:48:07 - INFO - __main__ -     Num Epochs = 40
11/24/2025 14:48:07 - INFO - __main__ -     Batch size per GPU = 128
11/24/2025 14:48:07 - INFO - __main__ -     Total train batch size = 128
11/24/2025 14:48:07 - INFO - __main__ -   ***** Epoch 0 *****
11/24/2025 14:48:24 - INFO - __main__ -   top-1 acc: 44.50
11/24/2025 14:48:24 - INFO - __main__ -   top-5 acc: 92.52
11/24/2025 14:48:24 - INFO - __main__ -   Best top-1 acc: 44.50
11/24/2025 14:48:24 - INFO - __main__ -   Mean top-1 acc: 44.50
11/24/2025 14:48:24 - INFO - __main__ -   Target acc: True
11/24/2025 14:48:24 - INFO - __main__ -   Poison acc: False

11/24/2025 14:48:24 - INFO - __main__ -   ***** Epoch 1 *****
11/24/2025 14:48:40 - INFO - __main__ -   top-1 acc: 54.42
11/24/2025 14:48:40 - INFO - __main__ -   top-5 acc: 93.90
11/24/2025 14:48:40 - INFO - __main__ -   Best top-1 acc: 54.42
11/24/2025 14:48:40 - INFO - __main__ -   Mean top-1 acc: 49.46
11/24/2025 14:48:40 - INFO - __main__ -   Target acc: True
11/24/2025 14:48:40 - INFO - __main__ -   Poison acc: False

11/24/2025 14:48:40 - INFO - __main__ -   ***** Epoch 2 *****
11/24/2025 14:48:56 - INFO - __main__ -   top-1 acc: 60.59
11/24/2025 14:48:56 - INFO - __main__ -   top-5 acc: 96.94
11/24/2025 14:48:56 - INFO - __main__ -   Best top-1 acc: 60.59
11/24/2025 14:48:56 - INFO - __main__ -   Mean top-1 acc: 53.17
11/24/2025 14:48:56 - INFO - __main__ -   Target acc: True
11/24/2025 14:48:56 - INFO - __main__ -   Poison acc: False

11/24/2025 14:48:56 - INFO - __main__ -   ***** Epoch 3 *****
11/24/2025 14:49:12 - INFO - __main__ -   top-1 acc: 68.69
11/24/2025 14:49:12 - INFO - __main__ -   top-5 acc: 97.16
11/24/2025 14:49:12 - INFO - __main__ -   Best top-1 acc: 68.69
11/24/2025 14:49:12 - INFO - __main__ -   Mean top-1 acc: 57.05
11/24/2025 14:49:12 - INFO - __main__ -   Target acc: True
11/24/2025 14:49:12 - INFO - __main__ -   Poison acc: False

11/24/2025 14:49:12 - INFO - __main__ -   ***** Epoch 4 *****
11/24/2025 14:49:28 - INFO - __main__ -   top-1 acc: 63.72
11/24/2025 14:49:28 - INFO - __main__ -   top-5 acc: 97.23
11/24/2025 14:49:28 - INFO - __main__ -   Best top-1 acc: 68.69
11/24/2025 14:49:28 - INFO - __main__ -   Mean top-1 acc: 58.38
11/24/2025 14:49:28 - INFO - __main__ -   Target acc: True
11/24/2025 14:49:28 - INFO - __main__ -   Poison acc: False

11/24/2025 14:49:28 - INFO - __main__ -   ***** Epoch 5 *****
11/24/2025 14:49:45 - INFO - __main__ -   top-1 acc: 71.39
11/24/2025 14:49:45 - INFO - __main__ -   top-5 acc: 97.36
11/24/2025 14:49:45 - INFO - __main__ -   Best top-1 acc: 71.39
11/24/2025 14:49:45 - INFO - __main__ -   Mean top-1 acc: 60.55
11/24/2025 14:49:45 - INFO - __main__ -   Target acc: True
11/24/2025 14:49:45 - INFO - __main__ -   Poison acc: False

11/24/2025 14:49:45 - INFO - __main__ -   ***** Epoch 6 *****
11/24/2025 14:50:01 - INFO - __main__ -   top-1 acc: 73.69
11/24/2025 14:50:01 - INFO - __main__ -   top-5 acc: 98.12
11/24/2025 14:50:01 - INFO - __main__ -   Best top-1 acc: 73.69
11/24/2025 14:50:01 - INFO - __main__ -   Mean top-1 acc: 62.43
11/24/2025 14:50:01 - INFO - __main__ -   Target acc: True
11/24/2025 14:50:01 - INFO - __main__ -   Poison acc: False

11/24/2025 14:50:01 - INFO - __main__ -   ***** Epoch 7 *****
11/24/2025 14:50:17 - INFO - __main__ -   top-1 acc: 80.31
11/24/2025 14:50:17 - INFO - __main__ -   top-5 acc: 99.03
11/24/2025 14:50:17 - INFO - __main__ -   Best top-1 acc: 80.31
11/24/2025 14:50:17 - INFO - __main__ -   Mean top-1 acc: 64.66
11/24/2025 14:50:17 - INFO - __main__ -   Target acc: True
11/24/2025 14:50:17 - INFO - __main__ -   Poison acc: False

11/24/2025 14:50:17 - INFO - __main__ -   ***** Epoch 8 *****
11/24/2025 14:50:33 - INFO - __main__ -   top-1 acc: 80.25
11/24/2025 14:50:33 - INFO - __main__ -   top-5 acc: 98.96
11/24/2025 14:50:33 - INFO - __main__ -   Best top-1 acc: 80.31
11/24/2025 14:50:33 - INFO - __main__ -   Mean top-1 acc: 66.40
11/24/2025 14:50:33 - INFO - __main__ -   Target acc: True
11/24/2025 14:50:33 - INFO - __main__ -   Poison acc: False

11/24/2025 14:50:33 - INFO - __main__ -   ***** Epoch 9 *****
11/24/2025 14:50:49 - INFO - __main__ -   top-1 acc: 74.01
11/24/2025 14:50:49 - INFO - __main__ -   top-5 acc: 97.89
11/24/2025 14:50:49 - INFO - __main__ -   Best top-1 acc: 80.31
11/24/2025 14:50:49 - INFO - __main__ -   Mean top-1 acc: 67.16
11/24/2025 14:50:49 - INFO - __main__ -   Target acc: True
11/24/2025 14:50:49 - INFO - __main__ -   Poison acc: False

11/24/2025 14:50:49 - INFO - __main__ -   ***** Epoch 10 *****
11/24/2025 14:51:05 - INFO - __main__ -   top-1 acc: 77.57
11/24/2025 14:51:05 - INFO - __main__ -   top-5 acc: 98.56
11/24/2025 14:51:05 - INFO - __main__ -   Best top-1 acc: 80.31
11/24/2025 14:51:05 - INFO - __main__ -   Mean top-1 acc: 68.10
11/24/2025 14:51:05 - INFO - __main__ -   Target acc: True
11/24/2025 14:51:05 - INFO - __main__ -   Poison acc: False

11/24/2025 14:51:05 - INFO - __main__ -   ***** Epoch 11 *****
11/24/2025 14:51:21 - INFO - __main__ -   top-1 acc: 79.53
11/24/2025 14:51:21 - INFO - __main__ -   top-5 acc: 99.13
11/24/2025 14:51:22 - INFO - __main__ -   Best top-1 acc: 80.31
11/24/2025 14:51:22 - INFO - __main__ -   Mean top-1 acc: 69.06
11/24/2025 14:51:22 - INFO - __main__ -   Target acc: True
11/24/2025 14:51:22 - INFO - __main__ -   Poison acc: False

11/24/2025 14:51:22 - INFO - __main__ -   ***** Epoch 12 *****
11/24/2025 14:51:38 - INFO - __main__ -   top-1 acc: 79.28
11/24/2025 14:51:38 - INFO - __main__ -   top-5 acc: 98.87
11/24/2025 14:51:38 - INFO - __main__ -   Best top-1 acc: 80.31
11/24/2025 14:51:38 - INFO - __main__ -   Mean top-1 acc: 69.84
11/24/2025 14:51:38 - INFO - __main__ -   Target acc: True
11/24/2025 14:51:38 - INFO - __main__ -   Poison acc: False

11/24/2025 14:51:38 - INFO - __main__ -   ***** Epoch 13 *****
11/24/2025 14:51:54 - INFO - __main__ -   top-1 acc: 80.28
11/24/2025 14:51:54 - INFO - __main__ -   top-5 acc: 99.19
11/24/2025 14:51:54 - INFO - __main__ -   Best top-1 acc: 80.31
11/24/2025 14:51:54 - INFO - __main__ -   Mean top-1 acc: 70.59
11/24/2025 14:51:54 - INFO - __main__ -   Target acc: True
11/24/2025 14:51:54 - INFO - __main__ -   Poison acc: False

11/24/2025 14:51:54 - INFO - __main__ -   ***** Epoch 14 *****
11/24/2025 14:52:10 - INFO - __main__ -   top-1 acc: 83.90
11/24/2025 14:52:10 - INFO - __main__ -   top-5 acc: 99.43
11/24/2025 14:52:11 - INFO - __main__ -   Best top-1 acc: 83.90
11/24/2025 14:52:11 - INFO - __main__ -   Mean top-1 acc: 71.48
11/24/2025 14:52:11 - INFO - __main__ -   Target acc: True
11/24/2025 14:52:11 - INFO - __main__ -   Poison acc: False

11/24/2025 14:52:11 - INFO - __main__ -   ***** Epoch 15 *****
11/24/2025 14:52:27 - INFO - __main__ -   top-1 acc: 90.11
11/24/2025 14:52:27 - INFO - __main__ -   top-5 acc: 99.67
11/24/2025 14:52:27 - INFO - __main__ -   Best top-1 acc: 90.11
11/24/2025 14:52:27 - INFO - __main__ -   Mean top-1 acc: 72.64
11/24/2025 14:52:27 - INFO - __main__ -   Target acc: True
11/24/2025 14:52:27 - INFO - __main__ -   Poison acc: False

11/24/2025 14:52:27 - INFO - __main__ -   ***** Epoch 16 *****
11/24/2025 14:52:43 - INFO - __main__ -   top-1 acc: 90.73
11/24/2025 14:52:43 - INFO - __main__ -   top-5 acc: 99.75
11/24/2025 14:52:43 - INFO - __main__ -   Best top-1 acc: 90.73
11/24/2025 14:52:43 - INFO - __main__ -   Mean top-1 acc: 73.70
11/24/2025 14:52:43 - INFO - __main__ -   Target acc: True
11/24/2025 14:52:43 - INFO - __main__ -   Poison acc: False

11/24/2025 14:52:43 - INFO - __main__ -   ***** Epoch 17 *****
11/24/2025 14:52:59 - INFO - __main__ -   top-1 acc: 90.87
11/24/2025 14:52:59 - INFO - __main__ -   top-5 acc: 99.75
11/24/2025 14:52:59 - INFO - __main__ -   Best top-1 acc: 90.87
11/24/2025 14:52:59 - INFO - __main__ -   Mean top-1 acc: 74.66
11/24/2025 14:52:59 - INFO - __main__ -   Target acc: True
11/24/2025 14:52:59 - INFO - __main__ -   Poison acc: False

11/24/2025 14:52:59 - INFO - __main__ -   ***** Epoch 18 *****
11/24/2025 14:53:16 - INFO - __main__ -   top-1 acc: 91.30
11/24/2025 14:53:16 - INFO - __main__ -   top-5 acc: 99.77
11/24/2025 14:53:16 - INFO - __main__ -   Best top-1 acc: 91.30
11/24/2025 14:53:16 - INFO - __main__ -   Mean top-1 acc: 75.53
11/24/2025 14:53:16 - INFO - __main__ -   Target acc: True
11/24/2025 14:53:16 - INFO - __main__ -   Poison acc: False

11/24/2025 14:53:16 - INFO - __main__ -   ***** Epoch 19 *****
11/24/2025 14:53:32 - INFO - __main__ -   top-1 acc: 91.19
11/24/2025 14:53:32 - INFO - __main__ -   top-5 acc: 99.81
11/24/2025 14:53:32 - INFO - __main__ -   Best top-1 acc: 91.30
11/24/2025 14:53:32 - INFO - __main__ -   Mean top-1 acc: 76.32
11/24/2025 14:53:32 - INFO - __main__ -   Target acc: True
11/24/2025 14:53:32 - INFO - __main__ -   Poison acc: False

11/24/2025 14:53:32 - INFO - __main__ -   ***** Epoch 20 *****
11/24/2025 14:53:48 - INFO - __main__ -   top-1 acc: 91.09
11/24/2025 14:53:48 - INFO - __main__ -   top-5 acc: 99.81
11/24/2025 14:53:48 - INFO - __main__ -   Best top-1 acc: 91.30
11/24/2025 14:53:48 - INFO - __main__ -   Mean top-1 acc: 78.65
11/24/2025 14:53:48 - INFO - __main__ -   Target acc: True
11/24/2025 14:53:48 - INFO - __main__ -   Poison acc: False

11/24/2025 14:53:48 - INFO - __main__ -   ***** Epoch 21 *****
11/24/2025 14:54:05 - INFO - __main__ -   top-1 acc: 91.41
11/24/2025 14:54:05 - INFO - __main__ -   top-5 acc: 99.82
11/24/2025 14:54:05 - INFO - __main__ -   Best top-1 acc: 91.41
11/24/2025 14:54:05 - INFO - __main__ -   Mean top-1 acc: 80.50
11/24/2025 14:54:05 - INFO - __main__ -   Target acc: True
11/24/2025 14:54:05 - INFO - __main__ -   Poison acc: False

11/24/2025 14:54:05 - INFO - __main__ -   ***** Epoch 22 *****
11/24/2025 14:54:21 - INFO - __main__ -   top-1 acc: 91.82
11/24/2025 14:54:21 - INFO - __main__ -   top-5 acc: 99.83
11/24/2025 14:54:21 - INFO - __main__ -   Best top-1 acc: 91.82
11/24/2025 14:54:21 - INFO - __main__ -   Mean top-1 acc: 82.06
11/24/2025 14:54:21 - INFO - __main__ -   Target acc: True
11/24/2025 14:54:21 - INFO - __main__ -   Poison acc: False

11/24/2025 14:54:21 - INFO - __main__ -   ***** Epoch 23 *****
11/24/2025 14:54:37 - INFO - __main__ -   top-1 acc: 91.68
11/24/2025 14:54:37 - INFO - __main__ -   top-5 acc: 99.83
11/24/2025 14:54:37 - INFO - __main__ -   Best top-1 acc: 91.82
11/24/2025 14:54:37 - INFO - __main__ -   Mean top-1 acc: 83.21
11/24/2025 14:54:37 - INFO - __main__ -   Target acc: True
11/24/2025 14:54:37 - INFO - __main__ -   Poison acc: False

11/24/2025 14:54:37 - INFO - __main__ -   ***** Epoch 24 *****
11/24/2025 14:54:53 - INFO - __main__ -   top-1 acc: 91.58
11/24/2025 14:54:53 - INFO - __main__ -   top-5 acc: 99.81
11/24/2025 14:54:53 - INFO - __main__ -   Best top-1 acc: 91.82
11/24/2025 14:54:53 - INFO - __main__ -   Mean top-1 acc: 84.60
11/24/2025 14:54:53 - INFO - __main__ -   Target acc: True
11/24/2025 14:54:53 - INFO - __main__ -   Poison acc: False

11/24/2025 14:54:53 - INFO - __main__ -   ***** Epoch 25 *****
11/24/2025 14:55:10 - INFO - __main__ -   top-1 acc: 92.14
11/24/2025 14:55:10 - INFO - __main__ -   top-5 acc: 99.85
11/24/2025 14:55:10 - INFO - __main__ -   Best top-1 acc: 92.14
11/24/2025 14:55:10 - INFO - __main__ -   Mean top-1 acc: 85.64
11/24/2025 14:55:10 - INFO - __main__ -   Target acc: True
11/24/2025 14:55:10 - INFO - __main__ -   Poison acc: False

11/24/2025 14:55:10 - INFO - __main__ -   ***** Epoch 26 *****
11/24/2025 14:55:26 - INFO - __main__ -   top-1 acc: 92.22
11/24/2025 14:55:26 - INFO - __main__ -   top-5 acc: 99.83
11/24/2025 14:55:26 - INFO - __main__ -   Best top-1 acc: 92.22
11/24/2025 14:55:26 - INFO - __main__ -   Mean top-1 acc: 86.56
11/24/2025 14:55:26 - INFO - __main__ -   Target acc: True
11/24/2025 14:55:26 - INFO - __main__ -   Poison acc: False

11/24/2025 14:55:26 - INFO - __main__ -   ***** Epoch 27 *****
11/24/2025 14:55:42 - INFO - __main__ -   top-1 acc: 92.31
11/24/2025 14:55:42 - INFO - __main__ -   top-5 acc: 99.80
11/24/2025 14:55:42 - INFO - __main__ -   Best top-1 acc: 92.31
11/24/2025 14:55:42 - INFO - __main__ -   Mean top-1 acc: 87.16
11/24/2025 14:55:42 - INFO - __main__ -   Target acc: True
11/24/2025 14:55:42 - INFO - __main__ -   Poison acc: False

11/24/2025 14:55:42 - INFO - __main__ -   ***** Epoch 28 *****
11/24/2025 14:55:59 - INFO - __main__ -   top-1 acc: 92.37
11/24/2025 14:55:59 - INFO - __main__ -   top-5 acc: 99.84
11/24/2025 14:55:59 - INFO - __main__ -   Best top-1 acc: 92.37
11/24/2025 14:55:59 - INFO - __main__ -   Mean top-1 acc: 87.77
11/24/2025 14:55:59 - INFO - __main__ -   Target acc: True
11/24/2025 14:55:59 - INFO - __main__ -   Poison acc: False

11/24/2025 14:55:59 - INFO - __main__ -   ***** Epoch 29 *****
11/24/2025 14:56:15 - INFO - __main__ -   top-1 acc: 92.23
11/24/2025 14:56:15 - INFO - __main__ -   top-5 acc: 99.87
11/24/2025 14:56:15 - INFO - __main__ -   Best top-1 acc: 92.37
11/24/2025 14:56:15 - INFO - __main__ -   Mean top-1 acc: 88.68
11/24/2025 14:56:15 - INFO - __main__ -   Target acc: True
11/24/2025 14:56:15 - INFO - __main__ -   Poison acc: False

11/24/2025 14:56:15 - INFO - __main__ -   ***** Epoch 30 *****
11/24/2025 14:56:15 - INFO - __main__ -   Identifying small clusters at epoch 30...
11/24/2025 14:56:59 - INFO - __main__ -   top-1 acc: 92.50
11/24/2025 14:56:59 - INFO - __main__ -   top-5 acc: 99.80
11/24/2025 14:56:59 - INFO - __main__ -   Best top-1 acc: 92.50
11/24/2025 14:56:59 - INFO - __main__ -   Mean top-1 acc: 89.43
11/24/2025 14:56:59 - INFO - __main__ -   Target acc: True
11/24/2025 14:56:59 - INFO - __main__ -   Poison acc: False

11/24/2025 14:56:59 - INFO - __main__ -   ***** Epoch 31 *****
11/24/2025 14:57:14 - INFO - __main__ -   top-1 acc: 92.37
11/24/2025 14:57:14 - INFO - __main__ -   top-5 acc: 99.84
11/24/2025 14:57:14 - INFO - __main__ -   Best top-1 acc: 92.50
11/24/2025 14:57:14 - INFO - __main__ -   Mean top-1 acc: 90.07
11/24/2025 14:57:14 - INFO - __main__ -   Target acc: True
11/24/2025 14:57:14 - INFO - __main__ -   Poison acc: False

11/24/2025 14:57:14 - INFO - __main__ -   ***** Epoch 32 *****
11/24/2025 14:57:30 - INFO - __main__ -   top-1 acc: 92.46
11/24/2025 14:57:30 - INFO - __main__ -   top-5 acc: 99.83
11/24/2025 14:57:30 - INFO - __main__ -   Best top-1 acc: 92.50
11/24/2025 14:57:30 - INFO - __main__ -   Mean top-1 acc: 90.73
11/24/2025 14:57:30 - INFO - __main__ -   Target acc: True
11/24/2025 14:57:30 - INFO - __main__ -   Poison acc: False

11/24/2025 14:57:30 - INFO - __main__ -   ***** Epoch 33 *****
11/24/2025 14:57:45 - INFO - __main__ -   top-1 acc: 92.47
11/24/2025 14:57:45 - INFO - __main__ -   top-5 acc: 99.85
11/24/2025 14:57:45 - INFO - __main__ -   Best top-1 acc: 92.50
11/24/2025 14:57:45 - INFO - __main__ -   Mean top-1 acc: 91.34
11/24/2025 14:57:45 - INFO - __main__ -   Target acc: True
11/24/2025 14:57:45 - INFO - __main__ -   Poison acc: False

11/24/2025 14:57:45 - INFO - __main__ -   ***** Epoch 34 *****
11/24/2025 14:58:01 - INFO - __main__ -   top-1 acc: 92.47
11/24/2025 14:58:01 - INFO - __main__ -   top-5 acc: 99.78
11/24/2025 14:58:01 - INFO - __main__ -   Best top-1 acc: 92.50
11/24/2025 14:58:01 - INFO - __main__ -   Mean top-1 acc: 91.77
11/24/2025 14:58:01 - INFO - __main__ -   Target acc: True
11/24/2025 14:58:01 - INFO - __main__ -   Poison acc: False

11/24/2025 14:58:01 - INFO - __main__ -   ***** Epoch 35 *****
11/24/2025 14:58:16 - INFO - __main__ -   top-1 acc: 92.46
11/24/2025 14:58:16 - INFO - __main__ -   top-5 acc: 99.78
11/24/2025 14:58:16 - INFO - __main__ -   Best top-1 acc: 92.50
11/24/2025 14:58:16 - INFO - __main__ -   Mean top-1 acc: 91.88
11/24/2025 14:58:16 - INFO - __main__ -   Target acc: True
11/24/2025 14:58:16 - INFO - __main__ -   Poison acc: False

11/24/2025 14:58:16 - INFO - __main__ -   ***** Epoch 36 *****
11/24/2025 14:58:31 - INFO - __main__ -   top-1 acc: 92.44
11/24/2025 14:58:31 - INFO - __main__ -   top-5 acc: 99.80
11/24/2025 14:58:31 - INFO - __main__ -   Best top-1 acc: 92.50
11/24/2025 14:58:31 - INFO - __main__ -   Mean top-1 acc: 91.97
11/24/2025 14:58:31 - INFO - __main__ -   Target acc: True
11/24/2025 14:58:31 - INFO - __main__ -   Poison acc: False

11/24/2025 14:58:31 - INFO - __main__ -   ***** Epoch 37 *****
11/24/2025 14:58:47 - INFO - __main__ -   top-1 acc: 92.51
11/24/2025 14:58:47 - INFO - __main__ -   top-5 acc: 99.84
11/24/2025 14:58:47 - INFO - __main__ -   Best top-1 acc: 92.51
11/24/2025 14:58:47 - INFO - __main__ -   Mean top-1 acc: 92.05
11/24/2025 14:58:47 - INFO - __main__ -   Target acc: True
11/24/2025 14:58:47 - INFO - __main__ -   Poison acc: False

11/24/2025 14:58:47 - INFO - __main__ -   ***** Epoch 38 *****
11/24/2025 14:59:02 - INFO - __main__ -   top-1 acc: 92.40
11/24/2025 14:59:02 - INFO - __main__ -   top-5 acc: 99.81
11/24/2025 14:59:02 - INFO - __main__ -   Best top-1 acc: 92.51
11/24/2025 14:59:02 - INFO - __main__ -   Mean top-1 acc: 92.11
11/24/2025 14:59:02 - INFO - __main__ -   Target acc: True
11/24/2025 14:59:02 - INFO - __main__ -   Poison acc: False

11/24/2025 14:59:02 - INFO - __main__ -   ***** Epoch 39 *****
11/24/2025 14:59:18 - INFO - __main__ -   top-1 acc: 92.43
11/24/2025 14:59:18 - INFO - __main__ -   top-5 acc: 99.83
11/24/2025 14:59:18 - INFO - __main__ -   Best top-1 acc: 92.51
11/24/2025 14:59:18 - INFO - __main__ -   Mean top-1 acc: 92.17
11/24/2025 14:59:18 - INFO - __main__ -   Target acc: True
11/24/2025 14:59:18 - INFO - __main__ -   Poison acc: False

