11/22/2025 01:41:10 - WARNING - __main__ -   device: cuda:0, n_gpu: 1
11/22/2025 01:41:10 - INFO - __main__ -   {'gpu_id': 0, 'num_workers': 4, 'dataset': 'cifar10', 'arch': 'resnet18', 'epochs': 40, 'batch_size': 128, 'lr': 0.1, 'wdecay': 0.0005, 'nesterov': True, 'out': 'results/fc/0/resnet18-cifar10-fc_poisons.None-epoch40.15.25.35-transfer-full', 'resume': 'clean_models/resnet18-cifar10-200epochs.pth.tar', 'seed': None, 'no_progress': False, 'no_aug': False, 'ap_model': False, 'clean': False, 'poisons_path': '../poisoning-benchmark-master/poison_examples_transfer/fc_poisons/0', 'patch_size': 5, 'trigger_path': None, 'backdoor': False, 'greedy': 'LazyGreedy', 'metric': 'euclidean', 'subset_size': 1.0, 'subset_sampler': 'coreset-pred', 'subset_freq': 10, 'equal_num': False, 'scenario': 'transfer', 'top_frac': 0.1, 'cluster_thresh': 1.0, 'start_epoch': 0, 'drop_after': 1, 'stop_after': 10, 'drop_mile': False, 'world_size': 1, 'n_gpu': 1, 'device': device(type='cuda', index=0), 'steps': [15, 25, 35]}
11/22/2025 01:41:11 - INFO - __main__ -   25 poisons in this trial.
11/22/2025 01:41:11 - INFO - __main__ -   Total params: 11.17M
11/22/2025 01:41:11 - INFO - __main__ -   Target class 4; Poisoned label: 7
11/22/2025 01:41:11 - INFO - __main__ -   ==> Resuming from checkpoint..
11/22/2025 01:54:34 - WARNING - __main__ -   device: cuda:0, n_gpu: 1
11/22/2025 01:54:34 - INFO - __main__ -   {'gpu_id': 0, 'num_workers': 4, 'dataset': 'cifar10', 'arch': 'resnet18', 'epochs': 40, 'batch_size': 128, 'lr': 0.1, 'wdecay': 0.0005, 'nesterov': True, 'out': 'results/fc/0/resnet18-cifar10-fc_poisons.None-epoch40.15.25.35-transfer-full', 'resume': '../poisoning-benchmark-master/pretrained_models/ResNet18_CIFAR100.pth', 'seed': None, 'no_progress': False, 'no_aug': False, 'ap_model': False, 'clean': False, 'poisons_path': '../poisoning-benchmark-master/poison_examples_transfer/fc_poisons/0', 'patch_size': 5, 'trigger_path': None, 'backdoor': False, 'greedy': 'LazyGreedy', 'metric': 'euclidean', 'subset_size': 1.0, 'subset_sampler': 'coreset-pred', 'subset_freq': 10, 'equal_num': False, 'scenario': 'transfer', 'top_frac': 0.1, 'cluster_thresh': 1.0, 'start_epoch': 0, 'drop_after': 1, 'stop_after': 10, 'drop_mile': False, 'world_size': 1, 'n_gpu': 1, 'device': device(type='cuda', index=0), 'steps': [15, 25, 35]}
11/22/2025 01:54:35 - INFO - __main__ -   25 poisons in this trial.
11/22/2025 01:54:35 - INFO - __main__ -   Total params: 11.17M
11/22/2025 01:54:35 - INFO - __main__ -   Target class 4; Poisoned label: 7
11/22/2025 01:54:35 - INFO - __main__ -   ==> Resuming from checkpoint..
11/23/2025 15:18:24 - WARNING - __main__ -   device: cuda:0, n_gpu: 0
11/23/2025 15:18:24 - INFO - __main__ -   {'gpu_id': 0, 'num_workers': 4, 'dataset': 'cifar10', 'arch': 'resnet18', 'epochs': 40, 'batch_size': 128, 'lr': 0.1, 'wdecay': 0.0005, 'nesterov': True, 'out': 'results/fc/0/resnet18-cifar10-fc_poisons.None-epoch40.15.25.35-transfer-full', 'resume': 'clean_models/resnet18-cifar10-200epochs.pth.tar', 'seed': None, 'no_progress': False, 'no_aug': False, 'ap_model': False, 'clean': False, 'poisons_path': '../poisoning-benchmark-master/poison_examples_transfer/fc_poisons/0', 'patch_size': 5, 'trigger_path': None, 'backdoor': False, 'greedy': 'LazyGreedy', 'metric': 'euclidean', 'subset_size': 1.0, 'subset_sampler': 'coreset-pred', 'subset_freq': 10, 'equal_num': False, 'scenario': 'transfer', 'top_frac': 0.1, 'cluster_thresh': 1.0, 'start_epoch': 0, 'drop_after': 1, 'stop_after': 10, 'drop_mile': False, 'world_size': 1, 'n_gpu': 0, 'device': device(type='cuda', index=0), 'steps': [15, 25, 35]}
11/23/2025 15:18:26 - INFO - __main__ -   25 poisons in this trial.
11/23/2025 15:18:26 - INFO - __main__ -   Total params: 11.17M
11/23/2025 15:18:58 - WARNING - __main__ -   device: cuda:0, n_gpu: 1
11/23/2025 15:18:58 - INFO - __main__ -   {'gpu_id': 0, 'num_workers': 4, 'dataset': 'cifar10', 'arch': 'resnet18', 'epochs': 40, 'batch_size': 128, 'lr': 0.1, 'wdecay': 0.0005, 'nesterov': True, 'out': 'results/fc/0/resnet18-cifar10-fc_poisons.None-epoch40.15.25.35-transfer-full', 'resume': 'clean_models/resnet18-cifar10-200epochs.pth.tar', 'seed': None, 'no_progress': False, 'no_aug': False, 'ap_model': False, 'clean': False, 'poisons_path': '../poisoning-benchmark-master/poison_examples_transfer/fc_poisons/0', 'patch_size': 5, 'trigger_path': None, 'backdoor': False, 'greedy': 'LazyGreedy', 'metric': 'euclidean', 'subset_size': 1.0, 'subset_sampler': 'coreset-pred', 'subset_freq': 10, 'equal_num': False, 'scenario': 'transfer', 'top_frac': 0.1, 'cluster_thresh': 1.0, 'start_epoch': 0, 'drop_after': 1, 'stop_after': 10, 'drop_mile': False, 'world_size': 1, 'n_gpu': 1, 'device': device(type='cuda', index=0), 'steps': [15, 25, 35]}
11/23/2025 15:18:59 - INFO - __main__ -   25 poisons in this trial.
11/23/2025 15:18:59 - INFO - __main__ -   Total params: 11.17M
11/23/2025 15:19:00 - INFO - __main__ -   Target class 4; Poisoned label: 7
11/23/2025 15:19:00 - INFO - __main__ -   ==> Resuming from checkpoint..
11/23/2025 15:23:39 - WARNING - __main__ -   device: cuda:0, n_gpu: 1
11/23/2025 15:23:39 - INFO - __main__ -   {'gpu_id': 0, 'num_workers': 4, 'dataset': 'cifar10', 'arch': 'resnet18', 'epochs': 40, 'batch_size': 128, 'lr': 0.1, 'wdecay': 0.0005, 'nesterov': True, 'out': 'results/fc/0/resnet18-cifar10-fc_poisons.None-epoch40.15.25.35-transfer-full', 'resume': '../poisoning-benchmark-master/pretrained_models/ResNet18_CIFAR100.pth', 'seed': None, 'no_progress': False, 'no_aug': False, 'ap_model': False, 'clean': False, 'poisons_path': '../poisoning-benchmark-master/poison_examples_transfer/fc_poisons/0', 'patch_size': 5, 'trigger_path': None, 'backdoor': False, 'greedy': 'LazyGreedy', 'metric': 'euclidean', 'subset_size': 1.0, 'subset_sampler': 'coreset-pred', 'subset_freq': 10, 'equal_num': False, 'scenario': 'transfer', 'top_frac': 0.1, 'cluster_thresh': 1.0, 'start_epoch': 0, 'drop_after': 1, 'stop_after': 10, 'drop_mile': False, 'world_size': 1, 'n_gpu': 1, 'device': device(type='cuda', index=0), 'steps': [15, 25, 35]}
11/23/2025 15:23:39 - INFO - __main__ -   25 poisons in this trial.
11/23/2025 15:23:39 - INFO - __main__ -   Total params: 11.17M
11/23/2025 15:23:40 - INFO - __main__ -   Target class 4; Poisoned label: 7
11/23/2025 15:23:40 - INFO - __main__ -   ==> Resuming from checkpoint..
11/23/2025 15:35:02 - WARNING - __main__ -   device: cuda:0, n_gpu: 1
11/23/2025 15:35:02 - INFO - __main__ -   {'gpu_id': 0, 'num_workers': 4, 'dataset': 'cifar10', 'arch': 'resnet18', 'epochs': 40, 'batch_size': 128, 'lr': 0.1, 'wdecay': 0.0005, 'nesterov': True, 'out': 'results/fc/0/resnet18-cifar10-fc_poisons.None-epoch40.15.25.35-transfer-full', 'resume': '../poisoning-benchmark-master/pretrained_models/ResNet18_CIFAR100.pth', 'seed': None, 'no_progress': False, 'no_aug': False, 'ap_model': False, 'clean': False, 'poisons_path': '../poisoning-benchmark-master/poison_examples_transfer/fc_poisons/0', 'patch_size': 5, 'trigger_path': None, 'backdoor': False, 'greedy': 'LazyGreedy', 'metric': 'euclidean', 'subset_size': 1.0, 'subset_sampler': 'coreset-pred', 'subset_freq': 10, 'equal_num': False, 'scenario': 'transfer', 'top_frac': 0.1, 'cluster_thresh': 1.0, 'start_epoch': 0, 'drop_after': 1, 'stop_after': 10, 'drop_mile': False, 'world_size': 1, 'n_gpu': 1, 'device': device(type='cuda', index=0), 'steps': [15, 25, 35]}
11/23/2025 15:35:03 - INFO - __main__ -   25 poisons in this trial.
11/23/2025 15:35:03 - INFO - __main__ -   Total params: 11.17M
11/23/2025 15:35:03 - INFO - __main__ -   Target class 4; Poisoned label: 7
11/23/2025 15:35:03 - INFO - __main__ -   ==> Resuming from checkpoint..
11/24/2025 15:26:01 - WARNING - __main__ -   device: cuda:0, n_gpu: 1
11/24/2025 15:26:01 - INFO - __main__ -   {'gpu_id': 0, 'num_workers': 4, 'dataset': 'cifar10', 'arch': 'resnet18', 'epochs': 40, 'batch_size': 128, 'lr': 0.1, 'wdecay': 0.0005, 'nesterov': True, 'out': 'results/fc/0/resnet18-cifar10-fc_poisons.None-epoch40.15.25.35-transfer-full', 'resume': 'clean_models/resnet18-cifar10-200epochs.pth.tar', 'seed': None, 'no_progress': False, 'no_aug': False, 'ap_model': False, 'clean': False, 'poisons_path': '../poisoning-benchmark-master/poison_examples_transfer/fc_poisons/0', 'patch_size': 5, 'trigger_path': None, 'backdoor': False, 'greedy': 'LazyGreedy', 'metric': 'euclidean', 'subset_size': 1.0, 'subset_sampler': 'coreset-pred', 'subset_freq': 10, 'equal_num': False, 'scenario': 'transfer', 'top_frac': 0.1, 'cluster_thresh': 1.0, 'start_epoch': 0, 'drop_after': 1, 'stop_after': 10, 'drop_mile': False, 'world_size': 1, 'n_gpu': 1, 'device': device(type='cuda', index=0), 'steps': [15, 25, 35]}
11/24/2025 15:26:02 - INFO - __main__ -   25 poisons in this trial.
11/24/2025 15:26:02 - INFO - __main__ -   Total params: 11.17M
11/24/2025 15:26:02 - INFO - __main__ -   Target class 4; Poisoned label: 7
11/24/2025 15:26:02 - INFO - __main__ -   ==> Resuming from checkpoint..
11/24/2025 15:26:03 - INFO - __main__ -   ==> Freezing the feature representation..
11/24/2025 15:26:03 - INFO - __main__ -   ==> Reinitializing the classifier..
11/24/2025 15:26:03 - INFO - __main__ -   ***** Running training *****
11/24/2025 15:26:03 - INFO - __main__ -     Num Epochs = 40
11/24/2025 15:26:03 - INFO - __main__ -     Batch size per GPU = 128
11/24/2025 15:26:03 - INFO - __main__ -     Total train batch size = 128
11/24/2025 15:26:03 - INFO - __main__ -   ***** Epoch 0 *****
11/24/2025 15:26:15 - INFO - __main__ -   top-1 acc: 94.64
11/24/2025 15:26:15 - INFO - __main__ -   top-5 acc: 99.85
11/24/2025 15:26:15 - INFO - __main__ -   Best top-1 acc: 94.64
11/24/2025 15:26:15 - INFO - __main__ -   Mean top-1 acc: 94.64
11/24/2025 15:26:15 - INFO - __main__ -   Target acc: True
11/24/2025 15:26:15 - INFO - __main__ -   Poison acc: False

11/24/2025 15:26:15 - INFO - __main__ -   ***** Epoch 1 *****
11/24/2025 15:26:27 - INFO - __main__ -   top-1 acc: 94.64
11/24/2025 15:26:27 - INFO - __main__ -   top-5 acc: 99.79
11/24/2025 15:26:27 - INFO - __main__ -   Best top-1 acc: 94.64
11/24/2025 15:26:27 - INFO - __main__ -   Mean top-1 acc: 94.64
11/24/2025 15:26:27 - INFO - __main__ -   Target acc: True
11/24/2025 15:26:27 - INFO - __main__ -   Poison acc: False

11/24/2025 15:26:27 - INFO - __main__ -   ***** Epoch 2 *****
11/24/2025 15:26:39 - INFO - __main__ -   top-1 acc: 94.78
11/24/2025 15:26:39 - INFO - __main__ -   top-5 acc: 99.79
11/24/2025 15:26:39 - INFO - __main__ -   Best top-1 acc: 94.78
11/24/2025 15:26:39 - INFO - __main__ -   Mean top-1 acc: 94.69
11/24/2025 15:26:39 - INFO - __main__ -   Target acc: True
11/24/2025 15:26:39 - INFO - __main__ -   Poison acc: False

11/24/2025 15:26:39 - INFO - __main__ -   ***** Epoch 3 *****
11/24/2025 15:26:50 - INFO - __main__ -   top-1 acc: 94.64
11/24/2025 15:26:50 - INFO - __main__ -   top-5 acc: 99.78
11/24/2025 15:26:50 - INFO - __main__ -   Best top-1 acc: 94.78
11/24/2025 15:26:50 - INFO - __main__ -   Mean top-1 acc: 94.67
11/24/2025 15:26:50 - INFO - __main__ -   Target acc: True
11/24/2025 15:26:50 - INFO - __main__ -   Poison acc: False

11/24/2025 15:26:50 - INFO - __main__ -   ***** Epoch 4 *****
11/24/2025 15:27:02 - INFO - __main__ -   top-1 acc: 94.72
11/24/2025 15:27:02 - INFO - __main__ -   top-5 acc: 99.77
11/24/2025 15:27:02 - INFO - __main__ -   Best top-1 acc: 94.78
11/24/2025 15:27:02 - INFO - __main__ -   Mean top-1 acc: 94.68
11/24/2025 15:27:02 - INFO - __main__ -   Target acc: True
11/24/2025 15:27:02 - INFO - __main__ -   Poison acc: False

11/24/2025 15:27:02 - INFO - __main__ -   ***** Epoch 5 *****
11/24/2025 15:27:14 - INFO - __main__ -   top-1 acc: 94.67
11/24/2025 15:27:14 - INFO - __main__ -   top-5 acc: 99.76
11/24/2025 15:27:14 - INFO - __main__ -   Best top-1 acc: 94.78
11/24/2025 15:27:14 - INFO - __main__ -   Mean top-1 acc: 94.68
11/24/2025 15:27:14 - INFO - __main__ -   Target acc: True
11/24/2025 15:27:14 - INFO - __main__ -   Poison acc: False

11/24/2025 15:27:14 - INFO - __main__ -   ***** Epoch 6 *****
11/24/2025 15:27:26 - INFO - __main__ -   top-1 acc: 94.69
11/24/2025 15:27:26 - INFO - __main__ -   top-5 acc: 99.75
11/24/2025 15:27:26 - INFO - __main__ -   Best top-1 acc: 94.78
11/24/2025 15:27:26 - INFO - __main__ -   Mean top-1 acc: 94.68
11/24/2025 15:27:26 - INFO - __main__ -   Target acc: True
11/24/2025 15:27:26 - INFO - __main__ -   Poison acc: False

11/24/2025 15:27:26 - INFO - __main__ -   ***** Epoch 7 *****
11/24/2025 15:27:38 - INFO - __main__ -   top-1 acc: 94.73
11/24/2025 15:27:38 - INFO - __main__ -   top-5 acc: 99.78
11/24/2025 15:27:38 - INFO - __main__ -   Best top-1 acc: 94.78
11/24/2025 15:27:38 - INFO - __main__ -   Mean top-1 acc: 94.69
11/24/2025 15:27:38 - INFO - __main__ -   Target acc: True
11/24/2025 15:27:38 - INFO - __main__ -   Poison acc: False

11/24/2025 15:27:38 - INFO - __main__ -   ***** Epoch 8 *****
11/24/2025 15:27:49 - INFO - __main__ -   top-1 acc: 94.74
11/24/2025 15:27:49 - INFO - __main__ -   top-5 acc: 99.76
11/24/2025 15:27:49 - INFO - __main__ -   Best top-1 acc: 94.78
11/24/2025 15:27:49 - INFO - __main__ -   Mean top-1 acc: 94.69
11/24/2025 15:27:49 - INFO - __main__ -   Target acc: True
11/24/2025 15:27:49 - INFO - __main__ -   Poison acc: False

11/24/2025 15:27:49 - INFO - __main__ -   ***** Epoch 9 *****
11/24/2025 15:28:01 - INFO - __main__ -   top-1 acc: 94.71
11/24/2025 15:28:01 - INFO - __main__ -   top-5 acc: 99.78
11/24/2025 15:28:01 - INFO - __main__ -   Best top-1 acc: 94.78
11/24/2025 15:28:01 - INFO - __main__ -   Mean top-1 acc: 94.70
11/24/2025 15:28:01 - INFO - __main__ -   Target acc: True
11/24/2025 15:28:01 - INFO - __main__ -   Poison acc: False

11/24/2025 15:28:01 - INFO - __main__ -   ***** Epoch 10 *****
11/24/2025 15:28:13 - INFO - __main__ -   top-1 acc: 94.58
11/24/2025 15:28:13 - INFO - __main__ -   top-5 acc: 99.79
11/24/2025 15:28:13 - INFO - __main__ -   Best top-1 acc: 94.78
11/24/2025 15:28:13 - INFO - __main__ -   Mean top-1 acc: 94.69
11/24/2025 15:28:13 - INFO - __main__ -   Target acc: True
11/24/2025 15:28:13 - INFO - __main__ -   Poison acc: False

11/24/2025 15:28:13 - INFO - __main__ -   ***** Epoch 11 *****
11/24/2025 15:28:25 - INFO - __main__ -   top-1 acc: 94.77
11/24/2025 15:28:25 - INFO - __main__ -   top-5 acc: 99.76
11/24/2025 15:28:25 - INFO - __main__ -   Best top-1 acc: 94.78
11/24/2025 15:28:25 - INFO - __main__ -   Mean top-1 acc: 94.69
11/24/2025 15:28:25 - INFO - __main__ -   Target acc: True
11/24/2025 15:28:25 - INFO - __main__ -   Poison acc: False

11/24/2025 15:28:25 - INFO - __main__ -   ***** Epoch 12 *****
11/24/2025 15:28:37 - INFO - __main__ -   top-1 acc: 94.75
11/24/2025 15:28:37 - INFO - __main__ -   top-5 acc: 99.75
11/24/2025 15:28:37 - INFO - __main__ -   Best top-1 acc: 94.78
11/24/2025 15:28:37 - INFO - __main__ -   Mean top-1 acc: 94.70
11/24/2025 15:28:37 - INFO - __main__ -   Target acc: True
11/24/2025 15:28:37 - INFO - __main__ -   Poison acc: False

11/24/2025 15:28:37 - INFO - __main__ -   ***** Epoch 13 *****
11/24/2025 15:28:48 - INFO - __main__ -   top-1 acc: 94.71
11/24/2025 15:28:48 - INFO - __main__ -   top-5 acc: 99.77
11/24/2025 15:28:49 - INFO - __main__ -   Best top-1 acc: 94.78
11/24/2025 15:28:49 - INFO - __main__ -   Mean top-1 acc: 94.70
11/24/2025 15:28:49 - INFO - __main__ -   Target acc: True
11/24/2025 15:28:49 - INFO - __main__ -   Poison acc: False

11/24/2025 15:28:49 - INFO - __main__ -   ***** Epoch 14 *****
11/24/2025 15:29:00 - INFO - __main__ -   top-1 acc: 94.83
11/24/2025 15:29:00 - INFO - __main__ -   top-5 acc: 99.80
11/24/2025 15:29:00 - INFO - __main__ -   Best top-1 acc: 94.83
11/24/2025 15:29:00 - INFO - __main__ -   Mean top-1 acc: 94.71
11/24/2025 15:29:00 - INFO - __main__ -   Target acc: True
11/24/2025 15:29:00 - INFO - __main__ -   Poison acc: False

11/24/2025 15:29:00 - INFO - __main__ -   ***** Epoch 15 *****
11/24/2025 15:29:12 - INFO - __main__ -   top-1 acc: 94.77
11/24/2025 15:29:12 - INFO - __main__ -   top-5 acc: 99.78
11/24/2025 15:29:12 - INFO - __main__ -   Best top-1 acc: 94.83
11/24/2025 15:29:12 - INFO - __main__ -   Mean top-1 acc: 94.71
11/24/2025 15:29:12 - INFO - __main__ -   Target acc: True
11/24/2025 15:29:12 - INFO - __main__ -   Poison acc: False

11/24/2025 15:29:12 - INFO - __main__ -   ***** Epoch 16 *****
11/24/2025 15:29:24 - INFO - __main__ -   top-1 acc: 94.70
11/24/2025 15:29:24 - INFO - __main__ -   top-5 acc: 99.77
11/24/2025 15:29:24 - INFO - __main__ -   Best top-1 acc: 94.83
11/24/2025 15:29:24 - INFO - __main__ -   Mean top-1 acc: 94.71
11/24/2025 15:29:24 - INFO - __main__ -   Target acc: True
11/24/2025 15:29:24 - INFO - __main__ -   Poison acc: False

11/24/2025 15:29:24 - INFO - __main__ -   ***** Epoch 17 *****
11/24/2025 15:29:36 - INFO - __main__ -   top-1 acc: 94.69
11/24/2025 15:29:36 - INFO - __main__ -   top-5 acc: 99.77
11/24/2025 15:29:36 - INFO - __main__ -   Best top-1 acc: 94.83
11/24/2025 15:29:36 - INFO - __main__ -   Mean top-1 acc: 94.71
11/24/2025 15:29:36 - INFO - __main__ -   Target acc: True
11/24/2025 15:29:36 - INFO - __main__ -   Poison acc: False

11/24/2025 15:29:36 - INFO - __main__ -   ***** Epoch 18 *****
11/24/2025 15:29:48 - INFO - __main__ -   top-1 acc: 94.71
11/24/2025 15:29:48 - INFO - __main__ -   top-5 acc: 99.79
11/24/2025 15:29:48 - INFO - __main__ -   Best top-1 acc: 94.83
11/24/2025 15:29:48 - INFO - __main__ -   Mean top-1 acc: 94.71
11/24/2025 15:29:48 - INFO - __main__ -   Target acc: True
11/24/2025 15:29:48 - INFO - __main__ -   Poison acc: False

11/24/2025 15:29:48 - INFO - __main__ -   ***** Epoch 19 *****
11/24/2025 15:29:59 - INFO - __main__ -   top-1 acc: 94.74
11/24/2025 15:29:59 - INFO - __main__ -   top-5 acc: 99.77
11/24/2025 15:29:59 - INFO - __main__ -   Best top-1 acc: 94.83
11/24/2025 15:29:59 - INFO - __main__ -   Mean top-1 acc: 94.71
11/24/2025 15:29:59 - INFO - __main__ -   Target acc: True
11/24/2025 15:29:59 - INFO - __main__ -   Poison acc: False

11/24/2025 15:29:59 - INFO - __main__ -   ***** Epoch 20 *****
11/24/2025 15:30:11 - INFO - __main__ -   top-1 acc: 94.78
11/24/2025 15:30:11 - INFO - __main__ -   top-5 acc: 99.78
11/24/2025 15:30:11 - INFO - __main__ -   Best top-1 acc: 94.83
11/24/2025 15:30:11 - INFO - __main__ -   Mean top-1 acc: 94.72
11/24/2025 15:30:11 - INFO - __main__ -   Target acc: True
11/24/2025 15:30:11 - INFO - __main__ -   Poison acc: False

11/24/2025 15:30:11 - INFO - __main__ -   ***** Epoch 21 *****
11/24/2025 15:30:23 - INFO - __main__ -   top-1 acc: 94.78
11/24/2025 15:30:23 - INFO - __main__ -   top-5 acc: 99.77
11/24/2025 15:30:23 - INFO - __main__ -   Best top-1 acc: 94.83
11/24/2025 15:30:23 - INFO - __main__ -   Mean top-1 acc: 94.72
11/24/2025 15:30:23 - INFO - __main__ -   Target acc: True
11/24/2025 15:30:23 - INFO - __main__ -   Poison acc: False

11/24/2025 15:30:23 - INFO - __main__ -   ***** Epoch 22 *****
11/24/2025 15:30:35 - INFO - __main__ -   top-1 acc: 94.67
11/24/2025 15:30:35 - INFO - __main__ -   top-5 acc: 99.77
11/24/2025 15:30:35 - INFO - __main__ -   Best top-1 acc: 94.83
11/24/2025 15:30:35 - INFO - __main__ -   Mean top-1 acc: 94.72
11/24/2025 15:30:35 - INFO - __main__ -   Target acc: True
11/24/2025 15:30:35 - INFO - __main__ -   Poison acc: False

11/24/2025 15:30:35 - INFO - __main__ -   ***** Epoch 23 *****
11/24/2025 15:30:47 - INFO - __main__ -   top-1 acc: 94.72
11/24/2025 15:30:47 - INFO - __main__ -   top-5 acc: 99.79
11/24/2025 15:30:47 - INFO - __main__ -   Best top-1 acc: 94.83
11/24/2025 15:30:47 - INFO - __main__ -   Mean top-1 acc: 94.72
11/24/2025 15:30:47 - INFO - __main__ -   Target acc: True
11/24/2025 15:30:47 - INFO - __main__ -   Poison acc: False

11/24/2025 15:30:47 - INFO - __main__ -   ***** Epoch 24 *****
11/24/2025 15:30:58 - INFO - __main__ -   top-1 acc: 94.80
11/24/2025 15:30:58 - INFO - __main__ -   top-5 acc: 99.76
11/24/2025 15:30:58 - INFO - __main__ -   Best top-1 acc: 94.83
11/24/2025 15:30:58 - INFO - __main__ -   Mean top-1 acc: 94.73
11/24/2025 15:30:58 - INFO - __main__ -   Target acc: True
11/24/2025 15:30:58 - INFO - __main__ -   Poison acc: False

11/24/2025 15:30:58 - INFO - __main__ -   ***** Epoch 25 *****
11/24/2025 15:31:10 - INFO - __main__ -   top-1 acc: 94.71
11/24/2025 15:31:10 - INFO - __main__ -   top-5 acc: 99.79
11/24/2025 15:31:10 - INFO - __main__ -   Best top-1 acc: 94.83
11/24/2025 15:31:10 - INFO - __main__ -   Mean top-1 acc: 94.73
11/24/2025 15:31:10 - INFO - __main__ -   Target acc: True
11/24/2025 15:31:10 - INFO - __main__ -   Poison acc: False

11/24/2025 15:31:10 - INFO - __main__ -   ***** Epoch 26 *****
11/24/2025 15:31:22 - INFO - __main__ -   top-1 acc: 94.76
11/24/2025 15:31:22 - INFO - __main__ -   top-5 acc: 99.79
11/24/2025 15:31:22 - INFO - __main__ -   Best top-1 acc: 94.83
11/24/2025 15:31:22 - INFO - __main__ -   Mean top-1 acc: 94.73
11/24/2025 15:31:22 - INFO - __main__ -   Target acc: True
11/24/2025 15:31:22 - INFO - __main__ -   Poison acc: False

11/24/2025 15:31:22 - INFO - __main__ -   ***** Epoch 27 *****
11/24/2025 15:31:34 - INFO - __main__ -   top-1 acc: 94.60
11/24/2025 15:31:34 - INFO - __main__ -   top-5 acc: 99.77
11/24/2025 15:31:34 - INFO - __main__ -   Best top-1 acc: 94.83
11/24/2025 15:31:34 - INFO - __main__ -   Mean top-1 acc: 94.73
11/24/2025 15:31:34 - INFO - __main__ -   Target acc: True
11/24/2025 15:31:34 - INFO - __main__ -   Poison acc: False

11/24/2025 15:31:34 - INFO - __main__ -   ***** Epoch 28 *****
11/24/2025 15:31:46 - INFO - __main__ -   top-1 acc: 94.83
11/24/2025 15:31:46 - INFO - __main__ -   top-5 acc: 99.75
11/24/2025 15:31:46 - INFO - __main__ -   Best top-1 acc: 94.83
11/24/2025 15:31:46 - INFO - __main__ -   Mean top-1 acc: 94.73
11/24/2025 15:31:46 - INFO - __main__ -   Target acc: True
11/24/2025 15:31:46 - INFO - __main__ -   Poison acc: False

11/24/2025 15:31:46 - INFO - __main__ -   ***** Epoch 29 *****
11/24/2025 15:31:58 - INFO - __main__ -   top-1 acc: 94.79
11/24/2025 15:31:58 - INFO - __main__ -   top-5 acc: 99.77
11/24/2025 15:31:58 - INFO - __main__ -   Best top-1 acc: 94.83
11/24/2025 15:31:58 - INFO - __main__ -   Mean top-1 acc: 94.73
11/24/2025 15:31:58 - INFO - __main__ -   Target acc: True
11/24/2025 15:31:58 - INFO - __main__ -   Poison acc: False

11/24/2025 15:31:58 - INFO - __main__ -   ***** Epoch 30 *****
11/24/2025 15:32:09 - INFO - __main__ -   top-1 acc: 94.75
11/24/2025 15:32:09 - INFO - __main__ -   top-5 acc: 99.75
11/24/2025 15:32:09 - INFO - __main__ -   Best top-1 acc: 94.83
11/24/2025 15:32:09 - INFO - __main__ -   Mean top-1 acc: 94.74
11/24/2025 15:32:09 - INFO - __main__ -   Target acc: True
11/24/2025 15:32:09 - INFO - __main__ -   Poison acc: False

11/24/2025 15:32:09 - INFO - __main__ -   ***** Epoch 31 *****
11/24/2025 15:32:21 - INFO - __main__ -   top-1 acc: 94.68
11/24/2025 15:32:21 - INFO - __main__ -   top-5 acc: 99.79
11/24/2025 15:32:21 - INFO - __main__ -   Best top-1 acc: 94.83
11/24/2025 15:32:21 - INFO - __main__ -   Mean top-1 acc: 94.74
11/24/2025 15:32:21 - INFO - __main__ -   Target acc: True
11/24/2025 15:32:21 - INFO - __main__ -   Poison acc: False

11/24/2025 15:32:21 - INFO - __main__ -   ***** Epoch 32 *****
11/24/2025 15:32:33 - INFO - __main__ -   top-1 acc: 94.76
11/24/2025 15:32:33 - INFO - __main__ -   top-5 acc: 99.76
11/24/2025 15:32:33 - INFO - __main__ -   Best top-1 acc: 94.83
11/24/2025 15:32:33 - INFO - __main__ -   Mean top-1 acc: 94.74
11/24/2025 15:32:33 - INFO - __main__ -   Target acc: True
11/24/2025 15:32:33 - INFO - __main__ -   Poison acc: False

11/24/2025 15:32:33 - INFO - __main__ -   ***** Epoch 33 *****
11/24/2025 15:32:45 - INFO - __main__ -   top-1 acc: 94.82
11/24/2025 15:32:45 - INFO - __main__ -   top-5 acc: 99.79
11/24/2025 15:32:45 - INFO - __main__ -   Best top-1 acc: 94.83
11/24/2025 15:32:45 - INFO - __main__ -   Mean top-1 acc: 94.74
11/24/2025 15:32:45 - INFO - __main__ -   Target acc: True
11/24/2025 15:32:45 - INFO - __main__ -   Poison acc: False

11/24/2025 15:32:45 - INFO - __main__ -   ***** Epoch 34 *****
11/24/2025 15:32:57 - INFO - __main__ -   top-1 acc: 94.72
11/24/2025 15:32:57 - INFO - __main__ -   top-5 acc: 99.78
11/24/2025 15:32:57 - INFO - __main__ -   Best top-1 acc: 94.83
11/24/2025 15:32:57 - INFO - __main__ -   Mean top-1 acc: 94.74
11/24/2025 15:32:57 - INFO - __main__ -   Target acc: True
11/24/2025 15:32:57 - INFO - __main__ -   Poison acc: False

11/24/2025 15:32:57 - INFO - __main__ -   ***** Epoch 35 *****
11/24/2025 15:33:08 - INFO - __main__ -   top-1 acc: 94.70
11/24/2025 15:33:08 - INFO - __main__ -   top-5 acc: 99.76
11/24/2025 15:33:08 - INFO - __main__ -   Best top-1 acc: 94.83
11/24/2025 15:33:08 - INFO - __main__ -   Mean top-1 acc: 94.74
11/24/2025 15:33:08 - INFO - __main__ -   Target acc: True
11/24/2025 15:33:08 - INFO - __main__ -   Poison acc: False

11/24/2025 15:33:08 - INFO - __main__ -   ***** Epoch 36 *****
11/24/2025 15:33:20 - INFO - __main__ -   top-1 acc: 94.63
11/24/2025 15:33:20 - INFO - __main__ -   top-5 acc: 99.78
11/24/2025 15:33:20 - INFO - __main__ -   Best top-1 acc: 94.83
11/24/2025 15:33:20 - INFO - __main__ -   Mean top-1 acc: 94.73
11/24/2025 15:33:20 - INFO - __main__ -   Target acc: True
11/24/2025 15:33:20 - INFO - __main__ -   Poison acc: False

11/24/2025 15:33:20 - INFO - __main__ -   ***** Epoch 37 *****
11/24/2025 15:33:32 - INFO - __main__ -   top-1 acc: 94.73
11/24/2025 15:33:32 - INFO - __main__ -   top-5 acc: 99.77
11/24/2025 15:33:32 - INFO - __main__ -   Best top-1 acc: 94.83
11/24/2025 15:33:32 - INFO - __main__ -   Mean top-1 acc: 94.73
11/24/2025 15:33:32 - INFO - __main__ -   Target acc: True
11/24/2025 15:33:32 - INFO - __main__ -   Poison acc: False

11/24/2025 15:33:32 - INFO - __main__ -   ***** Epoch 38 *****
11/24/2025 15:33:44 - INFO - __main__ -   top-1 acc: 94.68
11/24/2025 15:33:44 - INFO - __main__ -   top-5 acc: 99.77
11/24/2025 15:33:44 - INFO - __main__ -   Best top-1 acc: 94.83
11/24/2025 15:33:44 - INFO - __main__ -   Mean top-1 acc: 94.73
11/24/2025 15:33:44 - INFO - __main__ -   Target acc: True
11/24/2025 15:33:44 - INFO - __main__ -   Poison acc: False

11/24/2025 15:33:44 - INFO - __main__ -   ***** Epoch 39 *****
11/24/2025 15:33:56 - INFO - __main__ -   top-1 acc: 94.80
11/24/2025 15:33:56 - INFO - __main__ -   top-5 acc: 99.79
11/24/2025 15:33:56 - INFO - __main__ -   Best top-1 acc: 94.83
11/24/2025 15:33:56 - INFO - __main__ -   Mean top-1 acc: 94.74
11/24/2025 15:33:56 - INFO - __main__ -   Target acc: True
11/24/2025 15:33:56 - INFO - __main__ -   Poison acc: False

