11/24/2025 14:59:20 - WARNING - __main__ -   device: cuda:0, n_gpu: 1
11/24/2025 14:59:20 - INFO - __main__ -   {'ap_model': False, 'arch': 'resnet18', 'backdoor': False, 'batch_size': 128, 'clean': False, 'cluster_thresh': 1.0, 'ctime': 0, 'dataset': 'cifar10', 'device': device(type='cuda', index=0), 'drop_after': 30, 'drop_mile': False, 'epochs': 40, 'equal_num': False, 'gpu_id': 0, 'greedy': 'LazyGreedy', 'lr': 0.1, 'metric': 'euclidean', 'n_gpu': 1, 'nesterov': True, 'no_aug': False, 'no_progress': False, 'num_workers': 4, 'out': 'results/epic_gm_eps8_run18/resnet18-cifar10-645_Project_v3.None-epoch40.15.25.35-coreset-pred-0.1-10-start-after-30', 'patch_size': 5, 'poisons_path': '/home/r0liu015/645project_last/poisoning-benchmark/poison_examples_gm/645_Project_v3/18', 'resume': '', 'scenario': 'scratch', 'seed': None, 'start_epoch': 0, 'steps': [15, 25, 35], 'stop_after': 200, 'subset_freq': 10, 'subset_sampler': 'coreset-pred', 'subset_size': 0.1, 'top_frac': 0.1, 'trigger_path': None, 'wdecay': 0.0005, 'world_size': 1}
11/24/2025 14:59:21 - INFO - __main__ -   500 poisons in this trial.
11/24/2025 14:59:21 - INFO - __main__ -   Total params: 11.17M
11/24/2025 14:59:21 - INFO - __main__ -   Target class 4; Poisoned label: 0
11/24/2025 14:59:21 - INFO - __main__ -   ***** Running training *****
11/24/2025 14:59:21 - INFO - __main__ -     Num Epochs = 40
11/24/2025 14:59:21 - INFO - __main__ -     Batch size per GPU = 128
11/24/2025 14:59:21 - INFO - __main__ -     Total train batch size = 128
11/24/2025 14:59:22 - INFO - __main__ -   ***** Epoch 0 *****
11/24/2025 14:59:38 - INFO - __main__ -   top-1 acc: 42.75
11/24/2025 14:59:38 - INFO - __main__ -   top-5 acc: 91.66
11/24/2025 14:59:38 - INFO - __main__ -   Best top-1 acc: 42.75
11/24/2025 14:59:38 - INFO - __main__ -   Mean top-1 acc: 42.75
11/24/2025 14:59:38 - INFO - __main__ -   Target acc: False
11/24/2025 14:59:38 - INFO - __main__ -   Poison acc: False

11/24/2025 14:59:38 - INFO - __main__ -   ***** Epoch 1 *****
11/24/2025 14:59:54 - INFO - __main__ -   top-1 acc: 56.77
11/24/2025 14:59:54 - INFO - __main__ -   top-5 acc: 95.42
11/24/2025 14:59:54 - INFO - __main__ -   Best top-1 acc: 56.77
11/24/2025 14:59:54 - INFO - __main__ -   Mean top-1 acc: 49.76
11/24/2025 14:59:54 - INFO - __main__ -   Target acc: False
11/24/2025 14:59:54 - INFO - __main__ -   Poison acc: False

11/24/2025 14:59:54 - INFO - __main__ -   ***** Epoch 2 *****
11/24/2025 15:00:11 - INFO - __main__ -   top-1 acc: 61.76
11/24/2025 15:00:11 - INFO - __main__ -   top-5 acc: 96.47
11/24/2025 15:00:11 - INFO - __main__ -   Best top-1 acc: 61.76
11/24/2025 15:00:11 - INFO - __main__ -   Mean top-1 acc: 53.76
11/24/2025 15:00:11 - INFO - __main__ -   Target acc: False
11/24/2025 15:00:11 - INFO - __main__ -   Poison acc: False

11/24/2025 15:00:11 - INFO - __main__ -   ***** Epoch 3 *****
11/24/2025 15:00:27 - INFO - __main__ -   top-1 acc: 69.25
11/24/2025 15:00:27 - INFO - __main__ -   top-5 acc: 97.45
11/24/2025 15:00:27 - INFO - __main__ -   Best top-1 acc: 69.25
11/24/2025 15:00:27 - INFO - __main__ -   Mean top-1 acc: 57.63
11/24/2025 15:00:27 - INFO - __main__ -   Target acc: True
11/24/2025 15:00:27 - INFO - __main__ -   Poison acc: False

11/24/2025 15:00:27 - INFO - __main__ -   ***** Epoch 4 *****
11/24/2025 15:00:43 - INFO - __main__ -   top-1 acc: 62.72
11/24/2025 15:00:43 - INFO - __main__ -   top-5 acc: 94.83
11/24/2025 15:00:43 - INFO - __main__ -   Best top-1 acc: 69.25
11/24/2025 15:00:43 - INFO - __main__ -   Mean top-1 acc: 58.65
11/24/2025 15:00:43 - INFO - __main__ -   Target acc: False
11/24/2025 15:00:43 - INFO - __main__ -   Poison acc: False

11/24/2025 15:00:43 - INFO - __main__ -   ***** Epoch 5 *****
11/24/2025 15:00:59 - INFO - __main__ -   top-1 acc: 77.44
11/24/2025 15:00:59 - INFO - __main__ -   top-5 acc: 98.65
11/24/2025 15:00:59 - INFO - __main__ -   Best top-1 acc: 77.44
11/24/2025 15:00:59 - INFO - __main__ -   Mean top-1 acc: 61.78
11/24/2025 15:00:59 - INFO - __main__ -   Target acc: False
11/24/2025 15:00:59 - INFO - __main__ -   Poison acc: False

11/24/2025 15:00:59 - INFO - __main__ -   ***** Epoch 6 *****
11/24/2025 15:01:15 - INFO - __main__ -   top-1 acc: 75.44
11/24/2025 15:01:15 - INFO - __main__ -   top-5 acc: 98.80
11/24/2025 15:01:15 - INFO - __main__ -   Best top-1 acc: 77.44
11/24/2025 15:01:15 - INFO - __main__ -   Mean top-1 acc: 63.73
11/24/2025 15:01:15 - INFO - __main__ -   Target acc: True
11/24/2025 15:01:15 - INFO - __main__ -   Poison acc: False

11/24/2025 15:01:15 - INFO - __main__ -   ***** Epoch 7 *****
11/24/2025 15:01:31 - INFO - __main__ -   top-1 acc: 78.56
11/24/2025 15:01:31 - INFO - __main__ -   top-5 acc: 98.84
11/24/2025 15:01:31 - INFO - __main__ -   Best top-1 acc: 78.56
11/24/2025 15:01:31 - INFO - __main__ -   Mean top-1 acc: 65.59
11/24/2025 15:01:31 - INFO - __main__ -   Target acc: True
11/24/2025 15:01:31 - INFO - __main__ -   Poison acc: False

11/24/2025 15:01:31 - INFO - __main__ -   ***** Epoch 8 *****
11/24/2025 15:01:47 - INFO - __main__ -   top-1 acc: 78.23
11/24/2025 15:01:47 - INFO - __main__ -   top-5 acc: 98.82
11/24/2025 15:01:47 - INFO - __main__ -   Best top-1 acc: 78.56
11/24/2025 15:01:47 - INFO - __main__ -   Mean top-1 acc: 66.99
11/24/2025 15:01:47 - INFO - __main__ -   Target acc: False
11/24/2025 15:01:47 - INFO - __main__ -   Poison acc: False

11/24/2025 15:01:47 - INFO - __main__ -   ***** Epoch 9 *****
11/24/2025 15:02:03 - INFO - __main__ -   top-1 acc: 79.59
11/24/2025 15:02:03 - INFO - __main__ -   top-5 acc: 99.04
11/24/2025 15:02:04 - INFO - __main__ -   Best top-1 acc: 79.59
11/24/2025 15:02:04 - INFO - __main__ -   Mean top-1 acc: 68.25
11/24/2025 15:02:04 - INFO - __main__ -   Target acc: True
11/24/2025 15:02:04 - INFO - __main__ -   Poison acc: False

11/24/2025 15:02:04 - INFO - __main__ -   ***** Epoch 10 *****
11/24/2025 15:02:19 - INFO - __main__ -   top-1 acc: 80.90
11/24/2025 15:02:19 - INFO - __main__ -   top-5 acc: 99.17
11/24/2025 15:02:19 - INFO - __main__ -   Best top-1 acc: 80.90
11/24/2025 15:02:19 - INFO - __main__ -   Mean top-1 acc: 69.40
11/24/2025 15:02:19 - INFO - __main__ -   Target acc: True
11/24/2025 15:02:19 - INFO - __main__ -   Poison acc: False

11/24/2025 15:02:19 - INFO - __main__ -   ***** Epoch 11 *****
11/24/2025 15:02:36 - INFO - __main__ -   top-1 acc: 84.21
11/24/2025 15:02:36 - INFO - __main__ -   top-5 acc: 99.33
11/24/2025 15:02:36 - INFO - __main__ -   Best top-1 acc: 84.21
11/24/2025 15:02:36 - INFO - __main__ -   Mean top-1 acc: 70.64
11/24/2025 15:02:36 - INFO - __main__ -   Target acc: False
11/24/2025 15:02:36 - INFO - __main__ -   Poison acc: False

11/24/2025 15:02:36 - INFO - __main__ -   ***** Epoch 12 *****
11/24/2025 15:02:52 - INFO - __main__ -   top-1 acc: 81.90
11/24/2025 15:02:52 - INFO - __main__ -   top-5 acc: 99.10
11/24/2025 15:02:52 - INFO - __main__ -   Best top-1 acc: 84.21
11/24/2025 15:02:52 - INFO - __main__ -   Mean top-1 acc: 71.50
11/24/2025 15:02:52 - INFO - __main__ -   Target acc: True
11/24/2025 15:02:52 - INFO - __main__ -   Poison acc: False

11/24/2025 15:02:52 - INFO - __main__ -   ***** Epoch 13 *****
11/24/2025 15:03:08 - INFO - __main__ -   top-1 acc: 84.93
11/24/2025 15:03:08 - INFO - __main__ -   top-5 acc: 99.32
11/24/2025 15:03:08 - INFO - __main__ -   Best top-1 acc: 84.93
11/24/2025 15:03:08 - INFO - __main__ -   Mean top-1 acc: 72.46
11/24/2025 15:03:08 - INFO - __main__ -   Target acc: False
11/24/2025 15:03:08 - INFO - __main__ -   Poison acc: False

11/24/2025 15:03:08 - INFO - __main__ -   ***** Epoch 14 *****
11/24/2025 15:03:24 - INFO - __main__ -   top-1 acc: 84.54
11/24/2025 15:03:24 - INFO - __main__ -   top-5 acc: 99.34
11/24/2025 15:03:24 - INFO - __main__ -   Best top-1 acc: 84.93
11/24/2025 15:03:24 - INFO - __main__ -   Mean top-1 acc: 73.27
11/24/2025 15:03:24 - INFO - __main__ -   Target acc: False
11/24/2025 15:03:24 - INFO - __main__ -   Poison acc: False

11/24/2025 15:03:24 - INFO - __main__ -   ***** Epoch 15 *****
11/24/2025 15:03:41 - INFO - __main__ -   top-1 acc: 90.14
11/24/2025 15:03:41 - INFO - __main__ -   top-5 acc: 99.67
11/24/2025 15:03:41 - INFO - __main__ -   Best top-1 acc: 90.14
11/24/2025 15:03:41 - INFO - __main__ -   Mean top-1 acc: 74.32
11/24/2025 15:03:41 - INFO - __main__ -   Target acc: True
11/24/2025 15:03:41 - INFO - __main__ -   Poison acc: False

11/24/2025 15:03:41 - INFO - __main__ -   ***** Epoch 16 *****
11/24/2025 15:03:57 - INFO - __main__ -   top-1 acc: 90.82
11/24/2025 15:03:57 - INFO - __main__ -   top-5 acc: 99.72
11/24/2025 15:03:57 - INFO - __main__ -   Best top-1 acc: 90.82
11/24/2025 15:03:57 - INFO - __main__ -   Mean top-1 acc: 75.29
11/24/2025 15:03:57 - INFO - __main__ -   Target acc: True
11/24/2025 15:03:57 - INFO - __main__ -   Poison acc: False

11/24/2025 15:03:57 - INFO - __main__ -   ***** Epoch 17 *****
11/24/2025 15:04:13 - INFO - __main__ -   top-1 acc: 90.97
11/24/2025 15:04:13 - INFO - __main__ -   top-5 acc: 99.81
11/24/2025 15:04:13 - INFO - __main__ -   Best top-1 acc: 90.97
11/24/2025 15:04:13 - INFO - __main__ -   Mean top-1 acc: 76.16
11/24/2025 15:04:13 - INFO - __main__ -   Target acc: True
11/24/2025 15:04:13 - INFO - __main__ -   Poison acc: False

11/24/2025 15:04:13 - INFO - __main__ -   ***** Epoch 18 *****
11/24/2025 15:04:30 - INFO - __main__ -   top-1 acc: 91.31
11/24/2025 15:04:30 - INFO - __main__ -   top-5 acc: 99.82
11/24/2025 15:04:30 - INFO - __main__ -   Best top-1 acc: 91.31
11/24/2025 15:04:30 - INFO - __main__ -   Mean top-1 acc: 76.96
11/24/2025 15:04:30 - INFO - __main__ -   Target acc: True
11/24/2025 15:04:30 - INFO - __main__ -   Poison acc: False

11/24/2025 15:04:30 - INFO - __main__ -   ***** Epoch 19 *****
11/24/2025 15:04:46 - INFO - __main__ -   top-1 acc: 91.33
11/24/2025 15:04:46 - INFO - __main__ -   top-5 acc: 99.80
11/24/2025 15:04:46 - INFO - __main__ -   Best top-1 acc: 91.33
11/24/2025 15:04:46 - INFO - __main__ -   Mean top-1 acc: 77.68
11/24/2025 15:04:46 - INFO - __main__ -   Target acc: True
11/24/2025 15:04:46 - INFO - __main__ -   Poison acc: False

11/24/2025 15:04:46 - INFO - __main__ -   ***** Epoch 20 *****
11/24/2025 15:05:02 - INFO - __main__ -   top-1 acc: 91.33
11/24/2025 15:05:02 - INFO - __main__ -   top-5 acc: 99.74
11/24/2025 15:05:03 - INFO - __main__ -   Best top-1 acc: 91.33
11/24/2025 15:05:03 - INFO - __main__ -   Mean top-1 acc: 80.11
11/24/2025 15:05:03 - INFO - __main__ -   Target acc: True
11/24/2025 15:05:03 - INFO - __main__ -   Poison acc: False

11/24/2025 15:05:03 - INFO - __main__ -   ***** Epoch 21 *****
11/24/2025 15:05:19 - INFO - __main__ -   top-1 acc: 91.30
11/24/2025 15:05:19 - INFO - __main__ -   top-5 acc: 99.80
11/24/2025 15:05:19 - INFO - __main__ -   Best top-1 acc: 91.33
11/24/2025 15:05:19 - INFO - __main__ -   Mean top-1 acc: 81.83
11/24/2025 15:05:19 - INFO - __main__ -   Target acc: True
11/24/2025 15:05:19 - INFO - __main__ -   Poison acc: False

11/24/2025 15:05:19 - INFO - __main__ -   ***** Epoch 22 *****
11/24/2025 15:05:35 - INFO - __main__ -   top-1 acc: 91.23
11/24/2025 15:05:35 - INFO - __main__ -   top-5 acc: 99.82
11/24/2025 15:05:35 - INFO - __main__ -   Best top-1 acc: 91.33
11/24/2025 15:05:35 - INFO - __main__ -   Mean top-1 acc: 83.31
11/24/2025 15:05:35 - INFO - __main__ -   Target acc: False
11/24/2025 15:05:35 - INFO - __main__ -   Poison acc: False

11/24/2025 15:05:35 - INFO - __main__ -   ***** Epoch 23 *****
11/24/2025 15:05:51 - INFO - __main__ -   top-1 acc: 91.19
11/24/2025 15:05:51 - INFO - __main__ -   top-5 acc: 99.81
11/24/2025 15:05:51 - INFO - __main__ -   Best top-1 acc: 91.33
11/24/2025 15:05:51 - INFO - __main__ -   Mean top-1 acc: 84.40
11/24/2025 15:05:51 - INFO - __main__ -   Target acc: True
11/24/2025 15:05:51 - INFO - __main__ -   Poison acc: False

11/24/2025 15:05:51 - INFO - __main__ -   ***** Epoch 24 *****
11/24/2025 15:06:07 - INFO - __main__ -   top-1 acc: 91.27
11/24/2025 15:06:07 - INFO - __main__ -   top-5 acc: 99.76
11/24/2025 15:06:07 - INFO - __main__ -   Best top-1 acc: 91.33
11/24/2025 15:06:07 - INFO - __main__ -   Mean top-1 acc: 85.83
11/24/2025 15:06:07 - INFO - __main__ -   Target acc: True
11/24/2025 15:06:07 - INFO - __main__ -   Poison acc: False

11/24/2025 15:06:07 - INFO - __main__ -   ***** Epoch 25 *****
11/24/2025 15:06:23 - INFO - __main__ -   top-1 acc: 92.04
11/24/2025 15:06:23 - INFO - __main__ -   top-5 acc: 99.84
11/24/2025 15:06:23 - INFO - __main__ -   Best top-1 acc: 92.04
11/24/2025 15:06:23 - INFO - __main__ -   Mean top-1 acc: 86.56
11/24/2025 15:06:23 - INFO - __main__ -   Target acc: True
11/24/2025 15:06:23 - INFO - __main__ -   Poison acc: False

11/24/2025 15:06:23 - INFO - __main__ -   ***** Epoch 26 *****
11/24/2025 15:06:40 - INFO - __main__ -   top-1 acc: 92.37
11/24/2025 15:06:40 - INFO - __main__ -   top-5 acc: 99.86
11/24/2025 15:06:40 - INFO - __main__ -   Best top-1 acc: 92.37
11/24/2025 15:06:40 - INFO - __main__ -   Mean top-1 acc: 87.41
11/24/2025 15:06:40 - INFO - __main__ -   Target acc: True
11/24/2025 15:06:40 - INFO - __main__ -   Poison acc: False

11/24/2025 15:06:40 - INFO - __main__ -   ***** Epoch 27 *****
11/24/2025 15:06:56 - INFO - __main__ -   top-1 acc: 92.42
11/24/2025 15:06:56 - INFO - __main__ -   top-5 acc: 99.86
11/24/2025 15:06:56 - INFO - __main__ -   Best top-1 acc: 92.42
11/24/2025 15:06:56 - INFO - __main__ -   Mean top-1 acc: 88.10
11/24/2025 15:06:56 - INFO - __main__ -   Target acc: True
11/24/2025 15:06:56 - INFO - __main__ -   Poison acc: False

11/24/2025 15:06:56 - INFO - __main__ -   ***** Epoch 28 *****
11/24/2025 15:07:12 - INFO - __main__ -   top-1 acc: 92.44
11/24/2025 15:07:12 - INFO - __main__ -   top-5 acc: 99.86
11/24/2025 15:07:12 - INFO - __main__ -   Best top-1 acc: 92.44
11/24/2025 15:07:12 - INFO - __main__ -   Mean top-1 acc: 88.81
11/24/2025 15:07:12 - INFO - __main__ -   Target acc: True
11/24/2025 15:07:12 - INFO - __main__ -   Poison acc: False

11/24/2025 15:07:12 - INFO - __main__ -   ***** Epoch 29 *****
11/24/2025 15:07:29 - INFO - __main__ -   top-1 acc: 92.35
11/24/2025 15:07:29 - INFO - __main__ -   top-5 acc: 99.84
11/24/2025 15:07:29 - INFO - __main__ -   Best top-1 acc: 92.44
11/24/2025 15:07:29 - INFO - __main__ -   Mean top-1 acc: 89.45
11/24/2025 15:07:29 - INFO - __main__ -   Target acc: True
11/24/2025 15:07:29 - INFO - __main__ -   Poison acc: False

11/24/2025 15:07:29 - INFO - __main__ -   ***** Epoch 30 *****
11/24/2025 15:07:29 - INFO - __main__ -   Identifying small clusters at epoch 30...
11/24/2025 15:08:13 - INFO - __main__ -   top-1 acc: 92.34
11/24/2025 15:08:13 - INFO - __main__ -   top-5 acc: 99.83
11/24/2025 15:08:14 - INFO - __main__ -   Best top-1 acc: 92.44
11/24/2025 15:08:14 - INFO - __main__ -   Mean top-1 acc: 90.02
11/24/2025 15:08:14 - INFO - __main__ -   Target acc: True
11/24/2025 15:08:14 - INFO - __main__ -   Poison acc: False

11/24/2025 15:08:14 - INFO - __main__ -   ***** Epoch 31 *****
11/24/2025 15:08:29 - INFO - __main__ -   top-1 acc: 92.40
11/24/2025 15:08:29 - INFO - __main__ -   top-5 acc: 99.87
11/24/2025 15:08:29 - INFO - __main__ -   Best top-1 acc: 92.44
11/24/2025 15:08:29 - INFO - __main__ -   Mean top-1 acc: 90.43
11/24/2025 15:08:29 - INFO - __main__ -   Target acc: True
11/24/2025 15:08:29 - INFO - __main__ -   Poison acc: False

11/24/2025 15:08:29 - INFO - __main__ -   ***** Epoch 32 *****
11/24/2025 15:08:44 - INFO - __main__ -   top-1 acc: 92.43
11/24/2025 15:08:44 - INFO - __main__ -   top-5 acc: 99.83
11/24/2025 15:08:44 - INFO - __main__ -   Best top-1 acc: 92.44
11/24/2025 15:08:44 - INFO - __main__ -   Mean top-1 acc: 90.96
11/24/2025 15:08:44 - INFO - __main__ -   Target acc: True
11/24/2025 15:08:44 - INFO - __main__ -   Poison acc: False

11/24/2025 15:08:44 - INFO - __main__ -   ***** Epoch 33 *****
11/24/2025 15:09:00 - INFO - __main__ -   top-1 acc: 92.69
11/24/2025 15:09:00 - INFO - __main__ -   top-5 acc: 99.87
11/24/2025 15:09:00 - INFO - __main__ -   Best top-1 acc: 92.69
11/24/2025 15:09:00 - INFO - __main__ -   Mean top-1 acc: 91.35
11/24/2025 15:09:00 - INFO - __main__ -   Target acc: True
11/24/2025 15:09:00 - INFO - __main__ -   Poison acc: False

11/24/2025 15:09:00 - INFO - __main__ -   ***** Epoch 34 *****
11/24/2025 15:09:15 - INFO - __main__ -   top-1 acc: 92.50
11/24/2025 15:09:15 - INFO - __main__ -   top-5 acc: 99.82
11/24/2025 15:09:15 - INFO - __main__ -   Best top-1 acc: 92.69
11/24/2025 15:09:15 - INFO - __main__ -   Mean top-1 acc: 91.74
11/24/2025 15:09:15 - INFO - __main__ -   Target acc: True
11/24/2025 15:09:15 - INFO - __main__ -   Poison acc: False

11/24/2025 15:09:15 - INFO - __main__ -   ***** Epoch 35 *****
11/24/2025 15:09:30 - INFO - __main__ -   top-1 acc: 92.52
11/24/2025 15:09:30 - INFO - __main__ -   top-5 acc: 99.83
11/24/2025 15:09:30 - INFO - __main__ -   Best top-1 acc: 92.69
11/24/2025 15:09:30 - INFO - __main__ -   Mean top-1 acc: 91.86
11/24/2025 15:09:30 - INFO - __main__ -   Target acc: True
11/24/2025 15:09:30 - INFO - __main__ -   Poison acc: False

11/24/2025 15:09:30 - INFO - __main__ -   ***** Epoch 36 *****
11/24/2025 15:09:46 - INFO - __main__ -   top-1 acc: 92.56
11/24/2025 15:09:46 - INFO - __main__ -   top-5 acc: 99.80
11/24/2025 15:09:46 - INFO - __main__ -   Best top-1 acc: 92.69
11/24/2025 15:09:46 - INFO - __main__ -   Mean top-1 acc: 91.95
11/24/2025 15:09:46 - INFO - __main__ -   Target acc: True
11/24/2025 15:09:46 - INFO - __main__ -   Poison acc: False

11/24/2025 15:09:46 - INFO - __main__ -   ***** Epoch 37 *****
11/24/2025 15:10:01 - INFO - __main__ -   top-1 acc: 92.50
11/24/2025 15:10:01 - INFO - __main__ -   top-5 acc: 99.81
11/24/2025 15:10:01 - INFO - __main__ -   Best top-1 acc: 92.69
11/24/2025 15:10:01 - INFO - __main__ -   Mean top-1 acc: 92.03
11/24/2025 15:10:01 - INFO - __main__ -   Target acc: True
11/24/2025 15:10:01 - INFO - __main__ -   Poison acc: False

11/24/2025 15:10:01 - INFO - __main__ -   ***** Epoch 38 *****
11/24/2025 15:10:17 - INFO - __main__ -   top-1 acc: 92.55
11/24/2025 15:10:17 - INFO - __main__ -   top-5 acc: 99.85
11/24/2025 15:10:17 - INFO - __main__ -   Best top-1 acc: 92.69
11/24/2025 15:10:17 - INFO - __main__ -   Mean top-1 acc: 92.09
11/24/2025 15:10:17 - INFO - __main__ -   Target acc: True
11/24/2025 15:10:17 - INFO - __main__ -   Poison acc: False

11/24/2025 15:10:17 - INFO - __main__ -   ***** Epoch 39 *****
11/24/2025 15:10:32 - INFO - __main__ -   top-1 acc: 92.64
11/24/2025 15:10:32 - INFO - __main__ -   top-5 acc: 99.86
11/24/2025 15:10:32 - INFO - __main__ -   Best top-1 acc: 92.69
11/24/2025 15:10:32 - INFO - __main__ -   Mean top-1 acc: 92.15
11/24/2025 15:10:32 - INFO - __main__ -   Target acc: True
11/24/2025 15:10:32 - INFO - __main__ -   Poison acc: False

