11/24/2025 13:04:02 - WARNING - __main__ -   device: cuda:0, n_gpu: 1
11/24/2025 13:04:02 - INFO - __main__ -   {'ap_model': False, 'arch': 'resnet18', 'backdoor': False, 'batch_size': 128, 'clean': False, 'cluster_thresh': 1.0, 'ctime': 0, 'dataset': 'cifar10', 'device': device(type='cuda', index=0), 'drop_after': 30, 'drop_mile': False, 'epochs': 40, 'equal_num': False, 'gpu_id': 0, 'greedy': 'LazyGreedy', 'lr': 0.1, 'metric': 'euclidean', 'n_gpu': 1, 'nesterov': True, 'no_aug': False, 'no_progress': False, 'num_workers': 4, 'out': 'results/epic_gm_eps8_run8/resnet18-cifar10-645_Project_v3.None-epoch40.15.25.35-coreset-pred-0.1-10-start-after-30', 'patch_size': 5, 'poisons_path': '/home/r0liu015/645project_last/poisoning-benchmark/poison_examples_gm/645_Project_v3/8', 'resume': '', 'scenario': 'scratch', 'seed': None, 'start_epoch': 0, 'steps': [15, 25, 35], 'stop_after': 200, 'subset_freq': 10, 'subset_sampler': 'coreset-pred', 'subset_size': 0.1, 'top_frac': 0.1, 'trigger_path': None, 'wdecay': 0.0005, 'world_size': 1}
11/24/2025 13:04:03 - INFO - __main__ -   500 poisons in this trial.
11/24/2025 13:04:03 - INFO - __main__ -   Total params: 11.17M
11/24/2025 13:04:03 - INFO - __main__ -   Target class 8; Poisoned label: 9
11/24/2025 13:04:03 - INFO - __main__ -   ***** Running training *****
11/24/2025 13:04:03 - INFO - __main__ -     Num Epochs = 40
11/24/2025 13:04:03 - INFO - __main__ -     Batch size per GPU = 128
11/24/2025 13:04:03 - INFO - __main__ -     Total train batch size = 128
11/24/2025 13:04:03 - INFO - __main__ -   ***** Epoch 0 *****
11/24/2025 13:04:19 - INFO - __main__ -   top-1 acc: 46.47
11/24/2025 13:04:19 - INFO - __main__ -   top-5 acc: 92.71
11/24/2025 13:04:20 - INFO - __main__ -   Best top-1 acc: 46.47
11/24/2025 13:04:20 - INFO - __main__ -   Mean top-1 acc: 46.47
11/24/2025 13:04:20 - INFO - __main__ -   Target acc: True
11/24/2025 13:04:20 - INFO - __main__ -   Poison acc: False

11/24/2025 13:04:20 - INFO - __main__ -   ***** Epoch 1 *****
11/24/2025 13:04:35 - INFO - __main__ -   top-1 acc: 61.24
11/24/2025 13:04:35 - INFO - __main__ -   top-5 acc: 96.29
11/24/2025 13:04:36 - INFO - __main__ -   Best top-1 acc: 61.24
11/24/2025 13:04:36 - INFO - __main__ -   Mean top-1 acc: 53.86
11/24/2025 13:04:36 - INFO - __main__ -   Target acc: False
11/24/2025 13:04:36 - INFO - __main__ -   Poison acc: False

11/24/2025 13:04:36 - INFO - __main__ -   ***** Epoch 2 *****
11/24/2025 13:04:52 - INFO - __main__ -   top-1 acc: 65.05
11/24/2025 13:04:52 - INFO - __main__ -   top-5 acc: 96.49
11/24/2025 13:04:52 - INFO - __main__ -   Best top-1 acc: 65.05
11/24/2025 13:04:52 - INFO - __main__ -   Mean top-1 acc: 57.59
11/24/2025 13:04:52 - INFO - __main__ -   Target acc: False
11/24/2025 13:04:52 - INFO - __main__ -   Poison acc: False

11/24/2025 13:04:52 - INFO - __main__ -   ***** Epoch 3 *****
11/24/2025 13:05:08 - INFO - __main__ -   top-1 acc: 70.08
11/24/2025 13:05:08 - INFO - __main__ -   top-5 acc: 97.65
11/24/2025 13:05:08 - INFO - __main__ -   Best top-1 acc: 70.08
11/24/2025 13:05:08 - INFO - __main__ -   Mean top-1 acc: 60.71
11/24/2025 13:05:08 - INFO - __main__ -   Target acc: True
11/24/2025 13:05:08 - INFO - __main__ -   Poison acc: False

11/24/2025 13:05:08 - INFO - __main__ -   ***** Epoch 4 *****
11/24/2025 13:05:24 - INFO - __main__ -   top-1 acc: 77.64
11/24/2025 13:05:24 - INFO - __main__ -   top-5 acc: 98.96
11/24/2025 13:05:24 - INFO - __main__ -   Best top-1 acc: 77.64
11/24/2025 13:05:24 - INFO - __main__ -   Mean top-1 acc: 64.10
11/24/2025 13:05:24 - INFO - __main__ -   Target acc: True
11/24/2025 13:05:24 - INFO - __main__ -   Poison acc: False

11/24/2025 13:05:24 - INFO - __main__ -   ***** Epoch 5 *****
11/24/2025 13:05:40 - INFO - __main__ -   top-1 acc: 69.16
11/24/2025 13:05:40 - INFO - __main__ -   top-5 acc: 98.20
11/24/2025 13:05:40 - INFO - __main__ -   Best top-1 acc: 77.64
11/24/2025 13:05:40 - INFO - __main__ -   Mean top-1 acc: 64.94
11/24/2025 13:05:40 - INFO - __main__ -   Target acc: True
11/24/2025 13:05:40 - INFO - __main__ -   Poison acc: False

11/24/2025 13:05:40 - INFO - __main__ -   ***** Epoch 6 *****
11/24/2025 13:05:57 - INFO - __main__ -   top-1 acc: 78.70
11/24/2025 13:05:57 - INFO - __main__ -   top-5 acc: 98.88
11/24/2025 13:05:57 - INFO - __main__ -   Best top-1 acc: 78.70
11/24/2025 13:05:57 - INFO - __main__ -   Mean top-1 acc: 66.91
11/24/2025 13:05:57 - INFO - __main__ -   Target acc: True
11/24/2025 13:05:57 - INFO - __main__ -   Poison acc: False

11/24/2025 13:05:57 - INFO - __main__ -   ***** Epoch 7 *****
11/24/2025 13:06:13 - INFO - __main__ -   top-1 acc: 79.80
11/24/2025 13:06:13 - INFO - __main__ -   top-5 acc: 98.91
11/24/2025 13:06:13 - INFO - __main__ -   Best top-1 acc: 79.80
11/24/2025 13:06:13 - INFO - __main__ -   Mean top-1 acc: 68.52
11/24/2025 13:06:13 - INFO - __main__ -   Target acc: False
11/24/2025 13:06:13 - INFO - __main__ -   Poison acc: False

11/24/2025 13:06:13 - INFO - __main__ -   ***** Epoch 8 *****
11/24/2025 13:06:29 - INFO - __main__ -   top-1 acc: 81.42
11/24/2025 13:06:29 - INFO - __main__ -   top-5 acc: 99.09
11/24/2025 13:06:29 - INFO - __main__ -   Best top-1 acc: 81.42
11/24/2025 13:06:29 - INFO - __main__ -   Mean top-1 acc: 69.95
11/24/2025 13:06:29 - INFO - __main__ -   Target acc: True
11/24/2025 13:06:29 - INFO - __main__ -   Poison acc: False

11/24/2025 13:06:29 - INFO - __main__ -   ***** Epoch 9 *****
11/24/2025 13:06:45 - INFO - __main__ -   top-1 acc: 78.78
11/24/2025 13:06:45 - INFO - __main__ -   top-5 acc: 98.97
11/24/2025 13:06:45 - INFO - __main__ -   Best top-1 acc: 81.42
11/24/2025 13:06:45 - INFO - __main__ -   Mean top-1 acc: 70.83
11/24/2025 13:06:45 - INFO - __main__ -   Target acc: True
11/24/2025 13:06:45 - INFO - __main__ -   Poison acc: False

11/24/2025 13:06:45 - INFO - __main__ -   ***** Epoch 10 *****
11/24/2025 13:07:02 - INFO - __main__ -   top-1 acc: 81.77
11/24/2025 13:07:02 - INFO - __main__ -   top-5 acc: 99.06
11/24/2025 13:07:02 - INFO - __main__ -   Best top-1 acc: 81.77
11/24/2025 13:07:02 - INFO - __main__ -   Mean top-1 acc: 71.83
11/24/2025 13:07:02 - INFO - __main__ -   Target acc: True
11/24/2025 13:07:02 - INFO - __main__ -   Poison acc: False

11/24/2025 13:07:02 - INFO - __main__ -   ***** Epoch 11 *****
11/24/2025 13:07:18 - INFO - __main__ -   top-1 acc: 82.61
11/24/2025 13:07:18 - INFO - __main__ -   top-5 acc: 99.14
11/24/2025 13:07:18 - INFO - __main__ -   Best top-1 acc: 82.61
11/24/2025 13:07:18 - INFO - __main__ -   Mean top-1 acc: 72.73
11/24/2025 13:07:18 - INFO - __main__ -   Target acc: False
11/24/2025 13:07:18 - INFO - __main__ -   Poison acc: False

11/24/2025 13:07:18 - INFO - __main__ -   ***** Epoch 12 *****
11/24/2025 13:07:34 - INFO - __main__ -   top-1 acc: 81.59
11/24/2025 13:07:34 - INFO - __main__ -   top-5 acc: 99.00
11/24/2025 13:07:34 - INFO - __main__ -   Best top-1 acc: 82.61
11/24/2025 13:07:34 - INFO - __main__ -   Mean top-1 acc: 73.41
11/24/2025 13:07:34 - INFO - __main__ -   Target acc: False
11/24/2025 13:07:34 - INFO - __main__ -   Poison acc: False

11/24/2025 13:07:34 - INFO - __main__ -   ***** Epoch 13 *****
11/24/2025 13:07:50 - INFO - __main__ -   top-1 acc: 83.06
11/24/2025 13:07:50 - INFO - __main__ -   top-5 acc: 99.00
11/24/2025 13:07:50 - INFO - __main__ -   Best top-1 acc: 83.06
11/24/2025 13:07:50 - INFO - __main__ -   Mean top-1 acc: 74.10
11/24/2025 13:07:50 - INFO - __main__ -   Target acc: False
11/24/2025 13:07:50 - INFO - __main__ -   Poison acc: False

11/24/2025 13:07:50 - INFO - __main__ -   ***** Epoch 14 *****
11/24/2025 13:08:07 - INFO - __main__ -   top-1 acc: 82.96
11/24/2025 13:08:07 - INFO - __main__ -   top-5 acc: 98.94
11/24/2025 13:08:07 - INFO - __main__ -   Best top-1 acc: 83.06
11/24/2025 13:08:07 - INFO - __main__ -   Mean top-1 acc: 74.69
11/24/2025 13:08:07 - INFO - __main__ -   Target acc: True
11/24/2025 13:08:07 - INFO - __main__ -   Poison acc: False

11/24/2025 13:08:07 - INFO - __main__ -   ***** Epoch 15 *****
11/24/2025 13:08:23 - INFO - __main__ -   top-1 acc: 90.45
11/24/2025 13:08:23 - INFO - __main__ -   top-5 acc: 99.76
11/24/2025 13:08:23 - INFO - __main__ -   Best top-1 acc: 90.45
11/24/2025 13:08:23 - INFO - __main__ -   Mean top-1 acc: 75.67
11/24/2025 13:08:23 - INFO - __main__ -   Target acc: True
11/24/2025 13:08:23 - INFO - __main__ -   Poison acc: False

11/24/2025 13:08:23 - INFO - __main__ -   ***** Epoch 16 *****
11/24/2025 13:08:39 - INFO - __main__ -   top-1 acc: 91.02
11/24/2025 13:08:39 - INFO - __main__ -   top-5 acc: 99.75
11/24/2025 13:08:39 - INFO - __main__ -   Best top-1 acc: 91.02
11/24/2025 13:08:39 - INFO - __main__ -   Mean top-1 acc: 76.58
11/24/2025 13:08:39 - INFO - __main__ -   Target acc: True
11/24/2025 13:08:39 - INFO - __main__ -   Poison acc: False

11/24/2025 13:08:39 - INFO - __main__ -   ***** Epoch 17 *****
11/24/2025 13:08:55 - INFO - __main__ -   top-1 acc: 91.40
11/24/2025 13:08:55 - INFO - __main__ -   top-5 acc: 99.80
11/24/2025 13:08:55 - INFO - __main__ -   Best top-1 acc: 91.40
11/24/2025 13:08:55 - INFO - __main__ -   Mean top-1 acc: 77.40
11/24/2025 13:08:55 - INFO - __main__ -   Target acc: True
11/24/2025 13:08:55 - INFO - __main__ -   Poison acc: False

11/24/2025 13:08:55 - INFO - __main__ -   ***** Epoch 18 *****
11/24/2025 13:09:11 - INFO - __main__ -   top-1 acc: 91.61
11/24/2025 13:09:11 - INFO - __main__ -   top-5 acc: 99.74
11/24/2025 13:09:11 - INFO - __main__ -   Best top-1 acc: 91.61
11/24/2025 13:09:11 - INFO - __main__ -   Mean top-1 acc: 78.15
11/24/2025 13:09:11 - INFO - __main__ -   Target acc: True
11/24/2025 13:09:11 - INFO - __main__ -   Poison acc: False

11/24/2025 13:09:11 - INFO - __main__ -   ***** Epoch 19 *****
11/24/2025 13:09:27 - INFO - __main__ -   top-1 acc: 91.56
11/24/2025 13:09:27 - INFO - __main__ -   top-5 acc: 99.78
11/24/2025 13:09:27 - INFO - __main__ -   Best top-1 acc: 91.61
11/24/2025 13:09:27 - INFO - __main__ -   Mean top-1 acc: 78.82
11/24/2025 13:09:27 - INFO - __main__ -   Target acc: True
11/24/2025 13:09:27 - INFO - __main__ -   Poison acc: False

11/24/2025 13:09:27 - INFO - __main__ -   ***** Epoch 20 *****
11/24/2025 13:09:44 - INFO - __main__ -   top-1 acc: 91.64
11/24/2025 13:09:44 - INFO - __main__ -   top-5 acc: 99.84
11/24/2025 13:09:44 - INFO - __main__ -   Best top-1 acc: 91.64
11/24/2025 13:09:44 - INFO - __main__ -   Mean top-1 acc: 81.08
11/24/2025 13:09:44 - INFO - __main__ -   Target acc: True
11/24/2025 13:09:44 - INFO - __main__ -   Poison acc: False

11/24/2025 13:09:44 - INFO - __main__ -   ***** Epoch 21 *****
11/24/2025 13:10:00 - INFO - __main__ -   top-1 acc: 91.47
11/24/2025 13:10:00 - INFO - __main__ -   top-5 acc: 99.80
11/24/2025 13:10:00 - INFO - __main__ -   Best top-1 acc: 91.64
11/24/2025 13:10:00 - INFO - __main__ -   Mean top-1 acc: 82.59
11/24/2025 13:10:00 - INFO - __main__ -   Target acc: True
11/24/2025 13:10:00 - INFO - __main__ -   Poison acc: False

11/24/2025 13:10:00 - INFO - __main__ -   ***** Epoch 22 *****
11/24/2025 13:10:16 - INFO - __main__ -   top-1 acc: 91.73
11/24/2025 13:10:16 - INFO - __main__ -   top-5 acc: 99.69
11/24/2025 13:10:16 - INFO - __main__ -   Best top-1 acc: 91.73
11/24/2025 13:10:16 - INFO - __main__ -   Mean top-1 acc: 83.92
11/24/2025 13:10:16 - INFO - __main__ -   Target acc: True
11/24/2025 13:10:16 - INFO - __main__ -   Poison acc: False

11/24/2025 13:10:16 - INFO - __main__ -   ***** Epoch 23 *****
11/24/2025 13:10:32 - INFO - __main__ -   top-1 acc: 91.90
11/24/2025 13:10:32 - INFO - __main__ -   top-5 acc: 99.70
11/24/2025 13:10:32 - INFO - __main__ -   Best top-1 acc: 91.90
11/24/2025 13:10:32 - INFO - __main__ -   Mean top-1 acc: 85.01
11/24/2025 13:10:32 - INFO - __main__ -   Target acc: True
11/24/2025 13:10:32 - INFO - __main__ -   Poison acc: False

11/24/2025 13:10:32 - INFO - __main__ -   ***** Epoch 24 *****
11/24/2025 13:10:49 - INFO - __main__ -   top-1 acc: 91.83
11/24/2025 13:10:49 - INFO - __main__ -   top-5 acc: 99.81
11/24/2025 13:10:49 - INFO - __main__ -   Best top-1 acc: 91.90
11/24/2025 13:10:49 - INFO - __main__ -   Mean top-1 acc: 85.72
11/24/2025 13:10:49 - INFO - __main__ -   Target acc: True
11/24/2025 13:10:49 - INFO - __main__ -   Poison acc: False

11/24/2025 13:10:49 - INFO - __main__ -   ***** Epoch 25 *****
11/24/2025 13:11:05 - INFO - __main__ -   top-1 acc: 92.61
11/24/2025 13:11:05 - INFO - __main__ -   top-5 acc: 99.79
11/24/2025 13:11:05 - INFO - __main__ -   Best top-1 acc: 92.61
11/24/2025 13:11:05 - INFO - __main__ -   Mean top-1 acc: 86.90
11/24/2025 13:11:05 - INFO - __main__ -   Target acc: True
11/24/2025 13:11:05 - INFO - __main__ -   Poison acc: False

11/24/2025 13:11:05 - INFO - __main__ -   ***** Epoch 26 *****
11/24/2025 13:11:21 - INFO - __main__ -   top-1 acc: 92.57
11/24/2025 13:11:21 - INFO - __main__ -   top-5 acc: 99.77
11/24/2025 13:11:21 - INFO - __main__ -   Best top-1 acc: 92.61
11/24/2025 13:11:21 - INFO - __main__ -   Mean top-1 acc: 87.59
11/24/2025 13:11:21 - INFO - __main__ -   Target acc: True
11/24/2025 13:11:21 - INFO - __main__ -   Poison acc: False

11/24/2025 13:11:21 - INFO - __main__ -   ***** Epoch 27 *****
11/24/2025 13:11:38 - INFO - __main__ -   top-1 acc: 92.60
11/24/2025 13:11:38 - INFO - __main__ -   top-5 acc: 99.82
11/24/2025 13:11:38 - INFO - __main__ -   Best top-1 acc: 92.61
11/24/2025 13:11:38 - INFO - __main__ -   Mean top-1 acc: 88.23
11/24/2025 13:11:38 - INFO - __main__ -   Target acc: True
11/24/2025 13:11:38 - INFO - __main__ -   Poison acc: False

11/24/2025 13:11:38 - INFO - __main__ -   ***** Epoch 28 *****
11/24/2025 13:11:54 - INFO - __main__ -   top-1 acc: 92.57
11/24/2025 13:11:54 - INFO - __main__ -   top-5 acc: 99.80
11/24/2025 13:11:54 - INFO - __main__ -   Best top-1 acc: 92.61
11/24/2025 13:11:54 - INFO - __main__ -   Mean top-1 acc: 88.79
11/24/2025 13:11:54 - INFO - __main__ -   Target acc: True
11/24/2025 13:11:54 - INFO - __main__ -   Poison acc: False

11/24/2025 13:11:54 - INFO - __main__ -   ***** Epoch 29 *****
11/24/2025 13:12:10 - INFO - __main__ -   top-1 acc: 92.67
11/24/2025 13:12:10 - INFO - __main__ -   top-5 acc: 99.84
11/24/2025 13:12:10 - INFO - __main__ -   Best top-1 acc: 92.67
11/24/2025 13:12:10 - INFO - __main__ -   Mean top-1 acc: 89.48
11/24/2025 13:12:10 - INFO - __main__ -   Target acc: True
11/24/2025 13:12:10 - INFO - __main__ -   Poison acc: False

11/24/2025 13:12:10 - INFO - __main__ -   ***** Epoch 30 *****
11/24/2025 13:12:10 - INFO - __main__ -   Identifying small clusters at epoch 30...
11/24/2025 13:12:55 - INFO - __main__ -   top-1 acc: 92.70
11/24/2025 13:12:55 - INFO - __main__ -   top-5 acc: 99.81
11/24/2025 13:12:55 - INFO - __main__ -   Best top-1 acc: 92.70
11/24/2025 13:12:55 - INFO - __main__ -   Mean top-1 acc: 90.03
11/24/2025 13:12:55 - INFO - __main__ -   Target acc: True
11/24/2025 13:12:55 - INFO - __main__ -   Poison acc: False

11/24/2025 13:12:55 - INFO - __main__ -   ***** Epoch 31 *****
11/24/2025 13:13:10 - INFO - __main__ -   top-1 acc: 92.69
11/24/2025 13:13:10 - INFO - __main__ -   top-5 acc: 99.82
11/24/2025 13:13:10 - INFO - __main__ -   Best top-1 acc: 92.70
11/24/2025 13:13:10 - INFO - __main__ -   Mean top-1 acc: 90.53
11/24/2025 13:13:10 - INFO - __main__ -   Target acc: True
11/24/2025 13:13:10 - INFO - __main__ -   Poison acc: False

11/24/2025 13:13:10 - INFO - __main__ -   ***** Epoch 32 *****
11/24/2025 13:13:25 - INFO - __main__ -   top-1 acc: 92.69
11/24/2025 13:13:25 - INFO - __main__ -   top-5 acc: 99.82
11/24/2025 13:13:25 - INFO - __main__ -   Best top-1 acc: 92.70
11/24/2025 13:13:25 - INFO - __main__ -   Mean top-1 acc: 91.09
11/24/2025 13:13:25 - INFO - __main__ -   Target acc: True
11/24/2025 13:13:25 - INFO - __main__ -   Poison acc: False

11/24/2025 13:13:25 - INFO - __main__ -   ***** Epoch 33 *****
11/24/2025 13:13:41 - INFO - __main__ -   top-1 acc: 92.72
11/24/2025 13:13:41 - INFO - __main__ -   top-5 acc: 99.83
11/24/2025 13:13:41 - INFO - __main__ -   Best top-1 acc: 92.72
11/24/2025 13:13:41 - INFO - __main__ -   Mean top-1 acc: 91.57
11/24/2025 13:13:41 - INFO - __main__ -   Target acc: True
11/24/2025 13:13:41 - INFO - __main__ -   Poison acc: False

11/24/2025 13:13:41 - INFO - __main__ -   ***** Epoch 34 *****
11/24/2025 13:13:56 - INFO - __main__ -   top-1 acc: 92.76
11/24/2025 13:13:56 - INFO - __main__ -   top-5 acc: 99.81
11/24/2025 13:13:56 - INFO - __main__ -   Best top-1 acc: 92.76
11/24/2025 13:13:56 - INFO - __main__ -   Mean top-1 acc: 92.06
11/24/2025 13:13:56 - INFO - __main__ -   Target acc: True
11/24/2025 13:13:56 - INFO - __main__ -   Poison acc: False

11/24/2025 13:13:56 - INFO - __main__ -   ***** Epoch 35 *****
11/24/2025 13:14:11 - INFO - __main__ -   top-1 acc: 92.69
11/24/2025 13:14:11 - INFO - __main__ -   top-5 acc: 99.82
11/24/2025 13:14:11 - INFO - __main__ -   Best top-1 acc: 92.76
11/24/2025 13:14:11 - INFO - __main__ -   Mean top-1 acc: 92.17
11/24/2025 13:14:11 - INFO - __main__ -   Target acc: True
11/24/2025 13:14:11 - INFO - __main__ -   Poison acc: False

11/24/2025 13:14:11 - INFO - __main__ -   ***** Epoch 36 *****
11/24/2025 13:14:27 - INFO - __main__ -   top-1 acc: 92.76
11/24/2025 13:14:27 - INFO - __main__ -   top-5 acc: 99.82
11/24/2025 13:14:27 - INFO - __main__ -   Best top-1 acc: 92.76
11/24/2025 13:14:27 - INFO - __main__ -   Mean top-1 acc: 92.26
11/24/2025 13:14:27 - INFO - __main__ -   Target acc: True
11/24/2025 13:14:27 - INFO - __main__ -   Poison acc: False

11/24/2025 13:14:27 - INFO - __main__ -   ***** Epoch 37 *****
11/24/2025 13:14:42 - INFO - __main__ -   top-1 acc: 92.88
11/24/2025 13:14:42 - INFO - __main__ -   top-5 acc: 99.83
11/24/2025 13:14:42 - INFO - __main__ -   Best top-1 acc: 92.88
11/24/2025 13:14:42 - INFO - __main__ -   Mean top-1 acc: 92.33
11/24/2025 13:14:42 - INFO - __main__ -   Target acc: True
11/24/2025 13:14:42 - INFO - __main__ -   Poison acc: False

11/24/2025 13:14:42 - INFO - __main__ -   ***** Epoch 38 *****
11/24/2025 13:14:58 - INFO - __main__ -   top-1 acc: 92.76
11/24/2025 13:14:58 - INFO - __main__ -   top-5 acc: 99.82
11/24/2025 13:14:58 - INFO - __main__ -   Best top-1 acc: 92.88
11/24/2025 13:14:58 - INFO - __main__ -   Mean top-1 acc: 92.39
11/24/2025 13:14:58 - INFO - __main__ -   Target acc: True
11/24/2025 13:14:58 - INFO - __main__ -   Poison acc: False

11/24/2025 13:14:58 - INFO - __main__ -   ***** Epoch 39 *****
11/24/2025 13:15:13 - INFO - __main__ -   top-1 acc: 92.72
11/24/2025 13:15:13 - INFO - __main__ -   top-5 acc: 99.81
11/24/2025 13:15:13 - INFO - __main__ -   Best top-1 acc: 92.88
11/24/2025 13:15:13 - INFO - __main__ -   Mean top-1 acc: 92.45
11/24/2025 13:15:13 - INFO - __main__ -   Target acc: True
11/24/2025 13:15:13 - INFO - __main__ -   Poison acc: False

