11/24/2025 11:34:09 - WARNING - __main__ -   device: cuda:0, n_gpu: 1
11/24/2025 11:34:09 - INFO - __main__ -   {'ap_model': False, 'arch': 'resnet18', 'backdoor': False, 'batch_size': 128, 'clean': False, 'cluster_thresh': 1.0, 'ctime': 0, 'dataset': 'cifar10', 'device': device(type='cuda', index=0), 'drop_after': 30, 'drop_mile': False, 'epochs': 40, 'equal_num': False, 'gpu_id': 0, 'greedy': 'LazyGreedy', 'lr': 0.1, 'metric': 'euclidean', 'n_gpu': 1, 'nesterov': True, 'no_aug': False, 'no_progress': False, 'num_workers': 4, 'out': 'results/epic_gm_eps8_run0/resnet18-cifar10-645_Project_v3.None-epoch40.15.25.35-coreset-pred-0.1-10-start-after-30', 'patch_size': 5, 'poisons_path': '/home/r0liu015/645project_last/poisoning-benchmark/poison_examples_gm/645_Project_v3/0', 'resume': '', 'scenario': 'scratch', 'seed': None, 'start_epoch': 0, 'steps': [15, 25, 35], 'stop_after': 200, 'subset_freq': 10, 'subset_sampler': 'coreset-pred', 'subset_size': 0.1, 'top_frac': 0.1, 'trigger_path': None, 'wdecay': 0.0005, 'world_size': 1}
11/24/2025 11:34:11 - INFO - __main__ -   500 poisons in this trial.
11/24/2025 11:34:11 - INFO - __main__ -   Total params: 11.17M
11/24/2025 11:34:11 - INFO - __main__ -   Target class 7; Poisoned label: 3
11/24/2025 11:34:11 - INFO - __main__ -   ***** Running training *****
11/24/2025 11:34:11 - INFO - __main__ -     Num Epochs = 40
11/24/2025 11:34:11 - INFO - __main__ -     Batch size per GPU = 128
11/24/2025 11:34:11 - INFO - __main__ -     Total train batch size = 128
11/24/2025 11:34:11 - INFO - __main__ -   ***** Epoch 0 *****
11/24/2025 11:34:29 - INFO - __main__ -   top-1 acc: 43.14
11/24/2025 11:34:29 - INFO - __main__ -   top-5 acc: 91.15
11/24/2025 11:34:29 - INFO - __main__ -   Best top-1 acc: 43.14
11/24/2025 11:34:29 - INFO - __main__ -   Mean top-1 acc: 43.14
11/24/2025 11:34:29 - INFO - __main__ -   Target acc: True
11/24/2025 11:34:29 - INFO - __main__ -   Poison acc: False

11/24/2025 11:34:29 - INFO - __main__ -   ***** Epoch 1 *****
11/24/2025 11:34:46 - INFO - __main__ -   top-1 acc: 54.52
11/24/2025 11:34:46 - INFO - __main__ -   top-5 acc: 94.78
11/24/2025 11:34:46 - INFO - __main__ -   Best top-1 acc: 54.52
11/24/2025 11:34:46 - INFO - __main__ -   Mean top-1 acc: 48.83
11/24/2025 11:34:46 - INFO - __main__ -   Target acc: True
11/24/2025 11:34:46 - INFO - __main__ -   Poison acc: False

11/24/2025 11:34:46 - INFO - __main__ -   ***** Epoch 2 *****
11/24/2025 11:35:02 - INFO - __main__ -   top-1 acc: 60.83
11/24/2025 11:35:02 - INFO - __main__ -   top-5 acc: 96.01
11/24/2025 11:35:02 - INFO - __main__ -   Best top-1 acc: 60.83
11/24/2025 11:35:02 - INFO - __main__ -   Mean top-1 acc: 52.83
11/24/2025 11:35:02 - INFO - __main__ -   Target acc: True
11/24/2025 11:35:02 - INFO - __main__ -   Poison acc: False

11/24/2025 11:35:02 - INFO - __main__ -   ***** Epoch 3 *****
11/24/2025 11:35:18 - INFO - __main__ -   top-1 acc: 70.12
11/24/2025 11:35:18 - INFO - __main__ -   top-5 acc: 97.93
11/24/2025 11:35:18 - INFO - __main__ -   Best top-1 acc: 70.12
11/24/2025 11:35:18 - INFO - __main__ -   Mean top-1 acc: 57.15
11/24/2025 11:35:18 - INFO - __main__ -   Target acc: True
11/24/2025 11:35:18 - INFO - __main__ -   Poison acc: False

11/24/2025 11:35:18 - INFO - __main__ -   ***** Epoch 4 *****
11/24/2025 11:35:34 - INFO - __main__ -   top-1 acc: 68.84
11/24/2025 11:35:34 - INFO - __main__ -   top-5 acc: 97.74
11/24/2025 11:35:34 - INFO - __main__ -   Best top-1 acc: 70.12
11/24/2025 11:35:34 - INFO - __main__ -   Mean top-1 acc: 59.49
11/24/2025 11:35:34 - INFO - __main__ -   Target acc: True
11/24/2025 11:35:34 - INFO - __main__ -   Poison acc: False

11/24/2025 11:35:34 - INFO - __main__ -   ***** Epoch 5 *****
11/24/2025 11:35:51 - INFO - __main__ -   top-1 acc: 68.17
11/24/2025 11:35:51 - INFO - __main__ -   top-5 acc: 97.83
11/24/2025 11:35:51 - INFO - __main__ -   Best top-1 acc: 70.12
11/24/2025 11:35:51 - INFO - __main__ -   Mean top-1 acc: 60.94
11/24/2025 11:35:51 - INFO - __main__ -   Target acc: True
11/24/2025 11:35:51 - INFO - __main__ -   Poison acc: False

11/24/2025 11:35:51 - INFO - __main__ -   ***** Epoch 6 *****
11/24/2025 11:36:07 - INFO - __main__ -   top-1 acc: 78.04
11/24/2025 11:36:07 - INFO - __main__ -   top-5 acc: 98.64
11/24/2025 11:36:07 - INFO - __main__ -   Best top-1 acc: 78.04
11/24/2025 11:36:07 - INFO - __main__ -   Mean top-1 acc: 63.38
11/24/2025 11:36:07 - INFO - __main__ -   Target acc: True
11/24/2025 11:36:07 - INFO - __main__ -   Poison acc: False

11/24/2025 11:36:07 - INFO - __main__ -   ***** Epoch 7 *****
11/24/2025 11:36:23 - INFO - __main__ -   top-1 acc: 74.25
11/24/2025 11:36:23 - INFO - __main__ -   top-5 acc: 97.97
11/24/2025 11:36:23 - INFO - __main__ -   Best top-1 acc: 78.04
11/24/2025 11:36:23 - INFO - __main__ -   Mean top-1 acc: 64.74
11/24/2025 11:36:23 - INFO - __main__ -   Target acc: True
11/24/2025 11:36:23 - INFO - __main__ -   Poison acc: False

11/24/2025 11:36:23 - INFO - __main__ -   ***** Epoch 8 *****
11/24/2025 11:36:39 - INFO - __main__ -   top-1 acc: 80.21
11/24/2025 11:36:39 - INFO - __main__ -   top-5 acc: 98.97
11/24/2025 11:36:39 - INFO - __main__ -   Best top-1 acc: 80.21
11/24/2025 11:36:39 - INFO - __main__ -   Mean top-1 acc: 66.46
11/24/2025 11:36:39 - INFO - __main__ -   Target acc: True
11/24/2025 11:36:39 - INFO - __main__ -   Poison acc: False

11/24/2025 11:36:39 - INFO - __main__ -   ***** Epoch 9 *****
11/24/2025 11:36:55 - INFO - __main__ -   top-1 acc: 81.38
11/24/2025 11:36:55 - INFO - __main__ -   top-5 acc: 99.11
11/24/2025 11:36:55 - INFO - __main__ -   Best top-1 acc: 81.38
11/24/2025 11:36:55 - INFO - __main__ -   Mean top-1 acc: 67.95
11/24/2025 11:36:55 - INFO - __main__ -   Target acc: True
11/24/2025 11:36:55 - INFO - __main__ -   Poison acc: False

11/24/2025 11:36:55 - INFO - __main__ -   ***** Epoch 10 *****
11/24/2025 11:37:12 - INFO - __main__ -   top-1 acc: 80.80
11/24/2025 11:37:12 - INFO - __main__ -   top-5 acc: 99.14
11/24/2025 11:37:12 - INFO - __main__ -   Best top-1 acc: 81.38
11/24/2025 11:37:12 - INFO - __main__ -   Mean top-1 acc: 69.12
11/24/2025 11:37:12 - INFO - __main__ -   Target acc: True
11/24/2025 11:37:12 - INFO - __main__ -   Poison acc: False

11/24/2025 11:37:12 - INFO - __main__ -   ***** Epoch 11 *****
11/24/2025 11:37:28 - INFO - __main__ -   top-1 acc: 80.79
11/24/2025 11:37:28 - INFO - __main__ -   top-5 acc: 99.02
11/24/2025 11:37:28 - INFO - __main__ -   Best top-1 acc: 81.38
11/24/2025 11:37:28 - INFO - __main__ -   Mean top-1 acc: 70.09
11/24/2025 11:37:28 - INFO - __main__ -   Target acc: True
11/24/2025 11:37:28 - INFO - __main__ -   Poison acc: False

11/24/2025 11:37:28 - INFO - __main__ -   ***** Epoch 12 *****
11/24/2025 11:37:44 - INFO - __main__ -   top-1 acc: 82.09
11/24/2025 11:37:44 - INFO - __main__ -   top-5 acc: 99.29
11/24/2025 11:37:44 - INFO - __main__ -   Best top-1 acc: 82.09
11/24/2025 11:37:44 - INFO - __main__ -   Mean top-1 acc: 71.01
11/24/2025 11:37:44 - INFO - __main__ -   Target acc: True
11/24/2025 11:37:44 - INFO - __main__ -   Poison acc: False

11/24/2025 11:37:44 - INFO - __main__ -   ***** Epoch 13 *****
11/24/2025 11:38:00 - INFO - __main__ -   top-1 acc: 81.84
11/24/2025 11:38:00 - INFO - __main__ -   top-5 acc: 99.15
11/24/2025 11:38:00 - INFO - __main__ -   Best top-1 acc: 82.09
11/24/2025 11:38:00 - INFO - __main__ -   Mean top-1 acc: 71.79
11/24/2025 11:38:00 - INFO - __main__ -   Target acc: True
11/24/2025 11:38:00 - INFO - __main__ -   Poison acc: False

11/24/2025 11:38:00 - INFO - __main__ -   ***** Epoch 14 *****
11/24/2025 11:38:16 - INFO - __main__ -   top-1 acc: 79.87
11/24/2025 11:38:16 - INFO - __main__ -   top-5 acc: 98.79
11/24/2025 11:38:16 - INFO - __main__ -   Best top-1 acc: 82.09
11/24/2025 11:38:16 - INFO - __main__ -   Mean top-1 acc: 72.33
11/24/2025 11:38:16 - INFO - __main__ -   Target acc: True
11/24/2025 11:38:16 - INFO - __main__ -   Poison acc: False

11/24/2025 11:38:16 - INFO - __main__ -   ***** Epoch 15 *****
11/24/2025 11:38:32 - INFO - __main__ -   top-1 acc: 90.01
11/24/2025 11:38:32 - INFO - __main__ -   top-5 acc: 99.74
11/24/2025 11:38:32 - INFO - __main__ -   Best top-1 acc: 90.01
11/24/2025 11:38:32 - INFO - __main__ -   Mean top-1 acc: 73.43
11/24/2025 11:38:32 - INFO - __main__ -   Target acc: True
11/24/2025 11:38:32 - INFO - __main__ -   Poison acc: False

11/24/2025 11:38:32 - INFO - __main__ -   ***** Epoch 16 *****
11/24/2025 11:38:49 - INFO - __main__ -   top-1 acc: 90.72
11/24/2025 11:38:49 - INFO - __main__ -   top-5 acc: 99.81
11/24/2025 11:38:49 - INFO - __main__ -   Best top-1 acc: 90.72
11/24/2025 11:38:49 - INFO - __main__ -   Mean top-1 acc: 74.45
11/24/2025 11:38:49 - INFO - __main__ -   Target acc: True
11/24/2025 11:38:49 - INFO - __main__ -   Poison acc: False

11/24/2025 11:38:49 - INFO - __main__ -   ***** Epoch 17 *****
11/24/2025 11:39:05 - INFO - __main__ -   top-1 acc: 90.84
11/24/2025 11:39:05 - INFO - __main__ -   top-5 acc: 99.73
11/24/2025 11:39:05 - INFO - __main__ -   Best top-1 acc: 90.84
11/24/2025 11:39:05 - INFO - __main__ -   Mean top-1 acc: 75.36
11/24/2025 11:39:05 - INFO - __main__ -   Target acc: True
11/24/2025 11:39:05 - INFO - __main__ -   Poison acc: False

11/24/2025 11:39:05 - INFO - __main__ -   ***** Epoch 18 *****
11/24/2025 11:39:21 - INFO - __main__ -   top-1 acc: 90.97
11/24/2025 11:39:21 - INFO - __main__ -   top-5 acc: 99.76
11/24/2025 11:39:21 - INFO - __main__ -   Best top-1 acc: 90.97
11/24/2025 11:39:21 - INFO - __main__ -   Mean top-1 acc: 76.18
11/24/2025 11:39:21 - INFO - __main__ -   Target acc: True
11/24/2025 11:39:21 - INFO - __main__ -   Poison acc: False

11/24/2025 11:39:21 - INFO - __main__ -   ***** Epoch 19 *****
11/24/2025 11:39:37 - INFO - __main__ -   top-1 acc: 91.16
11/24/2025 11:39:37 - INFO - __main__ -   top-5 acc: 99.73
11/24/2025 11:39:37 - INFO - __main__ -   Best top-1 acc: 91.16
11/24/2025 11:39:37 - INFO - __main__ -   Mean top-1 acc: 76.93
11/24/2025 11:39:37 - INFO - __main__ -   Target acc: True
11/24/2025 11:39:37 - INFO - __main__ -   Poison acc: False

11/24/2025 11:39:37 - INFO - __main__ -   ***** Epoch 20 *****
11/24/2025 11:39:54 - INFO - __main__ -   top-1 acc: 91.37
11/24/2025 11:39:54 - INFO - __main__ -   top-5 acc: 99.82
11/24/2025 11:39:54 - INFO - __main__ -   Best top-1 acc: 91.37
11/24/2025 11:39:54 - INFO - __main__ -   Mean top-1 acc: 79.34
11/24/2025 11:39:54 - INFO - __main__ -   Target acc: True
11/24/2025 11:39:54 - INFO - __main__ -   Poison acc: False

11/24/2025 11:39:54 - INFO - __main__ -   ***** Epoch 21 *****
11/24/2025 11:40:10 - INFO - __main__ -   top-1 acc: 91.32
11/24/2025 11:40:10 - INFO - __main__ -   top-5 acc: 99.76
11/24/2025 11:40:10 - INFO - __main__ -   Best top-1 acc: 91.37
11/24/2025 11:40:10 - INFO - __main__ -   Mean top-1 acc: 81.18
11/24/2025 11:40:10 - INFO - __main__ -   Target acc: True
11/24/2025 11:40:10 - INFO - __main__ -   Poison acc: False

11/24/2025 11:40:10 - INFO - __main__ -   ***** Epoch 22 *****
11/24/2025 11:40:27 - INFO - __main__ -   top-1 acc: 91.20
11/24/2025 11:40:27 - INFO - __main__ -   top-5 acc: 99.78
11/24/2025 11:40:27 - INFO - __main__ -   Best top-1 acc: 91.37
11/24/2025 11:40:27 - INFO - __main__ -   Mean top-1 acc: 82.70
11/24/2025 11:40:27 - INFO - __main__ -   Target acc: True
11/24/2025 11:40:27 - INFO - __main__ -   Poison acc: False

11/24/2025 11:40:27 - INFO - __main__ -   ***** Epoch 23 *****
11/24/2025 11:40:43 - INFO - __main__ -   top-1 acc: 91.17
11/24/2025 11:40:43 - INFO - __main__ -   top-5 acc: 99.79
11/24/2025 11:40:43 - INFO - __main__ -   Best top-1 acc: 91.37
11/24/2025 11:40:43 - INFO - __main__ -   Mean top-1 acc: 83.75
11/24/2025 11:40:43 - INFO - __main__ -   Target acc: True
11/24/2025 11:40:43 - INFO - __main__ -   Poison acc: False

11/24/2025 11:40:43 - INFO - __main__ -   ***** Epoch 24 *****
11/24/2025 11:40:59 - INFO - __main__ -   top-1 acc: 91.47
11/24/2025 11:40:59 - INFO - __main__ -   top-5 acc: 99.77
11/24/2025 11:40:59 - INFO - __main__ -   Best top-1 acc: 91.47
11/24/2025 11:40:59 - INFO - __main__ -   Mean top-1 acc: 84.88
11/24/2025 11:40:59 - INFO - __main__ -   Target acc: True
11/24/2025 11:40:59 - INFO - __main__ -   Poison acc: False

11/24/2025 11:40:59 - INFO - __main__ -   ***** Epoch 25 *****
11/24/2025 11:41:15 - INFO - __main__ -   top-1 acc: 92.21
11/24/2025 11:41:15 - INFO - __main__ -   top-5 acc: 99.83
11/24/2025 11:41:15 - INFO - __main__ -   Best top-1 acc: 92.21
11/24/2025 11:41:15 - INFO - __main__ -   Mean top-1 acc: 86.09
11/24/2025 11:41:15 - INFO - __main__ -   Target acc: True
11/24/2025 11:41:15 - INFO - __main__ -   Poison acc: False

11/24/2025 11:41:15 - INFO - __main__ -   ***** Epoch 26 *****
11/24/2025 11:41:31 - INFO - __main__ -   top-1 acc: 92.26
11/24/2025 11:41:31 - INFO - __main__ -   top-5 acc: 99.83
11/24/2025 11:41:32 - INFO - __main__ -   Best top-1 acc: 92.26
11/24/2025 11:41:32 - INFO - __main__ -   Mean top-1 acc: 86.80
11/24/2025 11:41:32 - INFO - __main__ -   Target acc: True
11/24/2025 11:41:32 - INFO - __main__ -   Poison acc: False

11/24/2025 11:41:32 - INFO - __main__ -   ***** Epoch 27 *****
11/24/2025 11:41:48 - INFO - __main__ -   top-1 acc: 92.22
11/24/2025 11:41:48 - INFO - __main__ -   top-5 acc: 99.82
11/24/2025 11:41:48 - INFO - __main__ -   Best top-1 acc: 92.26
11/24/2025 11:41:48 - INFO - __main__ -   Mean top-1 acc: 87.69
11/24/2025 11:41:48 - INFO - __main__ -   Target acc: True
11/24/2025 11:41:48 - INFO - __main__ -   Poison acc: False

11/24/2025 11:41:48 - INFO - __main__ -   ***** Epoch 28 *****
11/24/2025 11:42:04 - INFO - __main__ -   top-1 acc: 92.23
11/24/2025 11:42:04 - INFO - __main__ -   top-5 acc: 99.80
11/24/2025 11:42:04 - INFO - __main__ -   Best top-1 acc: 92.26
11/24/2025 11:42:04 - INFO - __main__ -   Mean top-1 acc: 88.30
11/24/2025 11:42:04 - INFO - __main__ -   Target acc: True
11/24/2025 11:42:04 - INFO - __main__ -   Poison acc: False

11/24/2025 11:42:04 - INFO - __main__ -   ***** Epoch 29 *****
11/24/2025 11:42:20 - INFO - __main__ -   top-1 acc: 92.35
11/24/2025 11:42:20 - INFO - __main__ -   top-5 acc: 99.81
11/24/2025 11:42:21 - INFO - __main__ -   Best top-1 acc: 92.35
11/24/2025 11:42:21 - INFO - __main__ -   Mean top-1 acc: 88.84
11/24/2025 11:42:21 - INFO - __main__ -   Target acc: True
11/24/2025 11:42:21 - INFO - __main__ -   Poison acc: False

11/24/2025 11:42:21 - INFO - __main__ -   ***** Epoch 30 *****
11/24/2025 11:42:21 - INFO - __main__ -   Identifying small clusters at epoch 30...
11/24/2025 11:43:05 - INFO - __main__ -   top-1 acc: 92.39
11/24/2025 11:43:05 - INFO - __main__ -   top-5 acc: 99.79
11/24/2025 11:43:05 - INFO - __main__ -   Best top-1 acc: 92.39
11/24/2025 11:43:05 - INFO - __main__ -   Mean top-1 acc: 89.42
11/24/2025 11:43:05 - INFO - __main__ -   Target acc: True
11/24/2025 11:43:05 - INFO - __main__ -   Poison acc: False

11/24/2025 11:43:05 - INFO - __main__ -   ***** Epoch 31 *****
11/24/2025 11:43:20 - INFO - __main__ -   top-1 acc: 92.45
11/24/2025 11:43:20 - INFO - __main__ -   top-5 acc: 99.80
11/24/2025 11:43:20 - INFO - __main__ -   Best top-1 acc: 92.45
11/24/2025 11:43:20 - INFO - __main__ -   Mean top-1 acc: 90.01
11/24/2025 11:43:20 - INFO - __main__ -   Target acc: True
11/24/2025 11:43:20 - INFO - __main__ -   Poison acc: False

11/24/2025 11:43:20 - INFO - __main__ -   ***** Epoch 32 *****
11/24/2025 11:43:36 - INFO - __main__ -   top-1 acc: 92.34
11/24/2025 11:43:36 - INFO - __main__ -   top-5 acc: 99.82
11/24/2025 11:43:36 - INFO - __main__ -   Best top-1 acc: 92.45
11/24/2025 11:43:36 - INFO - __main__ -   Mean top-1 acc: 90.52
11/24/2025 11:43:36 - INFO - __main__ -   Target acc: True
11/24/2025 11:43:36 - INFO - __main__ -   Poison acc: False

11/24/2025 11:43:36 - INFO - __main__ -   ***** Epoch 33 *****
11/24/2025 11:43:51 - INFO - __main__ -   top-1 acc: 92.34
11/24/2025 11:43:51 - INFO - __main__ -   top-5 acc: 99.82
11/24/2025 11:43:51 - INFO - __main__ -   Best top-1 acc: 92.45
11/24/2025 11:43:51 - INFO - __main__ -   Mean top-1 acc: 91.04
11/24/2025 11:43:51 - INFO - __main__ -   Target acc: True
11/24/2025 11:43:51 - INFO - __main__ -   Poison acc: False

11/24/2025 11:43:51 - INFO - __main__ -   ***** Epoch 34 *****
11/24/2025 11:44:07 - INFO - __main__ -   top-1 acc: 92.38
11/24/2025 11:44:07 - INFO - __main__ -   top-5 acc: 99.79
11/24/2025 11:44:07 - INFO - __main__ -   Best top-1 acc: 92.45
11/24/2025 11:44:07 - INFO - __main__ -   Mean top-1 acc: 91.67
11/24/2025 11:44:07 - INFO - __main__ -   Target acc: True
11/24/2025 11:44:07 - INFO - __main__ -   Poison acc: False

11/24/2025 11:44:07 - INFO - __main__ -   ***** Epoch 35 *****
11/24/2025 11:44:22 - INFO - __main__ -   top-1 acc: 92.40
11/24/2025 11:44:22 - INFO - __main__ -   top-5 acc: 99.81
11/24/2025 11:44:22 - INFO - __main__ -   Best top-1 acc: 92.45
11/24/2025 11:44:22 - INFO - __main__ -   Mean top-1 acc: 91.79
11/24/2025 11:44:22 - INFO - __main__ -   Target acc: True
11/24/2025 11:44:22 - INFO - __main__ -   Poison acc: False

11/24/2025 11:44:22 - INFO - __main__ -   ***** Epoch 36 *****
11/24/2025 11:44:37 - INFO - __main__ -   top-1 acc: 92.44
11/24/2025 11:44:37 - INFO - __main__ -   top-5 acc: 99.79
11/24/2025 11:44:38 - INFO - __main__ -   Best top-1 acc: 92.45
11/24/2025 11:44:38 - INFO - __main__ -   Mean top-1 acc: 91.88
11/24/2025 11:44:38 - INFO - __main__ -   Target acc: True
11/24/2025 11:44:38 - INFO - __main__ -   Poison acc: False

11/24/2025 11:44:38 - INFO - __main__ -   ***** Epoch 37 *****
11/24/2025 11:44:53 - INFO - __main__ -   top-1 acc: 92.47
11/24/2025 11:44:53 - INFO - __main__ -   top-5 acc: 99.80
11/24/2025 11:44:53 - INFO - __main__ -   Best top-1 acc: 92.47
11/24/2025 11:44:53 - INFO - __main__ -   Mean top-1 acc: 91.96
11/24/2025 11:44:53 - INFO - __main__ -   Target acc: True
11/24/2025 11:44:53 - INFO - __main__ -   Poison acc: False

11/24/2025 11:44:53 - INFO - __main__ -   ***** Epoch 38 *****
11/24/2025 11:45:09 - INFO - __main__ -   top-1 acc: 92.51
11/24/2025 11:45:09 - INFO - __main__ -   top-5 acc: 99.80
11/24/2025 11:45:09 - INFO - __main__ -   Best top-1 acc: 92.51
11/24/2025 11:45:09 - INFO - __main__ -   Mean top-1 acc: 92.03
11/24/2025 11:45:09 - INFO - __main__ -   Target acc: True
11/24/2025 11:45:09 - INFO - __main__ -   Poison acc: False

11/24/2025 11:45:09 - INFO - __main__ -   ***** Epoch 39 *****
11/24/2025 11:45:24 - INFO - __main__ -   top-1 acc: 92.47
11/24/2025 11:45:24 - INFO - __main__ -   top-5 acc: 99.79
11/24/2025 11:45:24 - INFO - __main__ -   Best top-1 acc: 92.51
11/24/2025 11:45:24 - INFO - __main__ -   Mean top-1 acc: 92.10
11/24/2025 11:45:24 - INFO - __main__ -   Target acc: True
11/24/2025 11:45:24 - INFO - __main__ -   Poison acc: False

