11/24/2025 11:56:40 - WARNING - __main__ -   device: cuda:0, n_gpu: 1
11/24/2025 11:56:40 - INFO - __main__ -   {'ap_model': False, 'arch': 'resnet18', 'backdoor': False, 'batch_size': 128, 'clean': False, 'cluster_thresh': 1.0, 'ctime': 0, 'dataset': 'cifar10', 'device': device(type='cuda', index=0), 'drop_after': 30, 'drop_mile': False, 'epochs': 40, 'equal_num': False, 'gpu_id': 0, 'greedy': 'LazyGreedy', 'lr': 0.1, 'metric': 'euclidean', 'n_gpu': 1, 'nesterov': True, 'no_aug': False, 'no_progress': False, 'num_workers': 4, 'out': 'results/epic_gm_eps8_run2/resnet18-cifar10-645_Project_v3.None-epoch40.15.25.35-coreset-pred-0.1-10-start-after-30', 'patch_size': 5, 'poisons_path': '/home/r0liu015/645project_last/poisoning-benchmark/poison_examples_gm/645_Project_v3/2', 'resume': '', 'scenario': 'scratch', 'seed': None, 'start_epoch': 0, 'steps': [15, 25, 35], 'stop_after': 200, 'subset_freq': 10, 'subset_sampler': 'coreset-pred', 'subset_size': 0.1, 'top_frac': 0.1, 'trigger_path': None, 'wdecay': 0.0005, 'world_size': 1}
11/24/2025 11:56:41 - INFO - __main__ -   500 poisons in this trial.
11/24/2025 11:56:41 - INFO - __main__ -   Total params: 11.17M
11/24/2025 11:56:42 - INFO - __main__ -   Target class 5; Poisoned label: 3
11/24/2025 11:56:42 - INFO - __main__ -   ***** Running training *****
11/24/2025 11:56:42 - INFO - __main__ -     Num Epochs = 40
11/24/2025 11:56:42 - INFO - __main__ -     Batch size per GPU = 128
11/24/2025 11:56:42 - INFO - __main__ -     Total train batch size = 128
11/24/2025 11:56:42 - INFO - __main__ -   ***** Epoch 0 *****
11/24/2025 11:56:58 - INFO - __main__ -   top-1 acc: 38.88
11/24/2025 11:56:58 - INFO - __main__ -   top-5 acc: 89.48
11/24/2025 11:56:58 - INFO - __main__ -   Best top-1 acc: 38.88
11/24/2025 11:56:58 - INFO - __main__ -   Mean top-1 acc: 38.88
11/24/2025 11:56:58 - INFO - __main__ -   Target acc: False
11/24/2025 11:56:58 - INFO - __main__ -   Poison acc: True

11/24/2025 11:56:58 - INFO - __main__ -   ***** Epoch 1 *****
11/24/2025 11:57:14 - INFO - __main__ -   top-1 acc: 55.86
11/24/2025 11:57:14 - INFO - __main__ -   top-5 acc: 94.72
11/24/2025 11:57:14 - INFO - __main__ -   Best top-1 acc: 55.86
11/24/2025 11:57:14 - INFO - __main__ -   Mean top-1 acc: 47.37
11/24/2025 11:57:14 - INFO - __main__ -   Target acc: False
11/24/2025 11:57:14 - INFO - __main__ -   Poison acc: False

11/24/2025 11:57:14 - INFO - __main__ -   ***** Epoch 2 *****
11/24/2025 11:57:30 - INFO - __main__ -   top-1 acc: 64.01
11/24/2025 11:57:30 - INFO - __main__ -   top-5 acc: 96.91
11/24/2025 11:57:30 - INFO - __main__ -   Best top-1 acc: 64.01
11/24/2025 11:57:30 - INFO - __main__ -   Mean top-1 acc: 52.92
11/24/2025 11:57:30 - INFO - __main__ -   Target acc: True
11/24/2025 11:57:30 - INFO - __main__ -   Poison acc: False

11/24/2025 11:57:30 - INFO - __main__ -   ***** Epoch 3 *****
11/24/2025 11:57:46 - INFO - __main__ -   top-1 acc: 69.40
11/24/2025 11:57:46 - INFO - __main__ -   top-5 acc: 97.48
11/24/2025 11:57:46 - INFO - __main__ -   Best top-1 acc: 69.40
11/24/2025 11:57:46 - INFO - __main__ -   Mean top-1 acc: 57.04
11/24/2025 11:57:46 - INFO - __main__ -   Target acc: True
11/24/2025 11:57:46 - INFO - __main__ -   Poison acc: False

11/24/2025 11:57:46 - INFO - __main__ -   ***** Epoch 4 *****
11/24/2025 11:58:03 - INFO - __main__ -   top-1 acc: 69.31
11/24/2025 11:58:03 - INFO - __main__ -   top-5 acc: 97.99
11/24/2025 11:58:03 - INFO - __main__ -   Best top-1 acc: 69.40
11/24/2025 11:58:03 - INFO - __main__ -   Mean top-1 acc: 59.49
11/24/2025 11:58:03 - INFO - __main__ -   Target acc: True
11/24/2025 11:58:03 - INFO - __main__ -   Poison acc: False

11/24/2025 11:58:03 - INFO - __main__ -   ***** Epoch 5 *****
11/24/2025 11:58:19 - INFO - __main__ -   top-1 acc: 75.42
11/24/2025 11:58:19 - INFO - __main__ -   top-5 acc: 98.55
11/24/2025 11:58:19 - INFO - __main__ -   Best top-1 acc: 75.42
11/24/2025 11:58:19 - INFO - __main__ -   Mean top-1 acc: 62.15
11/24/2025 11:58:19 - INFO - __main__ -   Target acc: True
11/24/2025 11:58:19 - INFO - __main__ -   Poison acc: False

11/24/2025 11:58:19 - INFO - __main__ -   ***** Epoch 6 *****
11/24/2025 11:58:35 - INFO - __main__ -   top-1 acc: 77.56
11/24/2025 11:58:35 - INFO - __main__ -   top-5 acc: 98.90
11/24/2025 11:58:35 - INFO - __main__ -   Best top-1 acc: 77.56
11/24/2025 11:58:35 - INFO - __main__ -   Mean top-1 acc: 64.35
11/24/2025 11:58:35 - INFO - __main__ -   Target acc: False
11/24/2025 11:58:35 - INFO - __main__ -   Poison acc: False

11/24/2025 11:58:35 - INFO - __main__ -   ***** Epoch 7 *****
11/24/2025 11:58:51 - INFO - __main__ -   top-1 acc: 77.57
11/24/2025 11:58:51 - INFO - __main__ -   top-5 acc: 98.68
11/24/2025 11:58:51 - INFO - __main__ -   Best top-1 acc: 77.57
11/24/2025 11:58:51 - INFO - __main__ -   Mean top-1 acc: 66.00
11/24/2025 11:58:51 - INFO - __main__ -   Target acc: True
11/24/2025 11:58:51 - INFO - __main__ -   Poison acc: False

11/24/2025 11:58:51 - INFO - __main__ -   ***** Epoch 8 *****
11/24/2025 11:59:08 - INFO - __main__ -   top-1 acc: 74.16
11/24/2025 11:59:08 - INFO - __main__ -   top-5 acc: 97.31
11/24/2025 11:59:08 - INFO - __main__ -   Best top-1 acc: 77.57
11/24/2025 11:59:08 - INFO - __main__ -   Mean top-1 acc: 66.91
11/24/2025 11:59:08 - INFO - __main__ -   Target acc: True
11/24/2025 11:59:08 - INFO - __main__ -   Poison acc: False

11/24/2025 11:59:08 - INFO - __main__ -   ***** Epoch 9 *****
11/24/2025 11:59:24 - INFO - __main__ -   top-1 acc: 73.29
11/24/2025 11:59:24 - INFO - __main__ -   top-5 acc: 97.13
11/24/2025 11:59:24 - INFO - __main__ -   Best top-1 acc: 77.57
11/24/2025 11:59:24 - INFO - __main__ -   Mean top-1 acc: 67.55
11/24/2025 11:59:24 - INFO - __main__ -   Target acc: True
11/24/2025 11:59:24 - INFO - __main__ -   Poison acc: False

11/24/2025 11:59:24 - INFO - __main__ -   ***** Epoch 10 *****
11/24/2025 11:59:40 - INFO - __main__ -   top-1 acc: 80.27
11/24/2025 11:59:40 - INFO - __main__ -   top-5 acc: 99.15
11/24/2025 11:59:40 - INFO - __main__ -   Best top-1 acc: 80.27
11/24/2025 11:59:40 - INFO - __main__ -   Mean top-1 acc: 68.70
11/24/2025 11:59:40 - INFO - __main__ -   Target acc: True
11/24/2025 11:59:40 - INFO - __main__ -   Poison acc: False

11/24/2025 11:59:40 - INFO - __main__ -   ***** Epoch 11 *****
11/24/2025 11:59:57 - INFO - __main__ -   top-1 acc: 79.04
11/24/2025 11:59:57 - INFO - __main__ -   top-5 acc: 98.73
11/24/2025 11:59:57 - INFO - __main__ -   Best top-1 acc: 80.27
11/24/2025 11:59:57 - INFO - __main__ -   Mean top-1 acc: 69.56
11/24/2025 11:59:57 - INFO - __main__ -   Target acc: True
11/24/2025 11:59:57 - INFO - __main__ -   Poison acc: False

11/24/2025 11:59:57 - INFO - __main__ -   ***** Epoch 12 *****
11/24/2025 12:00:13 - INFO - __main__ -   top-1 acc: 80.35
11/24/2025 12:00:13 - INFO - __main__ -   top-5 acc: 98.37
11/24/2025 12:00:13 - INFO - __main__ -   Best top-1 acc: 80.35
11/24/2025 12:00:13 - INFO - __main__ -   Mean top-1 acc: 70.39
11/24/2025 12:00:13 - INFO - __main__ -   Target acc: True
11/24/2025 12:00:13 - INFO - __main__ -   Poison acc: False

11/24/2025 12:00:13 - INFO - __main__ -   ***** Epoch 13 *****
11/24/2025 12:00:29 - INFO - __main__ -   top-1 acc: 82.28
11/24/2025 12:00:29 - INFO - __main__ -   top-5 acc: 98.98
11/24/2025 12:00:29 - INFO - __main__ -   Best top-1 acc: 82.28
11/24/2025 12:00:29 - INFO - __main__ -   Mean top-1 acc: 71.24
11/24/2025 12:00:29 - INFO - __main__ -   Target acc: True
11/24/2025 12:00:29 - INFO - __main__ -   Poison acc: False

11/24/2025 12:00:29 - INFO - __main__ -   ***** Epoch 14 *****
11/24/2025 12:00:45 - INFO - __main__ -   top-1 acc: 80.95
11/24/2025 12:00:45 - INFO - __main__ -   top-5 acc: 98.84
11/24/2025 12:00:45 - INFO - __main__ -   Best top-1 acc: 82.28
11/24/2025 12:00:45 - INFO - __main__ -   Mean top-1 acc: 71.89
11/24/2025 12:00:45 - INFO - __main__ -   Target acc: True
11/24/2025 12:00:45 - INFO - __main__ -   Poison acc: False

11/24/2025 12:00:45 - INFO - __main__ -   ***** Epoch 15 *****
11/24/2025 12:01:01 - INFO - __main__ -   top-1 acc: 90.06
11/24/2025 12:01:01 - INFO - __main__ -   top-5 acc: 99.70
11/24/2025 12:01:01 - INFO - __main__ -   Best top-1 acc: 90.06
11/24/2025 12:01:01 - INFO - __main__ -   Mean top-1 acc: 73.03
11/24/2025 12:01:01 - INFO - __main__ -   Target acc: True
11/24/2025 12:01:01 - INFO - __main__ -   Poison acc: False

11/24/2025 12:01:01 - INFO - __main__ -   ***** Epoch 16 *****
11/24/2025 12:01:17 - INFO - __main__ -   top-1 acc: 90.76
11/24/2025 12:01:17 - INFO - __main__ -   top-5 acc: 99.74
11/24/2025 12:01:18 - INFO - __main__ -   Best top-1 acc: 90.76
11/24/2025 12:01:18 - INFO - __main__ -   Mean top-1 acc: 74.07
11/24/2025 12:01:18 - INFO - __main__ -   Target acc: True
11/24/2025 12:01:18 - INFO - __main__ -   Poison acc: False

11/24/2025 12:01:18 - INFO - __main__ -   ***** Epoch 17 *****
11/24/2025 12:01:33 - INFO - __main__ -   top-1 acc: 90.72
11/24/2025 12:01:33 - INFO - __main__ -   top-5 acc: 99.77
11/24/2025 12:01:34 - INFO - __main__ -   Best top-1 acc: 90.76
11/24/2025 12:01:34 - INFO - __main__ -   Mean top-1 acc: 74.99
11/24/2025 12:01:34 - INFO - __main__ -   Target acc: True
11/24/2025 12:01:34 - INFO - __main__ -   Poison acc: False

11/24/2025 12:01:34 - INFO - __main__ -   ***** Epoch 18 *****
11/24/2025 12:01:50 - INFO - __main__ -   top-1 acc: 90.85
11/24/2025 12:01:50 - INFO - __main__ -   top-5 acc: 99.72
11/24/2025 12:01:50 - INFO - __main__ -   Best top-1 acc: 90.85
11/24/2025 12:01:50 - INFO - __main__ -   Mean top-1 acc: 75.83
11/24/2025 12:01:50 - INFO - __main__ -   Target acc: True
11/24/2025 12:01:50 - INFO - __main__ -   Poison acc: False

11/24/2025 12:01:50 - INFO - __main__ -   ***** Epoch 19 *****
11/24/2025 12:02:06 - INFO - __main__ -   top-1 acc: 91.00
11/24/2025 12:02:06 - INFO - __main__ -   top-5 acc: 99.73
11/24/2025 12:02:06 - INFO - __main__ -   Best top-1 acc: 91.00
11/24/2025 12:02:06 - INFO - __main__ -   Mean top-1 acc: 76.59
11/24/2025 12:02:06 - INFO - __main__ -   Target acc: True
11/24/2025 12:02:06 - INFO - __main__ -   Poison acc: False

11/24/2025 12:02:06 - INFO - __main__ -   ***** Epoch 20 *****
11/24/2025 12:02:22 - INFO - __main__ -   top-1 acc: 91.15
11/24/2025 12:02:22 - INFO - __main__ -   top-5 acc: 99.79
11/24/2025 12:02:22 - INFO - __main__ -   Best top-1 acc: 91.15
11/24/2025 12:02:22 - INFO - __main__ -   Mean top-1 acc: 79.20
11/24/2025 12:02:22 - INFO - __main__ -   Target acc: False
11/24/2025 12:02:22 - INFO - __main__ -   Poison acc: True

11/24/2025 12:02:22 - INFO - __main__ -   ***** Epoch 21 *****
11/24/2025 12:02:38 - INFO - __main__ -   top-1 acc: 91.21
11/24/2025 12:02:38 - INFO - __main__ -   top-5 acc: 99.79
11/24/2025 12:02:38 - INFO - __main__ -   Best top-1 acc: 91.21
11/24/2025 12:02:38 - INFO - __main__ -   Mean top-1 acc: 80.97
11/24/2025 12:02:38 - INFO - __main__ -   Target acc: True
11/24/2025 12:02:38 - INFO - __main__ -   Poison acc: False

11/24/2025 12:02:38 - INFO - __main__ -   ***** Epoch 22 *****
11/24/2025 12:02:55 - INFO - __main__ -   top-1 acc: 91.23
11/24/2025 12:02:55 - INFO - __main__ -   top-5 acc: 99.71
11/24/2025 12:02:55 - INFO - __main__ -   Best top-1 acc: 91.23
11/24/2025 12:02:55 - INFO - __main__ -   Mean top-1 acc: 82.33
11/24/2025 12:02:55 - INFO - __main__ -   Target acc: False
11/24/2025 12:02:55 - INFO - __main__ -   Poison acc: True

11/24/2025 12:02:55 - INFO - __main__ -   ***** Epoch 23 *****
11/24/2025 12:03:11 - INFO - __main__ -   top-1 acc: 91.19
11/24/2025 12:03:11 - INFO - __main__ -   top-5 acc: 99.75
11/24/2025 12:03:11 - INFO - __main__ -   Best top-1 acc: 91.23
11/24/2025 12:03:11 - INFO - __main__ -   Mean top-1 acc: 83.42
11/24/2025 12:03:11 - INFO - __main__ -   Target acc: True
11/24/2025 12:03:11 - INFO - __main__ -   Poison acc: False

11/24/2025 12:03:11 - INFO - __main__ -   ***** Epoch 24 *****
11/24/2025 12:03:27 - INFO - __main__ -   top-1 acc: 91.43
11/24/2025 12:03:27 - INFO - __main__ -   top-5 acc: 99.74
11/24/2025 12:03:27 - INFO - __main__ -   Best top-1 acc: 91.43
11/24/2025 12:03:27 - INFO - __main__ -   Mean top-1 acc: 84.52
11/24/2025 12:03:27 - INFO - __main__ -   Target acc: False
11/24/2025 12:03:27 - INFO - __main__ -   Poison acc: True

11/24/2025 12:03:27 - INFO - __main__ -   ***** Epoch 25 *****
11/24/2025 12:03:43 - INFO - __main__ -   top-1 acc: 92.06
11/24/2025 12:03:43 - INFO - __main__ -   top-5 acc: 99.76
11/24/2025 12:03:43 - INFO - __main__ -   Best top-1 acc: 92.06
11/24/2025 12:03:43 - INFO - __main__ -   Mean top-1 acc: 85.36
11/24/2025 12:03:43 - INFO - __main__ -   Target acc: False
11/24/2025 12:03:43 - INFO - __main__ -   Poison acc: True

11/24/2025 12:03:43 - INFO - __main__ -   ***** Epoch 26 *****
11/24/2025 12:04:00 - INFO - __main__ -   top-1 acc: 92.12
11/24/2025 12:04:00 - INFO - __main__ -   top-5 acc: 99.73
11/24/2025 12:04:00 - INFO - __main__ -   Best top-1 acc: 92.12
11/24/2025 12:04:00 - INFO - __main__ -   Mean top-1 acc: 86.08
11/24/2025 12:04:00 - INFO - __main__ -   Target acc: False
11/24/2025 12:04:00 - INFO - __main__ -   Poison acc: True

11/24/2025 12:04:00 - INFO - __main__ -   ***** Epoch 27 *****
11/24/2025 12:04:16 - INFO - __main__ -   top-1 acc: 92.00
11/24/2025 12:04:16 - INFO - __main__ -   top-5 acc: 99.77
11/24/2025 12:04:16 - INFO - __main__ -   Best top-1 acc: 92.12
11/24/2025 12:04:16 - INFO - __main__ -   Mean top-1 acc: 86.81
11/24/2025 12:04:16 - INFO - __main__ -   Target acc: False
11/24/2025 12:04:16 - INFO - __main__ -   Poison acc: True

11/24/2025 12:04:16 - INFO - __main__ -   ***** Epoch 28 *****
11/24/2025 12:04:32 - INFO - __main__ -   top-1 acc: 92.08
11/24/2025 12:04:32 - INFO - __main__ -   top-5 acc: 99.78
11/24/2025 12:04:32 - INFO - __main__ -   Best top-1 acc: 92.12
11/24/2025 12:04:32 - INFO - __main__ -   Mean top-1 acc: 87.70
11/24/2025 12:04:32 - INFO - __main__ -   Target acc: False
11/24/2025 12:04:32 - INFO - __main__ -   Poison acc: True

11/24/2025 12:04:32 - INFO - __main__ -   ***** Epoch 29 *****
11/24/2025 12:04:48 - INFO - __main__ -   top-1 acc: 92.11
11/24/2025 12:04:48 - INFO - __main__ -   top-5 acc: 99.77
11/24/2025 12:04:48 - INFO - __main__ -   Best top-1 acc: 92.12
11/24/2025 12:04:48 - INFO - __main__ -   Mean top-1 acc: 88.64
11/24/2025 12:04:48 - INFO - __main__ -   Target acc: False
11/24/2025 12:04:48 - INFO - __main__ -   Poison acc: True

11/24/2025 12:04:48 - INFO - __main__ -   ***** Epoch 30 *****
11/24/2025 12:04:48 - INFO - __main__ -   Identifying small clusters at epoch 30...
11/24/2025 12:05:33 - INFO - __main__ -   top-1 acc: 92.28
11/24/2025 12:05:33 - INFO - __main__ -   top-5 acc: 99.79
11/24/2025 12:05:33 - INFO - __main__ -   Best top-1 acc: 92.28
11/24/2025 12:05:33 - INFO - __main__ -   Mean top-1 acc: 89.24
11/24/2025 12:05:33 - INFO - __main__ -   Target acc: False
11/24/2025 12:05:33 - INFO - __main__ -   Poison acc: True

11/24/2025 12:05:33 - INFO - __main__ -   ***** Epoch 31 *****
11/24/2025 12:05:48 - INFO - __main__ -   top-1 acc: 92.11
11/24/2025 12:05:48 - INFO - __main__ -   top-5 acc: 99.76
11/24/2025 12:05:48 - INFO - __main__ -   Best top-1 acc: 92.28
11/24/2025 12:05:48 - INFO - __main__ -   Mean top-1 acc: 89.90
11/24/2025 12:05:48 - INFO - __main__ -   Target acc: False
11/24/2025 12:05:48 - INFO - __main__ -   Poison acc: True

11/24/2025 12:05:48 - INFO - __main__ -   ***** Epoch 32 *****
11/24/2025 12:06:04 - INFO - __main__ -   top-1 acc: 92.29
11/24/2025 12:06:04 - INFO - __main__ -   top-5 acc: 99.80
11/24/2025 12:06:04 - INFO - __main__ -   Best top-1 acc: 92.29
11/24/2025 12:06:04 - INFO - __main__ -   Mean top-1 acc: 90.49
11/24/2025 12:06:04 - INFO - __main__ -   Target acc: False
11/24/2025 12:06:04 - INFO - __main__ -   Poison acc: True

11/24/2025 12:06:04 - INFO - __main__ -   ***** Epoch 33 *****
11/24/2025 12:06:19 - INFO - __main__ -   top-1 acc: 92.12
11/24/2025 12:06:19 - INFO - __main__ -   top-5 acc: 99.76
11/24/2025 12:06:19 - INFO - __main__ -   Best top-1 acc: 92.29
11/24/2025 12:06:19 - INFO - __main__ -   Mean top-1 acc: 90.99
11/24/2025 12:06:19 - INFO - __main__ -   Target acc: False
11/24/2025 12:06:19 - INFO - __main__ -   Poison acc: True

11/24/2025 12:06:19 - INFO - __main__ -   ***** Epoch 34 *****
11/24/2025 12:06:34 - INFO - __main__ -   top-1 acc: 92.05
11/24/2025 12:06:34 - INFO - __main__ -   top-5 acc: 99.78
11/24/2025 12:06:34 - INFO - __main__ -   Best top-1 acc: 92.29
11/24/2025 12:06:34 - INFO - __main__ -   Mean top-1 acc: 91.54
11/24/2025 12:06:34 - INFO - __main__ -   Target acc: False
11/24/2025 12:06:34 - INFO - __main__ -   Poison acc: True

11/24/2025 12:06:34 - INFO - __main__ -   ***** Epoch 35 *****
11/24/2025 12:06:50 - INFO - __main__ -   top-1 acc: 92.05
11/24/2025 12:06:50 - INFO - __main__ -   top-5 acc: 99.77
11/24/2025 12:06:50 - INFO - __main__ -   Best top-1 acc: 92.29
11/24/2025 12:06:50 - INFO - __main__ -   Mean top-1 acc: 91.64
11/24/2025 12:06:50 - INFO - __main__ -   Target acc: False
11/24/2025 12:06:50 - INFO - __main__ -   Poison acc: True

11/24/2025 12:06:50 - INFO - __main__ -   ***** Epoch 36 *****
11/24/2025 12:07:05 - INFO - __main__ -   top-1 acc: 92.18
11/24/2025 12:07:05 - INFO - __main__ -   top-5 acc: 99.75
11/24/2025 12:07:05 - INFO - __main__ -   Best top-1 acc: 92.29
11/24/2025 12:07:05 - INFO - __main__ -   Mean top-1 acc: 91.71
11/24/2025 12:07:05 - INFO - __main__ -   Target acc: False
11/24/2025 12:07:05 - INFO - __main__ -   Poison acc: True

11/24/2025 12:07:05 - INFO - __main__ -   ***** Epoch 37 *****
11/24/2025 12:07:20 - INFO - __main__ -   top-1 acc: 92.21
11/24/2025 12:07:21 - INFO - __main__ -   top-5 acc: 99.79
11/24/2025 12:07:21 - INFO - __main__ -   Best top-1 acc: 92.29
11/24/2025 12:07:21 - INFO - __main__ -   Mean top-1 acc: 91.79
11/24/2025 12:07:21 - INFO - __main__ -   Target acc: False
11/24/2025 12:07:21 - INFO - __main__ -   Poison acc: True

11/24/2025 12:07:21 - INFO - __main__ -   ***** Epoch 38 *****
11/24/2025 12:07:36 - INFO - __main__ -   top-1 acc: 92.10
11/24/2025 12:07:36 - INFO - __main__ -   top-5 acc: 99.76
11/24/2025 12:07:36 - INFO - __main__ -   Best top-1 acc: 92.29
11/24/2025 12:07:36 - INFO - __main__ -   Mean top-1 acc: 91.85
11/24/2025 12:07:36 - INFO - __main__ -   Target acc: False
11/24/2025 12:07:36 - INFO - __main__ -   Poison acc: True

11/24/2025 12:07:36 - INFO - __main__ -   ***** Epoch 39 *****
11/24/2025 12:07:51 - INFO - __main__ -   top-1 acc: 92.12
11/24/2025 12:07:51 - INFO - __main__ -   top-5 acc: 99.77
11/24/2025 12:07:51 - INFO - __main__ -   Best top-1 acc: 92.29
11/24/2025 12:07:51 - INFO - __main__ -   Mean top-1 acc: 91.90
11/24/2025 12:07:51 - INFO - __main__ -   Target acc: False
11/24/2025 12:07:51 - INFO - __main__ -   Poison acc: True

