11/24/2025 14:00:27 - WARNING - __main__ -   device: cuda:0, n_gpu: 1
11/24/2025 14:00:27 - INFO - __main__ -   {'ap_model': False, 'arch': 'resnet18', 'backdoor': False, 'batch_size': 128, 'clean': False, 'cluster_thresh': 1.0, 'ctime': 0, 'dataset': 'cifar10', 'device': device(type='cuda', index=0), 'drop_after': 30, 'drop_mile': False, 'epochs': 40, 'equal_num': False, 'gpu_id': 0, 'greedy': 'LazyGreedy', 'lr': 0.1, 'metric': 'euclidean', 'n_gpu': 1, 'nesterov': True, 'no_aug': False, 'no_progress': False, 'num_workers': 4, 'out': 'results/epic_gm_eps8_run13/resnet18-cifar10-645_Project_v3.None-epoch40.15.25.35-coreset-pred-0.1-10-start-after-30', 'patch_size': 5, 'poisons_path': '/home/r0liu015/645project_last/poisoning-benchmark/poison_examples_gm/645_Project_v3/13', 'resume': '', 'scenario': 'scratch', 'seed': None, 'start_epoch': 0, 'steps': [15, 25, 35], 'stop_after': 200, 'subset_freq': 10, 'subset_sampler': 'coreset-pred', 'subset_size': 0.1, 'top_frac': 0.1, 'trigger_path': None, 'wdecay': 0.0005, 'world_size': 1}
11/24/2025 14:00:27 - INFO - __main__ -   500 poisons in this trial.
11/24/2025 14:00:28 - INFO - __main__ -   Total params: 11.17M
11/24/2025 14:00:28 - INFO - __main__ -   Target class 8; Poisoned label: 9
11/24/2025 14:00:28 - INFO - __main__ -   ***** Running training *****
11/24/2025 14:00:28 - INFO - __main__ -     Num Epochs = 40
11/24/2025 14:00:28 - INFO - __main__ -     Batch size per GPU = 128
11/24/2025 14:00:28 - INFO - __main__ -     Total train batch size = 128
11/24/2025 14:00:28 - INFO - __main__ -   ***** Epoch 0 *****
11/24/2025 14:00:44 - INFO - __main__ -   top-1 acc: 46.39
11/24/2025 14:00:44 - INFO - __main__ -   top-5 acc: 92.29
11/24/2025 14:00:44 - INFO - __main__ -   Best top-1 acc: 46.39
11/24/2025 14:00:44 - INFO - __main__ -   Mean top-1 acc: 46.39
11/24/2025 14:00:44 - INFO - __main__ -   Target acc: False
11/24/2025 14:00:44 - INFO - __main__ -   Poison acc: True

11/24/2025 14:00:44 - INFO - __main__ -   ***** Epoch 1 *****
11/24/2025 14:01:00 - INFO - __main__ -   top-1 acc: 54.78
11/24/2025 14:01:00 - INFO - __main__ -   top-5 acc: 94.83
11/24/2025 14:01:00 - INFO - __main__ -   Best top-1 acc: 54.78
11/24/2025 14:01:00 - INFO - __main__ -   Mean top-1 acc: 50.59
11/24/2025 14:01:00 - INFO - __main__ -   Target acc: False
11/24/2025 14:01:00 - INFO - __main__ -   Poison acc: True

11/24/2025 14:01:00 - INFO - __main__ -   ***** Epoch 2 *****
11/24/2025 14:01:16 - INFO - __main__ -   top-1 acc: 65.38
11/24/2025 14:01:16 - INFO - __main__ -   top-5 acc: 97.28
11/24/2025 14:01:16 - INFO - __main__ -   Best top-1 acc: 65.38
11/24/2025 14:01:16 - INFO - __main__ -   Mean top-1 acc: 55.52
11/24/2025 14:01:16 - INFO - __main__ -   Target acc: True
11/24/2025 14:01:16 - INFO - __main__ -   Poison acc: False

11/24/2025 14:01:16 - INFO - __main__ -   ***** Epoch 3 *****
11/24/2025 14:01:32 - INFO - __main__ -   top-1 acc: 68.70
11/24/2025 14:01:32 - INFO - __main__ -   top-5 acc: 97.56
11/24/2025 14:01:32 - INFO - __main__ -   Best top-1 acc: 68.70
11/24/2025 14:01:32 - INFO - __main__ -   Mean top-1 acc: 58.81
11/24/2025 14:01:32 - INFO - __main__ -   Target acc: True
11/24/2025 14:01:32 - INFO - __main__ -   Poison acc: False

11/24/2025 14:01:32 - INFO - __main__ -   ***** Epoch 4 *****
11/24/2025 14:01:48 - INFO - __main__ -   top-1 acc: 67.15
11/24/2025 14:01:48 - INFO - __main__ -   top-5 acc: 97.62
11/24/2025 14:01:49 - INFO - __main__ -   Best top-1 acc: 68.70
11/24/2025 14:01:49 - INFO - __main__ -   Mean top-1 acc: 60.48
11/24/2025 14:01:49 - INFO - __main__ -   Target acc: False
11/24/2025 14:01:49 - INFO - __main__ -   Poison acc: True

11/24/2025 14:01:49 - INFO - __main__ -   ***** Epoch 5 *****
11/24/2025 14:02:05 - INFO - __main__ -   top-1 acc: 75.24
11/24/2025 14:02:05 - INFO - __main__ -   top-5 acc: 98.50
11/24/2025 14:02:05 - INFO - __main__ -   Best top-1 acc: 75.24
11/24/2025 14:02:05 - INFO - __main__ -   Mean top-1 acc: 62.94
11/24/2025 14:02:05 - INFO - __main__ -   Target acc: False
11/24/2025 14:02:05 - INFO - __main__ -   Poison acc: False

11/24/2025 14:02:05 - INFO - __main__ -   ***** Epoch 6 *****
11/24/2025 14:02:21 - INFO - __main__ -   top-1 acc: 76.19
11/24/2025 14:02:21 - INFO - __main__ -   top-5 acc: 98.72
11/24/2025 14:02:21 - INFO - __main__ -   Best top-1 acc: 76.19
11/24/2025 14:02:21 - INFO - __main__ -   Mean top-1 acc: 64.83
11/24/2025 14:02:21 - INFO - __main__ -   Target acc: True
11/24/2025 14:02:21 - INFO - __main__ -   Poison acc: False

11/24/2025 14:02:21 - INFO - __main__ -   ***** Epoch 7 *****
11/24/2025 14:02:37 - INFO - __main__ -   top-1 acc: 73.06
11/24/2025 14:02:37 - INFO - __main__ -   top-5 acc: 97.66
11/24/2025 14:02:37 - INFO - __main__ -   Best top-1 acc: 76.19
11/24/2025 14:02:37 - INFO - __main__ -   Mean top-1 acc: 65.86
11/24/2025 14:02:37 - INFO - __main__ -   Target acc: False
11/24/2025 14:02:37 - INFO - __main__ -   Poison acc: False

11/24/2025 14:02:37 - INFO - __main__ -   ***** Epoch 8 *****
11/24/2025 14:02:54 - INFO - __main__ -   top-1 acc: 79.46
11/24/2025 14:02:54 - INFO - __main__ -   top-5 acc: 99.11
11/24/2025 14:02:54 - INFO - __main__ -   Best top-1 acc: 79.46
11/24/2025 14:02:54 - INFO - __main__ -   Mean top-1 acc: 67.37
11/24/2025 14:02:54 - INFO - __main__ -   Target acc: False
11/24/2025 14:02:54 - INFO - __main__ -   Poison acc: True

11/24/2025 14:02:54 - INFO - __main__ -   ***** Epoch 9 *****
11/24/2025 14:03:10 - INFO - __main__ -   top-1 acc: 80.23
11/24/2025 14:03:10 - INFO - __main__ -   top-5 acc: 98.96
11/24/2025 14:03:10 - INFO - __main__ -   Best top-1 acc: 80.23
11/24/2025 14:03:10 - INFO - __main__ -   Mean top-1 acc: 68.66
11/24/2025 14:03:10 - INFO - __main__ -   Target acc: False
11/24/2025 14:03:10 - INFO - __main__ -   Poison acc: True

11/24/2025 14:03:10 - INFO - __main__ -   ***** Epoch 10 *****
11/24/2025 14:03:26 - INFO - __main__ -   top-1 acc: 82.20
11/24/2025 14:03:26 - INFO - __main__ -   top-5 acc: 99.21
11/24/2025 14:03:26 - INFO - __main__ -   Best top-1 acc: 82.20
11/24/2025 14:03:26 - INFO - __main__ -   Mean top-1 acc: 69.89
11/24/2025 14:03:26 - INFO - __main__ -   Target acc: True
11/24/2025 14:03:26 - INFO - __main__ -   Poison acc: False

11/24/2025 14:03:26 - INFO - __main__ -   ***** Epoch 11 *****
11/24/2025 14:03:42 - INFO - __main__ -   top-1 acc: 76.79
11/24/2025 14:03:42 - INFO - __main__ -   top-5 acc: 98.31
11/24/2025 14:03:43 - INFO - __main__ -   Best top-1 acc: 82.20
11/24/2025 14:03:43 - INFO - __main__ -   Mean top-1 acc: 70.46
11/24/2025 14:03:43 - INFO - __main__ -   Target acc: False
11/24/2025 14:03:43 - INFO - __main__ -   Poison acc: False

11/24/2025 14:03:43 - INFO - __main__ -   ***** Epoch 12 *****
11/24/2025 14:03:59 - INFO - __main__ -   top-1 acc: 79.06
11/24/2025 14:03:59 - INFO - __main__ -   top-5 acc: 98.98
11/24/2025 14:03:59 - INFO - __main__ -   Best top-1 acc: 82.20
11/24/2025 14:03:59 - INFO - __main__ -   Mean top-1 acc: 71.13
11/24/2025 14:03:59 - INFO - __main__ -   Target acc: False
11/24/2025 14:03:59 - INFO - __main__ -   Poison acc: False

11/24/2025 14:03:59 - INFO - __main__ -   ***** Epoch 13 *****
11/24/2025 14:04:15 - INFO - __main__ -   top-1 acc: 82.81
11/24/2025 14:04:15 - INFO - __main__ -   top-5 acc: 99.25
11/24/2025 14:04:15 - INFO - __main__ -   Best top-1 acc: 82.81
11/24/2025 14:04:15 - INFO - __main__ -   Mean top-1 acc: 71.96
11/24/2025 14:04:15 - INFO - __main__ -   Target acc: False
11/24/2025 14:04:15 - INFO - __main__ -   Poison acc: True

11/24/2025 14:04:15 - INFO - __main__ -   ***** Epoch 14 *****
11/24/2025 14:04:31 - INFO - __main__ -   top-1 acc: 84.45
11/24/2025 14:04:31 - INFO - __main__ -   top-5 acc: 99.44
11/24/2025 14:04:31 - INFO - __main__ -   Best top-1 acc: 84.45
11/24/2025 14:04:31 - INFO - __main__ -   Mean top-1 acc: 72.79
11/24/2025 14:04:31 - INFO - __main__ -   Target acc: False
11/24/2025 14:04:31 - INFO - __main__ -   Poison acc: True

11/24/2025 14:04:31 - INFO - __main__ -   ***** Epoch 15 *****
11/24/2025 14:04:47 - INFO - __main__ -   top-1 acc: 89.50
11/24/2025 14:04:47 - INFO - __main__ -   top-5 acc: 99.65
11/24/2025 14:04:47 - INFO - __main__ -   Best top-1 acc: 89.50
11/24/2025 14:04:47 - INFO - __main__ -   Mean top-1 acc: 73.84
11/24/2025 14:04:47 - INFO - __main__ -   Target acc: False
11/24/2025 14:04:47 - INFO - __main__ -   Poison acc: True

11/24/2025 14:04:47 - INFO - __main__ -   ***** Epoch 16 *****
11/24/2025 14:05:03 - INFO - __main__ -   top-1 acc: 90.56
11/24/2025 14:05:03 - INFO - __main__ -   top-5 acc: 99.71
11/24/2025 14:05:03 - INFO - __main__ -   Best top-1 acc: 90.56
11/24/2025 14:05:03 - INFO - __main__ -   Mean top-1 acc: 74.82
11/24/2025 14:05:03 - INFO - __main__ -   Target acc: False
11/24/2025 14:05:03 - INFO - __main__ -   Poison acc: True

11/24/2025 14:05:03 - INFO - __main__ -   ***** Epoch 17 *****
11/24/2025 14:05:19 - INFO - __main__ -   top-1 acc: 90.92
11/24/2025 14:05:19 - INFO - __main__ -   top-5 acc: 99.68
11/24/2025 14:05:20 - INFO - __main__ -   Best top-1 acc: 90.92
11/24/2025 14:05:20 - INFO - __main__ -   Mean top-1 acc: 75.72
11/24/2025 14:05:20 - INFO - __main__ -   Target acc: False
11/24/2025 14:05:20 - INFO - __main__ -   Poison acc: True

11/24/2025 14:05:20 - INFO - __main__ -   ***** Epoch 18 *****
11/24/2025 14:05:36 - INFO - __main__ -   top-1 acc: 90.73
11/24/2025 14:05:36 - INFO - __main__ -   top-5 acc: 99.75
11/24/2025 14:05:36 - INFO - __main__ -   Best top-1 acc: 90.92
11/24/2025 14:05:36 - INFO - __main__ -   Mean top-1 acc: 76.51
11/24/2025 14:05:36 - INFO - __main__ -   Target acc: False
11/24/2025 14:05:36 - INFO - __main__ -   Poison acc: True

11/24/2025 14:05:36 - INFO - __main__ -   ***** Epoch 19 *****
11/24/2025 14:05:52 - INFO - __main__ -   top-1 acc: 90.81
11/24/2025 14:05:52 - INFO - __main__ -   top-5 acc: 99.77
11/24/2025 14:05:52 - INFO - __main__ -   Best top-1 acc: 90.92
11/24/2025 14:05:52 - INFO - __main__ -   Mean top-1 acc: 77.22
11/24/2025 14:05:52 - INFO - __main__ -   Target acc: False
11/24/2025 14:05:52 - INFO - __main__ -   Poison acc: True

11/24/2025 14:05:52 - INFO - __main__ -   ***** Epoch 20 *****
11/24/2025 14:06:08 - INFO - __main__ -   top-1 acc: 91.00
11/24/2025 14:06:08 - INFO - __main__ -   top-5 acc: 99.72
11/24/2025 14:06:08 - INFO - __main__ -   Best top-1 acc: 91.00
11/24/2025 14:06:08 - INFO - __main__ -   Mean top-1 acc: 79.45
11/24/2025 14:06:08 - INFO - __main__ -   Target acc: False
11/24/2025 14:06:08 - INFO - __main__ -   Poison acc: True

11/24/2025 14:06:08 - INFO - __main__ -   ***** Epoch 21 *****
11/24/2025 14:06:24 - INFO - __main__ -   top-1 acc: 91.12
11/24/2025 14:06:24 - INFO - __main__ -   top-5 acc: 99.70
11/24/2025 14:06:25 - INFO - __main__ -   Best top-1 acc: 91.12
11/24/2025 14:06:25 - INFO - __main__ -   Mean top-1 acc: 81.27
11/24/2025 14:06:25 - INFO - __main__ -   Target acc: False
11/24/2025 14:06:25 - INFO - __main__ -   Poison acc: True

11/24/2025 14:06:25 - INFO - __main__ -   ***** Epoch 22 *****
11/24/2025 14:06:41 - INFO - __main__ -   top-1 acc: 90.74
11/24/2025 14:06:41 - INFO - __main__ -   top-5 acc: 99.78
11/24/2025 14:06:41 - INFO - __main__ -   Best top-1 acc: 91.12
11/24/2025 14:06:41 - INFO - __main__ -   Mean top-1 acc: 82.54
11/24/2025 14:06:41 - INFO - __main__ -   Target acc: False
11/24/2025 14:06:41 - INFO - __main__ -   Poison acc: True

11/24/2025 14:06:41 - INFO - __main__ -   ***** Epoch 23 *****
11/24/2025 14:06:57 - INFO - __main__ -   top-1 acc: 90.86
11/24/2025 14:06:57 - INFO - __main__ -   top-5 acc: 99.77
11/24/2025 14:06:57 - INFO - __main__ -   Best top-1 acc: 91.12
11/24/2025 14:06:57 - INFO - __main__ -   Mean top-1 acc: 83.64
11/24/2025 14:06:57 - INFO - __main__ -   Target acc: False
11/24/2025 14:06:57 - INFO - __main__ -   Poison acc: True

11/24/2025 14:06:57 - INFO - __main__ -   ***** Epoch 24 *****
11/24/2025 14:07:13 - INFO - __main__ -   top-1 acc: 91.30
11/24/2025 14:07:13 - INFO - __main__ -   top-5 acc: 99.74
11/24/2025 14:07:13 - INFO - __main__ -   Best top-1 acc: 91.30
11/24/2025 14:07:13 - INFO - __main__ -   Mean top-1 acc: 84.85
11/24/2025 14:07:13 - INFO - __main__ -   Target acc: False
11/24/2025 14:07:13 - INFO - __main__ -   Poison acc: True

11/24/2025 14:07:13 - INFO - __main__ -   ***** Epoch 25 *****
11/24/2025 14:07:30 - INFO - __main__ -   top-1 acc: 91.73
11/24/2025 14:07:30 - INFO - __main__ -   top-5 acc: 99.77
11/24/2025 14:07:30 - INFO - __main__ -   Best top-1 acc: 91.73
11/24/2025 14:07:30 - INFO - __main__ -   Mean top-1 acc: 85.68
11/24/2025 14:07:30 - INFO - __main__ -   Target acc: False
11/24/2025 14:07:30 - INFO - __main__ -   Poison acc: True

11/24/2025 14:07:30 - INFO - __main__ -   ***** Epoch 26 *****
11/24/2025 14:07:46 - INFO - __main__ -   top-1 acc: 91.87
11/24/2025 14:07:46 - INFO - __main__ -   top-5 acc: 99.73
11/24/2025 14:07:46 - INFO - __main__ -   Best top-1 acc: 91.87
11/24/2025 14:07:46 - INFO - __main__ -   Mean top-1 acc: 86.46
11/24/2025 14:07:46 - INFO - __main__ -   Target acc: False
11/24/2025 14:07:46 - INFO - __main__ -   Poison acc: True

11/24/2025 14:07:46 - INFO - __main__ -   ***** Epoch 27 *****
11/24/2025 14:08:02 - INFO - __main__ -   top-1 acc: 91.93
11/24/2025 14:08:02 - INFO - __main__ -   top-5 acc: 99.77
11/24/2025 14:08:02 - INFO - __main__ -   Best top-1 acc: 91.93
11/24/2025 14:08:02 - INFO - __main__ -   Mean top-1 acc: 87.40
11/24/2025 14:08:02 - INFO - __main__ -   Target acc: False
11/24/2025 14:08:02 - INFO - __main__ -   Poison acc: True

11/24/2025 14:08:02 - INFO - __main__ -   ***** Epoch 28 *****
11/24/2025 14:08:19 - INFO - __main__ -   top-1 acc: 91.90
11/24/2025 14:08:19 - INFO - __main__ -   top-5 acc: 99.76
11/24/2025 14:08:19 - INFO - __main__ -   Best top-1 acc: 91.93
11/24/2025 14:08:19 - INFO - __main__ -   Mean top-1 acc: 88.03
11/24/2025 14:08:19 - INFO - __main__ -   Target acc: False
11/24/2025 14:08:19 - INFO - __main__ -   Poison acc: True

11/24/2025 14:08:19 - INFO - __main__ -   ***** Epoch 29 *****
11/24/2025 14:08:35 - INFO - __main__ -   top-1 acc: 92.12
11/24/2025 14:08:35 - INFO - __main__ -   top-5 acc: 99.74
11/24/2025 14:08:35 - INFO - __main__ -   Best top-1 acc: 92.12
11/24/2025 14:08:35 - INFO - __main__ -   Mean top-1 acc: 88.62
11/24/2025 14:08:35 - INFO - __main__ -   Target acc: False
11/24/2025 14:08:35 - INFO - __main__ -   Poison acc: True

11/24/2025 14:08:35 - INFO - __main__ -   ***** Epoch 30 *****
11/24/2025 14:08:35 - INFO - __main__ -   Identifying small clusters at epoch 30...
11/24/2025 14:09:20 - INFO - __main__ -   top-1 acc: 92.09
11/24/2025 14:09:20 - INFO - __main__ -   top-5 acc: 99.76
11/24/2025 14:09:20 - INFO - __main__ -   Best top-1 acc: 92.12
11/24/2025 14:09:20 - INFO - __main__ -   Mean top-1 acc: 89.11
11/24/2025 14:09:20 - INFO - __main__ -   Target acc: False
11/24/2025 14:09:20 - INFO - __main__ -   Poison acc: True

11/24/2025 14:09:20 - INFO - __main__ -   ***** Epoch 31 *****
11/24/2025 14:09:35 - INFO - __main__ -   top-1 acc: 92.03
11/24/2025 14:09:35 - INFO - __main__ -   top-5 acc: 99.78
11/24/2025 14:09:35 - INFO - __main__ -   Best top-1 acc: 92.12
11/24/2025 14:09:35 - INFO - __main__ -   Mean top-1 acc: 89.88
11/24/2025 14:09:35 - INFO - __main__ -   Target acc: False
11/24/2025 14:09:35 - INFO - __main__ -   Poison acc: True

11/24/2025 14:09:35 - INFO - __main__ -   ***** Epoch 32 *****
11/24/2025 14:09:51 - INFO - __main__ -   top-1 acc: 92.05
11/24/2025 14:09:51 - INFO - __main__ -   top-5 acc: 99.78
11/24/2025 14:09:51 - INFO - __main__ -   Best top-1 acc: 92.12
11/24/2025 14:09:51 - INFO - __main__ -   Mean top-1 acc: 90.53
11/24/2025 14:09:51 - INFO - __main__ -   Target acc: False
11/24/2025 14:09:51 - INFO - __main__ -   Poison acc: True

11/24/2025 14:09:51 - INFO - __main__ -   ***** Epoch 33 *****
11/24/2025 14:10:06 - INFO - __main__ -   top-1 acc: 91.90
11/24/2025 14:10:06 - INFO - __main__ -   top-5 acc: 99.74
11/24/2025 14:10:06 - INFO - __main__ -   Best top-1 acc: 92.12
11/24/2025 14:10:06 - INFO - __main__ -   Mean top-1 acc: 90.98
11/24/2025 14:10:06 - INFO - __main__ -   Target acc: False
11/24/2025 14:10:06 - INFO - __main__ -   Poison acc: True

11/24/2025 14:10:06 - INFO - __main__ -   ***** Epoch 34 *****
11/24/2025 14:10:21 - INFO - __main__ -   top-1 acc: 92.06
11/24/2025 14:10:21 - INFO - __main__ -   top-5 acc: 99.74
11/24/2025 14:10:21 - INFO - __main__ -   Best top-1 acc: 92.12
11/24/2025 14:10:21 - INFO - __main__ -   Mean top-1 acc: 91.36
11/24/2025 14:10:21 - INFO - __main__ -   Target acc: False
11/24/2025 14:10:21 - INFO - __main__ -   Poison acc: True

11/24/2025 14:10:21 - INFO - __main__ -   ***** Epoch 35 *****
11/24/2025 14:10:37 - INFO - __main__ -   top-1 acc: 92.09
11/24/2025 14:10:37 - INFO - __main__ -   top-5 acc: 99.75
11/24/2025 14:10:37 - INFO - __main__ -   Best top-1 acc: 92.12
11/24/2025 14:10:37 - INFO - __main__ -   Mean top-1 acc: 91.49
11/24/2025 14:10:37 - INFO - __main__ -   Target acc: False
11/24/2025 14:10:37 - INFO - __main__ -   Poison acc: True

11/24/2025 14:10:37 - INFO - __main__ -   ***** Epoch 36 *****
11/24/2025 14:10:52 - INFO - __main__ -   top-1 acc: 92.14
11/24/2025 14:10:52 - INFO - __main__ -   top-5 acc: 99.75
11/24/2025 14:10:52 - INFO - __main__ -   Best top-1 acc: 92.14
11/24/2025 14:10:52 - INFO - __main__ -   Mean top-1 acc: 91.57
11/24/2025 14:10:52 - INFO - __main__ -   Target acc: False
11/24/2025 14:10:52 - INFO - __main__ -   Poison acc: True

11/24/2025 14:10:52 - INFO - __main__ -   ***** Epoch 37 *****
11/24/2025 14:11:07 - INFO - __main__ -   top-1 acc: 92.06
11/24/2025 14:11:07 - INFO - __main__ -   top-5 acc: 99.73
11/24/2025 14:11:07 - INFO - __main__ -   Best top-1 acc: 92.14
11/24/2025 14:11:07 - INFO - __main__ -   Mean top-1 acc: 91.63
11/24/2025 14:11:07 - INFO - __main__ -   Target acc: False
11/24/2025 14:11:07 - INFO - __main__ -   Poison acc: True

11/24/2025 14:11:07 - INFO - __main__ -   ***** Epoch 38 *****
11/24/2025 14:11:23 - INFO - __main__ -   top-1 acc: 92.06
11/24/2025 14:11:23 - INFO - __main__ -   top-5 acc: 99.74
11/24/2025 14:11:23 - INFO - __main__ -   Best top-1 acc: 92.14
11/24/2025 14:11:23 - INFO - __main__ -   Mean top-1 acc: 91.69
11/24/2025 14:11:23 - INFO - __main__ -   Target acc: False
11/24/2025 14:11:23 - INFO - __main__ -   Poison acc: True

11/24/2025 14:11:23 - INFO - __main__ -   ***** Epoch 39 *****
11/24/2025 14:11:38 - INFO - __main__ -   top-1 acc: 92.03
11/24/2025 14:11:38 - INFO - __main__ -   top-5 acc: 99.75
11/24/2025 14:11:38 - INFO - __main__ -   Best top-1 acc: 92.14
11/24/2025 14:11:38 - INFO - __main__ -   Mean top-1 acc: 91.75
11/24/2025 14:11:38 - INFO - __main__ -   Target acc: False
11/24/2025 14:11:38 - INFO - __main__ -   Poison acc: True

