11/24/2025 14:36:52 - WARNING - __main__ -   device: cuda:0, n_gpu: 1
11/24/2025 14:36:52 - INFO - __main__ -   {'ap_model': False, 'arch': 'resnet18', 'backdoor': False, 'batch_size': 128, 'clean': False, 'cluster_thresh': 1.0, 'ctime': 0, 'dataset': 'cifar10', 'device': device(type='cuda', index=0), 'drop_after': 30, 'drop_mile': False, 'epochs': 40, 'equal_num': False, 'gpu_id': 0, 'greedy': 'LazyGreedy', 'lr': 0.1, 'metric': 'euclidean', 'n_gpu': 1, 'nesterov': True, 'no_aug': False, 'no_progress': False, 'num_workers': 4, 'out': 'results/epic_gm_eps8_run16/resnet18-cifar10-645_Project_v3.None-epoch40.15.25.35-coreset-pred-0.1-10-start-after-30', 'patch_size': 5, 'poisons_path': '/home/r0liu015/645project_last/poisoning-benchmark/poison_examples_gm/645_Project_v3/16', 'resume': '', 'scenario': 'scratch', 'seed': None, 'start_epoch': 0, 'steps': [15, 25, 35], 'stop_after': 200, 'subset_freq': 10, 'subset_sampler': 'coreset-pred', 'subset_size': 0.1, 'top_frac': 0.1, 'trigger_path': None, 'wdecay': 0.0005, 'world_size': 1}
11/24/2025 14:36:53 - INFO - __main__ -   500 poisons in this trial.
11/24/2025 14:36:53 - INFO - __main__ -   Total params: 11.17M
11/24/2025 14:36:53 - INFO - __main__ -   Target class 4; Poisoned label: 3
11/24/2025 14:36:53 - INFO - __main__ -   ***** Running training *****
11/24/2025 14:36:53 - INFO - __main__ -     Num Epochs = 40
11/24/2025 14:36:53 - INFO - __main__ -     Batch size per GPU = 128
11/24/2025 14:36:53 - INFO - __main__ -     Total train batch size = 128
11/24/2025 14:36:53 - INFO - __main__ -   ***** Epoch 0 *****
11/24/2025 14:37:12 - INFO - __main__ -   top-1 acc: 46.97
11/24/2025 14:37:12 - INFO - __main__ -   top-5 acc: 91.72
11/24/2025 14:37:12 - INFO - __main__ -   Best top-1 acc: 46.97
11/24/2025 14:37:12 - INFO - __main__ -   Mean top-1 acc: 46.97
11/24/2025 14:37:12 - INFO - __main__ -   Target acc: False
11/24/2025 14:37:12 - INFO - __main__ -   Poison acc: False

11/24/2025 14:37:12 - INFO - __main__ -   ***** Epoch 1 *****
11/24/2025 14:37:28 - INFO - __main__ -   top-1 acc: 57.64
11/24/2025 14:37:28 - INFO - __main__ -   top-5 acc: 95.62
11/24/2025 14:37:28 - INFO - __main__ -   Best top-1 acc: 57.64
11/24/2025 14:37:28 - INFO - __main__ -   Mean top-1 acc: 52.30
11/24/2025 14:37:28 - INFO - __main__ -   Target acc: True
11/24/2025 14:37:28 - INFO - __main__ -   Poison acc: False

11/24/2025 14:37:28 - INFO - __main__ -   ***** Epoch 2 *****
11/24/2025 14:37:44 - INFO - __main__ -   top-1 acc: 64.81
11/24/2025 14:37:44 - INFO - __main__ -   top-5 acc: 96.88
11/24/2025 14:37:44 - INFO - __main__ -   Best top-1 acc: 64.81
11/24/2025 14:37:44 - INFO - __main__ -   Mean top-1 acc: 56.47
11/24/2025 14:37:44 - INFO - __main__ -   Target acc: False
11/24/2025 14:37:44 - INFO - __main__ -   Poison acc: False

11/24/2025 14:37:44 - INFO - __main__ -   ***** Epoch 3 *****
11/24/2025 14:38:00 - INFO - __main__ -   top-1 acc: 68.11
11/24/2025 14:38:00 - INFO - __main__ -   top-5 acc: 97.50
11/24/2025 14:38:00 - INFO - __main__ -   Best top-1 acc: 68.11
11/24/2025 14:38:00 - INFO - __main__ -   Mean top-1 acc: 59.38
11/24/2025 14:38:00 - INFO - __main__ -   Target acc: True
11/24/2025 14:38:00 - INFO - __main__ -   Poison acc: False

11/24/2025 14:38:00 - INFO - __main__ -   ***** Epoch 4 *****
11/24/2025 14:38:17 - INFO - __main__ -   top-1 acc: 72.92
11/24/2025 14:38:17 - INFO - __main__ -   top-5 acc: 98.53
11/24/2025 14:38:17 - INFO - __main__ -   Best top-1 acc: 72.92
11/24/2025 14:38:17 - INFO - __main__ -   Mean top-1 acc: 62.09
11/24/2025 14:38:17 - INFO - __main__ -   Target acc: True
11/24/2025 14:38:17 - INFO - __main__ -   Poison acc: False

11/24/2025 14:38:17 - INFO - __main__ -   ***** Epoch 5 *****
11/24/2025 14:38:33 - INFO - __main__ -   top-1 acc: 72.83
11/24/2025 14:38:33 - INFO - __main__ -   top-5 acc: 98.15
11/24/2025 14:38:33 - INFO - __main__ -   Best top-1 acc: 72.92
11/24/2025 14:38:33 - INFO - __main__ -   Mean top-1 acc: 63.88
11/24/2025 14:38:33 - INFO - __main__ -   Target acc: True
11/24/2025 14:38:33 - INFO - __main__ -   Poison acc: False

11/24/2025 14:38:33 - INFO - __main__ -   ***** Epoch 6 *****
11/24/2025 14:38:49 - INFO - __main__ -   top-1 acc: 75.74
11/24/2025 14:38:49 - INFO - __main__ -   top-5 acc: 98.69
11/24/2025 14:38:49 - INFO - __main__ -   Best top-1 acc: 75.74
11/24/2025 14:38:49 - INFO - __main__ -   Mean top-1 acc: 65.57
11/24/2025 14:38:49 - INFO - __main__ -   Target acc: True
11/24/2025 14:38:49 - INFO - __main__ -   Poison acc: False

11/24/2025 14:38:49 - INFO - __main__ -   ***** Epoch 7 *****
11/24/2025 14:39:05 - INFO - __main__ -   top-1 acc: 77.70
11/24/2025 14:39:05 - INFO - __main__ -   top-5 acc: 98.96
11/24/2025 14:39:05 - INFO - __main__ -   Best top-1 acc: 77.70
11/24/2025 14:39:05 - INFO - __main__ -   Mean top-1 acc: 67.09
11/24/2025 14:39:05 - INFO - __main__ -   Target acc: True
11/24/2025 14:39:05 - INFO - __main__ -   Poison acc: False

11/24/2025 14:39:05 - INFO - __main__ -   ***** Epoch 8 *****
11/24/2025 14:39:21 - INFO - __main__ -   top-1 acc: 75.99
11/24/2025 14:39:21 - INFO - __main__ -   top-5 acc: 98.31
11/24/2025 14:39:21 - INFO - __main__ -   Best top-1 acc: 77.70
11/24/2025 14:39:21 - INFO - __main__ -   Mean top-1 acc: 68.08
11/24/2025 14:39:21 - INFO - __main__ -   Target acc: True
11/24/2025 14:39:21 - INFO - __main__ -   Poison acc: False

11/24/2025 14:39:21 - INFO - __main__ -   ***** Epoch 9 *****
11/24/2025 14:39:37 - INFO - __main__ -   top-1 acc: 78.59
11/24/2025 14:39:37 - INFO - __main__ -   top-5 acc: 98.58
11/24/2025 14:39:37 - INFO - __main__ -   Best top-1 acc: 78.59
11/24/2025 14:39:37 - INFO - __main__ -   Mean top-1 acc: 69.13
11/24/2025 14:39:37 - INFO - __main__ -   Target acc: True
11/24/2025 14:39:37 - INFO - __main__ -   Poison acc: False

11/24/2025 14:39:37 - INFO - __main__ -   ***** Epoch 10 *****
11/24/2025 14:39:53 - INFO - __main__ -   top-1 acc: 82.74
11/24/2025 14:39:53 - INFO - __main__ -   top-5 acc: 99.26
11/24/2025 14:39:53 - INFO - __main__ -   Best top-1 acc: 82.74
11/24/2025 14:39:53 - INFO - __main__ -   Mean top-1 acc: 70.37
11/24/2025 14:39:53 - INFO - __main__ -   Target acc: True
11/24/2025 14:39:53 - INFO - __main__ -   Poison acc: False

11/24/2025 14:39:53 - INFO - __main__ -   ***** Epoch 11 *****
11/24/2025 14:40:10 - INFO - __main__ -   top-1 acc: 82.23
11/24/2025 14:40:10 - INFO - __main__ -   top-5 acc: 99.00
11/24/2025 14:40:10 - INFO - __main__ -   Best top-1 acc: 82.74
11/24/2025 14:40:10 - INFO - __main__ -   Mean top-1 acc: 71.36
11/24/2025 14:40:10 - INFO - __main__ -   Target acc: True
11/24/2025 14:40:10 - INFO - __main__ -   Poison acc: False

11/24/2025 14:40:10 - INFO - __main__ -   ***** Epoch 12 *****
11/24/2025 14:40:26 - INFO - __main__ -   top-1 acc: 81.66
11/24/2025 14:40:26 - INFO - __main__ -   top-5 acc: 99.09
11/24/2025 14:40:26 - INFO - __main__ -   Best top-1 acc: 82.74
11/24/2025 14:40:26 - INFO - __main__ -   Mean top-1 acc: 72.15
11/24/2025 14:40:26 - INFO - __main__ -   Target acc: True
11/24/2025 14:40:26 - INFO - __main__ -   Poison acc: False

11/24/2025 14:40:26 - INFO - __main__ -   ***** Epoch 13 *****
11/24/2025 14:40:42 - INFO - __main__ -   top-1 acc: 82.98
11/24/2025 14:40:42 - INFO - __main__ -   top-5 acc: 99.10
11/24/2025 14:40:42 - INFO - __main__ -   Best top-1 acc: 82.98
11/24/2025 14:40:42 - INFO - __main__ -   Mean top-1 acc: 72.92
11/24/2025 14:40:42 - INFO - __main__ -   Target acc: False
11/24/2025 14:40:42 - INFO - __main__ -   Poison acc: False

11/24/2025 14:40:42 - INFO - __main__ -   ***** Epoch 14 *****
11/24/2025 14:40:58 - INFO - __main__ -   top-1 acc: 83.01
11/24/2025 14:40:58 - INFO - __main__ -   top-5 acc: 98.96
11/24/2025 14:40:58 - INFO - __main__ -   Best top-1 acc: 83.01
11/24/2025 14:40:58 - INFO - __main__ -   Mean top-1 acc: 73.59
11/24/2025 14:40:58 - INFO - __main__ -   Target acc: True
11/24/2025 14:40:58 - INFO - __main__ -   Poison acc: False

11/24/2025 14:40:58 - INFO - __main__ -   ***** Epoch 15 *****
11/24/2025 14:41:14 - INFO - __main__ -   top-1 acc: 90.35
11/24/2025 14:41:14 - INFO - __main__ -   top-5 acc: 99.71
11/24/2025 14:41:14 - INFO - __main__ -   Best top-1 acc: 90.35
11/24/2025 14:41:14 - INFO - __main__ -   Mean top-1 acc: 74.64
11/24/2025 14:41:14 - INFO - __main__ -   Target acc: True
11/24/2025 14:41:14 - INFO - __main__ -   Poison acc: False

11/24/2025 14:41:14 - INFO - __main__ -   ***** Epoch 16 *****
11/24/2025 14:41:30 - INFO - __main__ -   top-1 acc: 90.85
11/24/2025 14:41:30 - INFO - __main__ -   top-5 acc: 99.76
11/24/2025 14:41:31 - INFO - __main__ -   Best top-1 acc: 90.85
11/24/2025 14:41:31 - INFO - __main__ -   Mean top-1 acc: 75.60
11/24/2025 14:41:31 - INFO - __main__ -   Target acc: True
11/24/2025 14:41:31 - INFO - __main__ -   Poison acc: False

11/24/2025 14:41:31 - INFO - __main__ -   ***** Epoch 17 *****
11/24/2025 14:41:47 - INFO - __main__ -   top-1 acc: 91.14
11/24/2025 14:41:47 - INFO - __main__ -   top-5 acc: 99.78
11/24/2025 14:41:47 - INFO - __main__ -   Best top-1 acc: 91.14
11/24/2025 14:41:47 - INFO - __main__ -   Mean top-1 acc: 76.46
11/24/2025 14:41:47 - INFO - __main__ -   Target acc: True
11/24/2025 14:41:47 - INFO - __main__ -   Poison acc: False

11/24/2025 14:41:47 - INFO - __main__ -   ***** Epoch 18 *****
11/24/2025 14:42:03 - INFO - __main__ -   top-1 acc: 91.23
11/24/2025 14:42:03 - INFO - __main__ -   top-5 acc: 99.81
11/24/2025 14:42:03 - INFO - __main__ -   Best top-1 acc: 91.23
11/24/2025 14:42:03 - INFO - __main__ -   Mean top-1 acc: 77.24
11/24/2025 14:42:03 - INFO - __main__ -   Target acc: True
11/24/2025 14:42:03 - INFO - __main__ -   Poison acc: False

11/24/2025 14:42:03 - INFO - __main__ -   ***** Epoch 19 *****
11/24/2025 14:42:19 - INFO - __main__ -   top-1 acc: 91.64
11/24/2025 14:42:19 - INFO - __main__ -   top-5 acc: 99.79
11/24/2025 14:42:20 - INFO - __main__ -   Best top-1 acc: 91.64
11/24/2025 14:42:20 - INFO - __main__ -   Mean top-1 acc: 77.96
11/24/2025 14:42:20 - INFO - __main__ -   Target acc: True
11/24/2025 14:42:20 - INFO - __main__ -   Poison acc: False

11/24/2025 14:42:20 - INFO - __main__ -   ***** Epoch 20 *****
11/24/2025 14:42:36 - INFO - __main__ -   top-1 acc: 91.48
11/24/2025 14:42:36 - INFO - __main__ -   top-5 acc: 99.73
11/24/2025 14:42:36 - INFO - __main__ -   Best top-1 acc: 91.64
11/24/2025 14:42:36 - INFO - __main__ -   Mean top-1 acc: 80.18
11/24/2025 14:42:36 - INFO - __main__ -   Target acc: True
11/24/2025 14:42:36 - INFO - __main__ -   Poison acc: False

11/24/2025 14:42:36 - INFO - __main__ -   ***** Epoch 21 *****
11/24/2025 14:42:52 - INFO - __main__ -   top-1 acc: 91.46
11/24/2025 14:42:52 - INFO - __main__ -   top-5 acc: 99.79
11/24/2025 14:42:52 - INFO - __main__ -   Best top-1 acc: 91.64
11/24/2025 14:42:52 - INFO - __main__ -   Mean top-1 acc: 81.87
11/24/2025 14:42:52 - INFO - __main__ -   Target acc: True
11/24/2025 14:42:52 - INFO - __main__ -   Poison acc: False

11/24/2025 14:42:52 - INFO - __main__ -   ***** Epoch 22 *****
11/24/2025 14:43:08 - INFO - __main__ -   top-1 acc: 91.69
11/24/2025 14:43:08 - INFO - __main__ -   top-5 acc: 99.84
11/24/2025 14:43:08 - INFO - __main__ -   Best top-1 acc: 91.69
11/24/2025 14:43:08 - INFO - __main__ -   Mean top-1 acc: 83.22
11/24/2025 14:43:08 - INFO - __main__ -   Target acc: True
11/24/2025 14:43:08 - INFO - __main__ -   Poison acc: False

11/24/2025 14:43:08 - INFO - __main__ -   ***** Epoch 23 *****
11/24/2025 14:43:24 - INFO - __main__ -   top-1 acc: 91.37
11/24/2025 14:43:24 - INFO - __main__ -   top-5 acc: 99.80
11/24/2025 14:43:24 - INFO - __main__ -   Best top-1 acc: 91.69
11/24/2025 14:43:24 - INFO - __main__ -   Mean top-1 acc: 84.38
11/24/2025 14:43:24 - INFO - __main__ -   Target acc: True
11/24/2025 14:43:24 - INFO - __main__ -   Poison acc: False

11/24/2025 14:43:24 - INFO - __main__ -   ***** Epoch 24 *****
11/24/2025 14:43:40 - INFO - __main__ -   top-1 acc: 91.66
11/24/2025 14:43:40 - INFO - __main__ -   top-5 acc: 99.82
11/24/2025 14:43:40 - INFO - __main__ -   Best top-1 acc: 91.69
11/24/2025 14:43:40 - INFO - __main__ -   Mean top-1 acc: 85.32
11/24/2025 14:43:40 - INFO - __main__ -   Target acc: True
11/24/2025 14:43:40 - INFO - __main__ -   Poison acc: False

11/24/2025 14:43:40 - INFO - __main__ -   ***** Epoch 25 *****
11/24/2025 14:43:56 - INFO - __main__ -   top-1 acc: 92.31
11/24/2025 14:43:56 - INFO - __main__ -   top-5 acc: 99.81
11/24/2025 14:43:56 - INFO - __main__ -   Best top-1 acc: 92.31
11/24/2025 14:43:56 - INFO - __main__ -   Mean top-1 acc: 86.29
11/24/2025 14:43:56 - INFO - __main__ -   Target acc: True
11/24/2025 14:43:56 - INFO - __main__ -   Poison acc: False

11/24/2025 14:43:56 - INFO - __main__ -   ***** Epoch 26 *****
11/24/2025 14:44:12 - INFO - __main__ -   top-1 acc: 92.32
11/24/2025 14:44:12 - INFO - __main__ -   top-5 acc: 99.77
11/24/2025 14:44:12 - INFO - __main__ -   Best top-1 acc: 92.32
11/24/2025 14:44:12 - INFO - __main__ -   Mean top-1 acc: 87.12
11/24/2025 14:44:12 - INFO - __main__ -   Target acc: True
11/24/2025 14:44:12 - INFO - __main__ -   Poison acc: False

11/24/2025 14:44:12 - INFO - __main__ -   ***** Epoch 27 *****
11/24/2025 14:44:29 - INFO - __main__ -   top-1 acc: 92.22
11/24/2025 14:44:29 - INFO - __main__ -   top-5 acc: 99.78
11/24/2025 14:44:29 - INFO - __main__ -   Best top-1 acc: 92.32
11/24/2025 14:44:29 - INFO - __main__ -   Mean top-1 acc: 87.85
11/24/2025 14:44:29 - INFO - __main__ -   Target acc: True
11/24/2025 14:44:29 - INFO - __main__ -   Poison acc: False

11/24/2025 14:44:29 - INFO - __main__ -   ***** Epoch 28 *****
11/24/2025 14:44:45 - INFO - __main__ -   top-1 acc: 92.25
11/24/2025 14:44:45 - INFO - __main__ -   top-5 acc: 99.80
11/24/2025 14:44:45 - INFO - __main__ -   Best top-1 acc: 92.32
11/24/2025 14:44:45 - INFO - __main__ -   Mean top-1 acc: 88.66
11/24/2025 14:44:45 - INFO - __main__ -   Target acc: True
11/24/2025 14:44:45 - INFO - __main__ -   Poison acc: False

11/24/2025 14:44:45 - INFO - __main__ -   ***** Epoch 29 *****
11/24/2025 14:45:01 - INFO - __main__ -   top-1 acc: 92.27
11/24/2025 14:45:01 - INFO - __main__ -   top-5 acc: 99.81
11/24/2025 14:45:01 - INFO - __main__ -   Best top-1 acc: 92.32
11/24/2025 14:45:01 - INFO - __main__ -   Mean top-1 acc: 89.34
11/24/2025 14:45:01 - INFO - __main__ -   Target acc: True
11/24/2025 14:45:01 - INFO - __main__ -   Poison acc: False

11/24/2025 14:45:01 - INFO - __main__ -   ***** Epoch 30 *****
11/24/2025 14:45:01 - INFO - __main__ -   Identifying small clusters at epoch 30...
11/24/2025 14:45:45 - INFO - __main__ -   top-1 acc: 92.37
11/24/2025 14:45:45 - INFO - __main__ -   top-5 acc: 99.76
11/24/2025 14:45:46 - INFO - __main__ -   Best top-1 acc: 92.37
11/24/2025 14:45:46 - INFO - __main__ -   Mean top-1 acc: 89.82
11/24/2025 14:45:46 - INFO - __main__ -   Target acc: True
11/24/2025 14:45:46 - INFO - __main__ -   Poison acc: False

11/24/2025 14:45:46 - INFO - __main__ -   ***** Epoch 31 *****
11/24/2025 14:46:01 - INFO - __main__ -   top-1 acc: 92.35
11/24/2025 14:46:01 - INFO - __main__ -   top-5 acc: 99.78
11/24/2025 14:46:01 - INFO - __main__ -   Best top-1 acc: 92.37
11/24/2025 14:46:01 - INFO - __main__ -   Mean top-1 acc: 90.33
11/24/2025 14:46:01 - INFO - __main__ -   Target acc: True
11/24/2025 14:46:01 - INFO - __main__ -   Poison acc: False

11/24/2025 14:46:01 - INFO - __main__ -   ***** Epoch 32 *****
11/24/2025 14:46:16 - INFO - __main__ -   top-1 acc: 92.29
11/24/2025 14:46:16 - INFO - __main__ -   top-5 acc: 99.77
11/24/2025 14:46:16 - INFO - __main__ -   Best top-1 acc: 92.37
11/24/2025 14:46:16 - INFO - __main__ -   Mean top-1 acc: 90.86
11/24/2025 14:46:16 - INFO - __main__ -   Target acc: True
11/24/2025 14:46:16 - INFO - __main__ -   Poison acc: False

11/24/2025 14:46:16 - INFO - __main__ -   ***** Epoch 33 *****
11/24/2025 14:46:32 - INFO - __main__ -   top-1 acc: 92.28
11/24/2025 14:46:32 - INFO - __main__ -   top-5 acc: 99.79
11/24/2025 14:46:32 - INFO - __main__ -   Best top-1 acc: 92.37
11/24/2025 14:46:32 - INFO - __main__ -   Mean top-1 acc: 91.33
11/24/2025 14:46:32 - INFO - __main__ -   Target acc: True
11/24/2025 14:46:32 - INFO - __main__ -   Poison acc: False

11/24/2025 14:46:32 - INFO - __main__ -   ***** Epoch 34 *****
11/24/2025 14:46:47 - INFO - __main__ -   top-1 acc: 92.15
11/24/2025 14:46:47 - INFO - __main__ -   top-5 acc: 99.81
11/24/2025 14:46:47 - INFO - __main__ -   Best top-1 acc: 92.37
11/24/2025 14:46:47 - INFO - __main__ -   Mean top-1 acc: 91.78
11/24/2025 14:46:47 - INFO - __main__ -   Target acc: True
11/24/2025 14:46:47 - INFO - __main__ -   Poison acc: False

11/24/2025 14:46:47 - INFO - __main__ -   ***** Epoch 35 *****
11/24/2025 14:47:03 - INFO - __main__ -   top-1 acc: 92.19
11/24/2025 14:47:03 - INFO - __main__ -   top-5 acc: 99.78
11/24/2025 14:47:03 - INFO - __main__ -   Best top-1 acc: 92.37
11/24/2025 14:47:03 - INFO - __main__ -   Mean top-1 acc: 91.88
11/24/2025 14:47:03 - INFO - __main__ -   Target acc: True
11/24/2025 14:47:03 - INFO - __main__ -   Poison acc: False

11/24/2025 14:47:03 - INFO - __main__ -   ***** Epoch 36 *****
11/24/2025 14:47:18 - INFO - __main__ -   top-1 acc: 92.27
11/24/2025 14:47:18 - INFO - __main__ -   top-5 acc: 99.81
11/24/2025 14:47:18 - INFO - __main__ -   Best top-1 acc: 92.37
11/24/2025 14:47:18 - INFO - __main__ -   Mean top-1 acc: 91.95
11/24/2025 14:47:18 - INFO - __main__ -   Target acc: True
11/24/2025 14:47:18 - INFO - __main__ -   Poison acc: False

11/24/2025 14:47:18 - INFO - __main__ -   ***** Epoch 37 *****
11/24/2025 14:47:33 - INFO - __main__ -   top-1 acc: 92.24
11/24/2025 14:47:33 - INFO - __main__ -   top-5 acc: 99.79
11/24/2025 14:47:33 - INFO - __main__ -   Best top-1 acc: 92.37
11/24/2025 14:47:33 - INFO - __main__ -   Mean top-1 acc: 92.00
11/24/2025 14:47:33 - INFO - __main__ -   Target acc: True
11/24/2025 14:47:33 - INFO - __main__ -   Poison acc: False

11/24/2025 14:47:33 - INFO - __main__ -   ***** Epoch 38 *****
11/24/2025 14:47:48 - INFO - __main__ -   top-1 acc: 92.40
11/24/2025 14:47:48 - INFO - __main__ -   top-5 acc: 99.78
11/24/2025 14:47:48 - INFO - __main__ -   Best top-1 acc: 92.40
11/24/2025 14:47:48 - INFO - __main__ -   Mean top-1 acc: 92.06
11/24/2025 14:47:48 - INFO - __main__ -   Target acc: True
11/24/2025 14:47:48 - INFO - __main__ -   Poison acc: False

11/24/2025 14:47:48 - INFO - __main__ -   ***** Epoch 39 *****
11/24/2025 14:48:04 - INFO - __main__ -   top-1 acc: 92.21
11/24/2025 14:48:04 - INFO - __main__ -   top-5 acc: 99.77
11/24/2025 14:48:04 - INFO - __main__ -   Best top-1 acc: 92.40
11/24/2025 14:48:04 - INFO - __main__ -   Mean top-1 acc: 92.09
11/24/2025 14:48:04 - INFO - __main__ -   Target acc: True
11/24/2025 14:48:04 - INFO - __main__ -   Poison acc: False

