11/24/2025 12:52:48 - WARNING - __main__ -   device: cuda:0, n_gpu: 1
11/24/2025 12:52:48 - INFO - __main__ -   {'ap_model': False, 'arch': 'resnet18', 'backdoor': False, 'batch_size': 128, 'clean': False, 'cluster_thresh': 1.0, 'ctime': 0, 'dataset': 'cifar10', 'device': device(type='cuda', index=0), 'drop_after': 30, 'drop_mile': False, 'epochs': 40, 'equal_num': False, 'gpu_id': 0, 'greedy': 'LazyGreedy', 'lr': 0.1, 'metric': 'euclidean', 'n_gpu': 1, 'nesterov': True, 'no_aug': False, 'no_progress': False, 'num_workers': 4, 'out': 'results/epic_gm_eps8_run7/resnet18-cifar10-645_Project_v3.None-epoch40.15.25.35-coreset-pred-0.1-10-start-after-30', 'patch_size': 5, 'poisons_path': '/home/r0liu015/645project_last/poisoning-benchmark/poison_examples_gm/645_Project_v3/7', 'resume': '', 'scenario': 'scratch', 'seed': None, 'start_epoch': 0, 'steps': [15, 25, 35], 'stop_after': 200, 'subset_freq': 10, 'subset_sampler': 'coreset-pred', 'subset_size': 0.1, 'top_frac': 0.1, 'trigger_path': None, 'wdecay': 0.0005, 'world_size': 1}
11/24/2025 12:52:49 - INFO - __main__ -   500 poisons in this trial.
11/24/2025 12:52:49 - INFO - __main__ -   Total params: 11.17M
11/24/2025 12:52:50 - INFO - __main__ -   Target class 4; Poisoned label: 6
11/24/2025 12:52:50 - INFO - __main__ -   ***** Running training *****
11/24/2025 12:52:50 - INFO - __main__ -     Num Epochs = 40
11/24/2025 12:52:50 - INFO - __main__ -     Batch size per GPU = 128
11/24/2025 12:52:50 - INFO - __main__ -     Total train batch size = 128
11/24/2025 12:52:50 - INFO - __main__ -   ***** Epoch 0 *****
11/24/2025 12:53:06 - INFO - __main__ -   top-1 acc: 45.71
11/24/2025 12:53:06 - INFO - __main__ -   top-5 acc: 92.54
11/24/2025 12:53:06 - INFO - __main__ -   Best top-1 acc: 45.71
11/24/2025 12:53:06 - INFO - __main__ -   Mean top-1 acc: 45.71
11/24/2025 12:53:06 - INFO - __main__ -   Target acc: True
11/24/2025 12:53:06 - INFO - __main__ -   Poison acc: False

11/24/2025 12:53:06 - INFO - __main__ -   ***** Epoch 1 *****
11/24/2025 12:53:22 - INFO - __main__ -   top-1 acc: 58.46
11/24/2025 12:53:22 - INFO - __main__ -   top-5 acc: 95.76
11/24/2025 12:53:22 - INFO - __main__ -   Best top-1 acc: 58.46
11/24/2025 12:53:22 - INFO - __main__ -   Mean top-1 acc: 52.09
11/24/2025 12:53:22 - INFO - __main__ -   Target acc: False
11/24/2025 12:53:22 - INFO - __main__ -   Poison acc: False

11/24/2025 12:53:22 - INFO - __main__ -   ***** Epoch 2 *****
11/24/2025 12:53:38 - INFO - __main__ -   top-1 acc: 67.30
11/24/2025 12:53:38 - INFO - __main__ -   top-5 acc: 97.39
11/24/2025 12:53:38 - INFO - __main__ -   Best top-1 acc: 67.30
11/24/2025 12:53:38 - INFO - __main__ -   Mean top-1 acc: 57.16
11/24/2025 12:53:38 - INFO - __main__ -   Target acc: True
11/24/2025 12:53:38 - INFO - __main__ -   Poison acc: False

11/24/2025 12:53:38 - INFO - __main__ -   ***** Epoch 3 *****
11/24/2025 12:53:55 - INFO - __main__ -   top-1 acc: 69.73
11/24/2025 12:53:55 - INFO - __main__ -   top-5 acc: 98.01
11/24/2025 12:53:55 - INFO - __main__ -   Best top-1 acc: 69.73
11/24/2025 12:53:55 - INFO - __main__ -   Mean top-1 acc: 60.30
11/24/2025 12:53:55 - INFO - __main__ -   Target acc: False
11/24/2025 12:53:55 - INFO - __main__ -   Poison acc: True

11/24/2025 12:53:55 - INFO - __main__ -   ***** Epoch 4 *****
11/24/2025 12:54:11 - INFO - __main__ -   top-1 acc: 72.65
11/24/2025 12:54:11 - INFO - __main__ -   top-5 acc: 98.53
11/24/2025 12:54:11 - INFO - __main__ -   Best top-1 acc: 72.65
11/24/2025 12:54:11 - INFO - __main__ -   Mean top-1 acc: 62.77
11/24/2025 12:54:11 - INFO - __main__ -   Target acc: False
11/24/2025 12:54:11 - INFO - __main__ -   Poison acc: False

11/24/2025 12:54:11 - INFO - __main__ -   ***** Epoch 5 *****
11/24/2025 12:54:27 - INFO - __main__ -   top-1 acc: 74.41
11/24/2025 12:54:27 - INFO - __main__ -   top-5 acc: 98.43
11/24/2025 12:54:27 - INFO - __main__ -   Best top-1 acc: 74.41
11/24/2025 12:54:27 - INFO - __main__ -   Mean top-1 acc: 64.71
11/24/2025 12:54:27 - INFO - __main__ -   Target acc: False
11/24/2025 12:54:27 - INFO - __main__ -   Poison acc: False

11/24/2025 12:54:27 - INFO - __main__ -   ***** Epoch 6 *****
11/24/2025 12:54:43 - INFO - __main__ -   top-1 acc: 78.03
11/24/2025 12:54:43 - INFO - __main__ -   top-5 acc: 98.90
11/24/2025 12:54:43 - INFO - __main__ -   Best top-1 acc: 78.03
11/24/2025 12:54:43 - INFO - __main__ -   Mean top-1 acc: 66.61
11/24/2025 12:54:43 - INFO - __main__ -   Target acc: True
11/24/2025 12:54:43 - INFO - __main__ -   Poison acc: False

11/24/2025 12:54:43 - INFO - __main__ -   ***** Epoch 7 *****
11/24/2025 12:54:59 - INFO - __main__ -   top-1 acc: 81.40
11/24/2025 12:54:59 - INFO - __main__ -   top-5 acc: 99.03
11/24/2025 12:54:59 - INFO - __main__ -   Best top-1 acc: 81.40
11/24/2025 12:54:59 - INFO - __main__ -   Mean top-1 acc: 68.46
11/24/2025 12:54:59 - INFO - __main__ -   Target acc: True
11/24/2025 12:54:59 - INFO - __main__ -   Poison acc: False

11/24/2025 12:54:59 - INFO - __main__ -   ***** Epoch 8 *****
11/24/2025 12:55:15 - INFO - __main__ -   top-1 acc: 80.93
11/24/2025 12:55:15 - INFO - __main__ -   top-5 acc: 98.98
11/24/2025 12:55:15 - INFO - __main__ -   Best top-1 acc: 81.40
11/24/2025 12:55:15 - INFO - __main__ -   Mean top-1 acc: 69.85
11/24/2025 12:55:15 - INFO - __main__ -   Target acc: True
11/24/2025 12:55:15 - INFO - __main__ -   Poison acc: False

11/24/2025 12:55:15 - INFO - __main__ -   ***** Epoch 9 *****
11/24/2025 12:55:31 - INFO - __main__ -   top-1 acc: 81.47
11/24/2025 12:55:31 - INFO - __main__ -   top-5 acc: 99.14
11/24/2025 12:55:31 - INFO - __main__ -   Best top-1 acc: 81.47
11/24/2025 12:55:31 - INFO - __main__ -   Mean top-1 acc: 71.01
11/24/2025 12:55:31 - INFO - __main__ -   Target acc: False
11/24/2025 12:55:31 - INFO - __main__ -   Poison acc: False

11/24/2025 12:55:31 - INFO - __main__ -   ***** Epoch 10 *****
11/24/2025 12:55:48 - INFO - __main__ -   top-1 acc: 81.67
11/24/2025 12:55:48 - INFO - __main__ -   top-5 acc: 99.13
11/24/2025 12:55:48 - INFO - __main__ -   Best top-1 acc: 81.67
11/24/2025 12:55:48 - INFO - __main__ -   Mean top-1 acc: 71.98
11/24/2025 12:55:48 - INFO - __main__ -   Target acc: False
11/24/2025 12:55:48 - INFO - __main__ -   Poison acc: False

11/24/2025 12:55:48 - INFO - __main__ -   ***** Epoch 11 *****
11/24/2025 12:56:04 - INFO - __main__ -   top-1 acc: 83.82
11/24/2025 12:56:04 - INFO - __main__ -   top-5 acc: 99.05
11/24/2025 12:56:04 - INFO - __main__ -   Best top-1 acc: 83.82
11/24/2025 12:56:04 - INFO - __main__ -   Mean top-1 acc: 72.97
11/24/2025 12:56:04 - INFO - __main__ -   Target acc: True
11/24/2025 12:56:04 - INFO - __main__ -   Poison acc: False

11/24/2025 12:56:04 - INFO - __main__ -   ***** Epoch 12 *****
11/24/2025 12:56:20 - INFO - __main__ -   top-1 acc: 81.80
11/24/2025 12:56:20 - INFO - __main__ -   top-5 acc: 99.05
11/24/2025 12:56:20 - INFO - __main__ -   Best top-1 acc: 83.82
11/24/2025 12:56:20 - INFO - __main__ -   Mean top-1 acc: 73.64
11/24/2025 12:56:20 - INFO - __main__ -   Target acc: False
11/24/2025 12:56:20 - INFO - __main__ -   Poison acc: False

11/24/2025 12:56:20 - INFO - __main__ -   ***** Epoch 13 *****
11/24/2025 12:56:37 - INFO - __main__ -   top-1 acc: 83.74
11/24/2025 12:56:37 - INFO - __main__ -   top-5 acc: 99.23
11/24/2025 12:56:37 - INFO - __main__ -   Best top-1 acc: 83.82
11/24/2025 12:56:37 - INFO - __main__ -   Mean top-1 acc: 74.37
11/24/2025 12:56:37 - INFO - __main__ -   Target acc: True
11/24/2025 12:56:37 - INFO - __main__ -   Poison acc: False

11/24/2025 12:56:37 - INFO - __main__ -   ***** Epoch 14 *****
11/24/2025 12:56:53 - INFO - __main__ -   top-1 acc: 84.89
11/24/2025 12:56:53 - INFO - __main__ -   top-5 acc: 99.37
11/24/2025 12:56:53 - INFO - __main__ -   Best top-1 acc: 84.89
11/24/2025 12:56:53 - INFO - __main__ -   Mean top-1 acc: 75.07
11/24/2025 12:56:53 - INFO - __main__ -   Target acc: False
11/24/2025 12:56:53 - INFO - __main__ -   Poison acc: False

11/24/2025 12:56:53 - INFO - __main__ -   ***** Epoch 15 *****
11/24/2025 12:57:09 - INFO - __main__ -   top-1 acc: 89.98
11/24/2025 12:57:09 - INFO - __main__ -   top-5 acc: 99.70
11/24/2025 12:57:09 - INFO - __main__ -   Best top-1 acc: 89.98
11/24/2025 12:57:09 - INFO - __main__ -   Mean top-1 acc: 76.00
11/24/2025 12:57:09 - INFO - __main__ -   Target acc: True
11/24/2025 12:57:09 - INFO - __main__ -   Poison acc: False

11/24/2025 12:57:09 - INFO - __main__ -   ***** Epoch 16 *****
11/24/2025 12:57:25 - INFO - __main__ -   top-1 acc: 90.85
11/24/2025 12:57:25 - INFO - __main__ -   top-5 acc: 99.77
11/24/2025 12:57:25 - INFO - __main__ -   Best top-1 acc: 90.85
11/24/2025 12:57:25 - INFO - __main__ -   Mean top-1 acc: 76.87
11/24/2025 12:57:25 - INFO - __main__ -   Target acc: True
11/24/2025 12:57:25 - INFO - __main__ -   Poison acc: False

11/24/2025 12:57:25 - INFO - __main__ -   ***** Epoch 17 *****
11/24/2025 12:57:41 - INFO - __main__ -   top-1 acc: 91.02
11/24/2025 12:57:41 - INFO - __main__ -   top-5 acc: 99.77
11/24/2025 12:57:41 - INFO - __main__ -   Best top-1 acc: 91.02
11/24/2025 12:57:41 - INFO - __main__ -   Mean top-1 acc: 77.66
11/24/2025 12:57:41 - INFO - __main__ -   Target acc: True
11/24/2025 12:57:41 - INFO - __main__ -   Poison acc: False

11/24/2025 12:57:41 - INFO - __main__ -   ***** Epoch 18 *****
11/24/2025 12:57:58 - INFO - __main__ -   top-1 acc: 91.05
11/24/2025 12:57:58 - INFO - __main__ -   top-5 acc: 99.84
11/24/2025 12:57:58 - INFO - __main__ -   Best top-1 acc: 91.05
11/24/2025 12:57:58 - INFO - __main__ -   Mean top-1 acc: 78.36
11/24/2025 12:57:58 - INFO - __main__ -   Target acc: True
11/24/2025 12:57:58 - INFO - __main__ -   Poison acc: False

11/24/2025 12:57:58 - INFO - __main__ -   ***** Epoch 19 *****
11/24/2025 12:58:14 - INFO - __main__ -   top-1 acc: 91.46
11/24/2025 12:58:14 - INFO - __main__ -   top-5 acc: 99.82
11/24/2025 12:58:14 - INFO - __main__ -   Best top-1 acc: 91.46
11/24/2025 12:58:14 - INFO - __main__ -   Mean top-1 acc: 79.02
11/24/2025 12:58:14 - INFO - __main__ -   Target acc: True
11/24/2025 12:58:14 - INFO - __main__ -   Poison acc: False

11/24/2025 12:58:14 - INFO - __main__ -   ***** Epoch 20 *****
11/24/2025 12:58:30 - INFO - __main__ -   top-1 acc: 91.39
11/24/2025 12:58:30 - INFO - __main__ -   top-5 acc: 99.79
11/24/2025 12:58:30 - INFO - __main__ -   Best top-1 acc: 91.46
11/24/2025 12:58:30 - INFO - __main__ -   Mean top-1 acc: 81.30
11/24/2025 12:58:30 - INFO - __main__ -   Target acc: True
11/24/2025 12:58:30 - INFO - __main__ -   Poison acc: False

11/24/2025 12:58:30 - INFO - __main__ -   ***** Epoch 21 *****
11/24/2025 12:58:46 - INFO - __main__ -   top-1 acc: 91.37
11/24/2025 12:58:46 - INFO - __main__ -   top-5 acc: 99.75
11/24/2025 12:58:46 - INFO - __main__ -   Best top-1 acc: 91.46
11/24/2025 12:58:46 - INFO - __main__ -   Mean top-1 acc: 82.95
11/24/2025 12:58:46 - INFO - __main__ -   Target acc: True
11/24/2025 12:58:46 - INFO - __main__ -   Poison acc: False

11/24/2025 12:58:46 - INFO - __main__ -   ***** Epoch 22 *****
11/24/2025 12:59:03 - INFO - __main__ -   top-1 acc: 91.70
11/24/2025 12:59:03 - INFO - __main__ -   top-5 acc: 99.85
11/24/2025 12:59:03 - INFO - __main__ -   Best top-1 acc: 91.70
11/24/2025 12:59:03 - INFO - __main__ -   Mean top-1 acc: 84.17
11/24/2025 12:59:03 - INFO - __main__ -   Target acc: True
11/24/2025 12:59:03 - INFO - __main__ -   Poison acc: False

11/24/2025 12:59:03 - INFO - __main__ -   ***** Epoch 23 *****
11/24/2025 12:59:19 - INFO - __main__ -   top-1 acc: 91.27
11/24/2025 12:59:19 - INFO - __main__ -   top-5 acc: 99.81
11/24/2025 12:59:19 - INFO - __main__ -   Best top-1 acc: 91.70
11/24/2025 12:59:19 - INFO - __main__ -   Mean top-1 acc: 85.25
11/24/2025 12:59:19 - INFO - __main__ -   Target acc: True
11/24/2025 12:59:19 - INFO - __main__ -   Poison acc: False

11/24/2025 12:59:19 - INFO - __main__ -   ***** Epoch 24 *****
11/24/2025 12:59:35 - INFO - __main__ -   top-1 acc: 91.45
11/24/2025 12:59:35 - INFO - __main__ -   top-5 acc: 99.83
11/24/2025 12:59:35 - INFO - __main__ -   Best top-1 acc: 91.70
11/24/2025 12:59:35 - INFO - __main__ -   Mean top-1 acc: 86.19
11/24/2025 12:59:35 - INFO - __main__ -   Target acc: True
11/24/2025 12:59:35 - INFO - __main__ -   Poison acc: False

11/24/2025 12:59:35 - INFO - __main__ -   ***** Epoch 25 *****
11/24/2025 12:59:51 - INFO - __main__ -   top-1 acc: 92.31
11/24/2025 12:59:51 - INFO - __main__ -   top-5 acc: 99.86
11/24/2025 12:59:51 - INFO - __main__ -   Best top-1 acc: 92.31
11/24/2025 12:59:51 - INFO - __main__ -   Mean top-1 acc: 87.08
11/24/2025 12:59:51 - INFO - __main__ -   Target acc: True
11/24/2025 12:59:51 - INFO - __main__ -   Poison acc: False

11/24/2025 12:59:51 - INFO - __main__ -   ***** Epoch 26 *****
11/24/2025 13:00:07 - INFO - __main__ -   top-1 acc: 92.27
11/24/2025 13:00:07 - INFO - __main__ -   top-5 acc: 99.83
11/24/2025 13:00:07 - INFO - __main__ -   Best top-1 acc: 92.31
11/24/2025 13:00:07 - INFO - __main__ -   Mean top-1 acc: 87.79
11/24/2025 13:00:07 - INFO - __main__ -   Target acc: True
11/24/2025 13:00:07 - INFO - __main__ -   Poison acc: False

11/24/2025 13:00:07 - INFO - __main__ -   ***** Epoch 27 *****
11/24/2025 13:00:24 - INFO - __main__ -   top-1 acc: 92.34
11/24/2025 13:00:24 - INFO - __main__ -   top-5 acc: 99.82
11/24/2025 13:00:24 - INFO - __main__ -   Best top-1 acc: 92.34
11/24/2025 13:00:24 - INFO - __main__ -   Mean top-1 acc: 88.34
11/24/2025 13:00:24 - INFO - __main__ -   Target acc: True
11/24/2025 13:00:24 - INFO - __main__ -   Poison acc: False

11/24/2025 13:00:24 - INFO - __main__ -   ***** Epoch 28 *****
11/24/2025 13:00:40 - INFO - __main__ -   top-1 acc: 92.48
11/24/2025 13:00:40 - INFO - __main__ -   top-5 acc: 99.83
11/24/2025 13:00:40 - INFO - __main__ -   Best top-1 acc: 92.48
11/24/2025 13:00:40 - INFO - __main__ -   Mean top-1 acc: 88.92
11/24/2025 13:00:40 - INFO - __main__ -   Target acc: True
11/24/2025 13:00:40 - INFO - __main__ -   Poison acc: False

11/24/2025 13:00:40 - INFO - __main__ -   ***** Epoch 29 *****
11/24/2025 13:00:56 - INFO - __main__ -   top-1 acc: 92.35
11/24/2025 13:00:56 - INFO - __main__ -   top-5 acc: 99.81
11/24/2025 13:00:56 - INFO - __main__ -   Best top-1 acc: 92.48
11/24/2025 13:00:56 - INFO - __main__ -   Mean top-1 acc: 89.46
11/24/2025 13:00:56 - INFO - __main__ -   Target acc: True
11/24/2025 13:00:56 - INFO - __main__ -   Poison acc: False

11/24/2025 13:00:56 - INFO - __main__ -   ***** Epoch 30 *****
11/24/2025 13:00:56 - INFO - __main__ -   Identifying small clusters at epoch 30...
11/24/2025 13:01:41 - INFO - __main__ -   top-1 acc: 92.48
11/24/2025 13:01:41 - INFO - __main__ -   top-5 acc: 99.82
11/24/2025 13:01:41 - INFO - __main__ -   Best top-1 acc: 92.48
11/24/2025 13:01:41 - INFO - __main__ -   Mean top-1 acc: 90.00
11/24/2025 13:01:41 - INFO - __main__ -   Target acc: True
11/24/2025 13:01:41 - INFO - __main__ -   Poison acc: False

11/24/2025 13:01:41 - INFO - __main__ -   ***** Epoch 31 *****
11/24/2025 13:01:56 - INFO - __main__ -   top-1 acc: 92.41
11/24/2025 13:01:56 - INFO - __main__ -   top-5 acc: 99.80
11/24/2025 13:01:56 - INFO - __main__ -   Best top-1 acc: 92.48
11/24/2025 13:01:56 - INFO - __main__ -   Mean top-1 acc: 90.43
11/24/2025 13:01:56 - INFO - __main__ -   Target acc: True
11/24/2025 13:01:56 - INFO - __main__ -   Poison acc: False

11/24/2025 13:01:56 - INFO - __main__ -   ***** Epoch 32 *****
11/24/2025 13:02:11 - INFO - __main__ -   top-1 acc: 92.51
11/24/2025 13:02:11 - INFO - __main__ -   top-5 acc: 99.82
11/24/2025 13:02:11 - INFO - __main__ -   Best top-1 acc: 92.51
11/24/2025 13:02:11 - INFO - __main__ -   Mean top-1 acc: 90.97
11/24/2025 13:02:11 - INFO - __main__ -   Target acc: True
11/24/2025 13:02:11 - INFO - __main__ -   Poison acc: False

11/24/2025 13:02:11 - INFO - __main__ -   ***** Epoch 33 *****
11/24/2025 13:02:27 - INFO - __main__ -   top-1 acc: 92.48
11/24/2025 13:02:27 - INFO - __main__ -   top-5 acc: 99.82
11/24/2025 13:02:27 - INFO - __main__ -   Best top-1 acc: 92.51
11/24/2025 13:02:27 - INFO - __main__ -   Mean top-1 acc: 91.40
11/24/2025 13:02:27 - INFO - __main__ -   Target acc: True
11/24/2025 13:02:27 - INFO - __main__ -   Poison acc: False

11/24/2025 13:02:27 - INFO - __main__ -   ***** Epoch 34 *****
11/24/2025 13:02:42 - INFO - __main__ -   top-1 acc: 92.47
11/24/2025 13:02:42 - INFO - __main__ -   top-5 acc: 99.81
11/24/2025 13:02:42 - INFO - __main__ -   Best top-1 acc: 92.51
11/24/2025 13:02:42 - INFO - __main__ -   Mean top-1 acc: 91.78
11/24/2025 13:02:42 - INFO - __main__ -   Target acc: True
11/24/2025 13:02:42 - INFO - __main__ -   Poison acc: False

11/24/2025 13:02:42 - INFO - __main__ -   ***** Epoch 35 *****
11/24/2025 13:02:58 - INFO - __main__ -   top-1 acc: 92.36
11/24/2025 13:02:58 - INFO - __main__ -   top-5 acc: 99.81
11/24/2025 13:02:58 - INFO - __main__ -   Best top-1 acc: 92.51
11/24/2025 13:02:58 - INFO - __main__ -   Mean top-1 acc: 91.90
11/24/2025 13:02:58 - INFO - __main__ -   Target acc: True
11/24/2025 13:02:58 - INFO - __main__ -   Poison acc: False

11/24/2025 13:02:58 - INFO - __main__ -   ***** Epoch 36 *****
11/24/2025 13:03:13 - INFO - __main__ -   top-1 acc: 92.54
11/24/2025 13:03:13 - INFO - __main__ -   top-5 acc: 99.83
11/24/2025 13:03:13 - INFO - __main__ -   Best top-1 acc: 92.54
11/24/2025 13:03:13 - INFO - __main__ -   Mean top-1 acc: 91.99
11/24/2025 13:03:13 - INFO - __main__ -   Target acc: True
11/24/2025 13:03:13 - INFO - __main__ -   Poison acc: False

11/24/2025 13:03:13 - INFO - __main__ -   ***** Epoch 37 *****
11/24/2025 13:03:28 - INFO - __main__ -   top-1 acc: 92.39
11/24/2025 13:03:28 - INFO - __main__ -   top-5 acc: 99.81
11/24/2025 13:03:29 - INFO - __main__ -   Best top-1 acc: 92.54
11/24/2025 13:03:29 - INFO - __main__ -   Mean top-1 acc: 92.05
11/24/2025 13:03:29 - INFO - __main__ -   Target acc: True
11/24/2025 13:03:29 - INFO - __main__ -   Poison acc: False

11/24/2025 13:03:29 - INFO - __main__ -   ***** Epoch 38 *****
11/24/2025 13:03:44 - INFO - __main__ -   top-1 acc: 92.47
11/24/2025 13:03:44 - INFO - __main__ -   top-5 acc: 99.81
11/24/2025 13:03:44 - INFO - __main__ -   Best top-1 acc: 92.54
11/24/2025 13:03:44 - INFO - __main__ -   Mean top-1 acc: 92.12
11/24/2025 13:03:44 - INFO - __main__ -   Target acc: True
11/24/2025 13:03:44 - INFO - __main__ -   Poison acc: False

11/24/2025 13:03:44 - INFO - __main__ -   ***** Epoch 39 *****
11/24/2025 13:03:59 - INFO - __main__ -   top-1 acc: 92.45
11/24/2025 13:03:59 - INFO - __main__ -   top-5 acc: 99.82
11/24/2025 13:04:00 - INFO - __main__ -   Best top-1 acc: 92.54
11/24/2025 13:04:00 - INFO - __main__ -   Mean top-1 acc: 92.17
11/24/2025 13:04:00 - INFO - __main__ -   Target acc: True
11/24/2025 13:04:00 - INFO - __main__ -   Poison acc: False

