11/24/2025 14:11:40 - WARNING - __main__ -   device: cuda:0, n_gpu: 1
11/24/2025 14:11:40 - INFO - __main__ -   {'ap_model': False, 'arch': 'resnet18', 'backdoor': False, 'batch_size': 128, 'clean': False, 'cluster_thresh': 1.0, 'ctime': 0, 'dataset': 'cifar10', 'device': device(type='cuda', index=0), 'drop_after': 30, 'drop_mile': False, 'epochs': 40, 'equal_num': False, 'gpu_id': 0, 'greedy': 'LazyGreedy', 'lr': 0.1, 'metric': 'euclidean', 'n_gpu': 1, 'nesterov': True, 'no_aug': False, 'no_progress': False, 'num_workers': 4, 'out': 'results/epic_gm_eps8_run14/resnet18-cifar10-645_Project_v3.None-epoch40.15.25.35-coreset-pred-0.1-10-start-after-30', 'patch_size': 5, 'poisons_path': '/home/r0liu015/645project_last/poisoning-benchmark/poison_examples_gm/645_Project_v3/14', 'resume': '', 'scenario': 'scratch', 'seed': None, 'start_epoch': 0, 'steps': [15, 25, 35], 'stop_after': 200, 'subset_freq': 10, 'subset_sampler': 'coreset-pred', 'subset_size': 0.1, 'top_frac': 0.1, 'trigger_path': None, 'wdecay': 0.0005, 'world_size': 1}
11/24/2025 14:11:41 - INFO - __main__ -   500 poisons in this trial.
11/24/2025 14:11:41 - INFO - __main__ -   Total params: 11.17M
11/24/2025 14:11:41 - INFO - __main__ -   Target class 8; Poisoned label: 4
11/24/2025 14:11:41 - INFO - __main__ -   ***** Running training *****
11/24/2025 14:11:41 - INFO - __main__ -     Num Epochs = 40
11/24/2025 14:11:41 - INFO - __main__ -     Batch size per GPU = 128
11/24/2025 14:11:41 - INFO - __main__ -     Total train batch size = 128
11/24/2025 14:11:42 - INFO - __main__ -   ***** Epoch 0 *****
11/24/2025 14:11:58 - INFO - __main__ -   top-1 acc: 43.31
11/24/2025 14:11:58 - INFO - __main__ -   top-5 acc: 90.15
11/24/2025 14:11:58 - INFO - __main__ -   Best top-1 acc: 43.31
11/24/2025 14:11:58 - INFO - __main__ -   Mean top-1 acc: 43.31
11/24/2025 14:11:58 - INFO - __main__ -   Target acc: False
11/24/2025 14:11:58 - INFO - __main__ -   Poison acc: False

11/24/2025 14:11:58 - INFO - __main__ -   ***** Epoch 1 *****
11/24/2025 14:12:14 - INFO - __main__ -   top-1 acc: 50.44
11/24/2025 14:12:14 - INFO - __main__ -   top-5 acc: 92.02
11/24/2025 14:12:14 - INFO - __main__ -   Best top-1 acc: 50.44
11/24/2025 14:12:14 - INFO - __main__ -   Mean top-1 acc: 46.88
11/24/2025 14:12:14 - INFO - __main__ -   Target acc: True
11/24/2025 14:12:14 - INFO - __main__ -   Poison acc: False

11/24/2025 14:12:14 - INFO - __main__ -   ***** Epoch 2 *****
11/24/2025 14:12:30 - INFO - __main__ -   top-1 acc: 61.24
11/24/2025 14:12:30 - INFO - __main__ -   top-5 acc: 95.97
11/24/2025 14:12:30 - INFO - __main__ -   Best top-1 acc: 61.24
11/24/2025 14:12:30 - INFO - __main__ -   Mean top-1 acc: 51.66
11/24/2025 14:12:30 - INFO - __main__ -   Target acc: True
11/24/2025 14:12:30 - INFO - __main__ -   Poison acc: False

11/24/2025 14:12:30 - INFO - __main__ -   ***** Epoch 3 *****
11/24/2025 14:12:46 - INFO - __main__ -   top-1 acc: 66.25
11/24/2025 14:12:46 - INFO - __main__ -   top-5 acc: 97.24
11/24/2025 14:12:46 - INFO - __main__ -   Best top-1 acc: 66.25
11/24/2025 14:12:46 - INFO - __main__ -   Mean top-1 acc: 55.31
11/24/2025 14:12:46 - INFO - __main__ -   Target acc: True
11/24/2025 14:12:46 - INFO - __main__ -   Poison acc: False

11/24/2025 14:12:46 - INFO - __main__ -   ***** Epoch 4 *****
11/24/2025 14:13:03 - INFO - __main__ -   top-1 acc: 67.87
11/24/2025 14:13:03 - INFO - __main__ -   top-5 acc: 97.08
11/24/2025 14:13:03 - INFO - __main__ -   Best top-1 acc: 67.87
11/24/2025 14:13:03 - INFO - __main__ -   Mean top-1 acc: 57.82
11/24/2025 14:13:03 - INFO - __main__ -   Target acc: True
11/24/2025 14:13:03 - INFO - __main__ -   Poison acc: False

11/24/2025 14:13:03 - INFO - __main__ -   ***** Epoch 5 *****
11/24/2025 14:13:19 - INFO - __main__ -   top-1 acc: 70.18
11/24/2025 14:13:19 - INFO - __main__ -   top-5 acc: 97.58
11/24/2025 14:13:19 - INFO - __main__ -   Best top-1 acc: 70.18
11/24/2025 14:13:19 - INFO - __main__ -   Mean top-1 acc: 59.88
11/24/2025 14:13:19 - INFO - __main__ -   Target acc: False
11/24/2025 14:13:19 - INFO - __main__ -   Poison acc: False

11/24/2025 14:13:19 - INFO - __main__ -   ***** Epoch 6 *****
11/24/2025 14:13:35 - INFO - __main__ -   top-1 acc: 70.79
11/24/2025 14:13:35 - INFO - __main__ -   top-5 acc: 97.12
11/24/2025 14:13:35 - INFO - __main__ -   Best top-1 acc: 70.79
11/24/2025 14:13:35 - INFO - __main__ -   Mean top-1 acc: 61.44
11/24/2025 14:13:35 - INFO - __main__ -   Target acc: True
11/24/2025 14:13:35 - INFO - __main__ -   Poison acc: False

11/24/2025 14:13:35 - INFO - __main__ -   ***** Epoch 7 *****
11/24/2025 14:13:52 - INFO - __main__ -   top-1 acc: 71.96
11/24/2025 14:13:52 - INFO - __main__ -   top-5 acc: 97.94
11/24/2025 14:13:52 - INFO - __main__ -   Best top-1 acc: 71.96
11/24/2025 14:13:52 - INFO - __main__ -   Mean top-1 acc: 62.76
11/24/2025 14:13:52 - INFO - __main__ -   Target acc: True
11/24/2025 14:13:52 - INFO - __main__ -   Poison acc: False

11/24/2025 14:13:52 - INFO - __main__ -   ***** Epoch 8 *****
11/24/2025 14:14:08 - INFO - __main__ -   top-1 acc: 78.73
11/24/2025 14:14:08 - INFO - __main__ -   top-5 acc: 98.47
11/24/2025 14:14:08 - INFO - __main__ -   Best top-1 acc: 78.73
11/24/2025 14:14:08 - INFO - __main__ -   Mean top-1 acc: 64.53
11/24/2025 14:14:08 - INFO - __main__ -   Target acc: True
11/24/2025 14:14:08 - INFO - __main__ -   Poison acc: False

11/24/2025 14:14:08 - INFO - __main__ -   ***** Epoch 9 *****
11/24/2025 14:14:24 - INFO - __main__ -   top-1 acc: 80.27
11/24/2025 14:14:24 - INFO - __main__ -   top-5 acc: 98.97
11/24/2025 14:14:24 - INFO - __main__ -   Best top-1 acc: 80.27
11/24/2025 14:14:24 - INFO - __main__ -   Mean top-1 acc: 66.10
11/24/2025 14:14:24 - INFO - __main__ -   Target acc: True
11/24/2025 14:14:24 - INFO - __main__ -   Poison acc: False

11/24/2025 14:14:24 - INFO - __main__ -   ***** Epoch 10 *****
11/24/2025 14:14:41 - INFO - __main__ -   top-1 acc: 82.70
11/24/2025 14:14:41 - INFO - __main__ -   top-5 acc: 99.23
11/24/2025 14:14:41 - INFO - __main__ -   Best top-1 acc: 82.70
11/24/2025 14:14:41 - INFO - __main__ -   Mean top-1 acc: 67.61
11/24/2025 14:14:41 - INFO - __main__ -   Target acc: True
11/24/2025 14:14:41 - INFO - __main__ -   Poison acc: False

11/24/2025 14:14:41 - INFO - __main__ -   ***** Epoch 11 *****
11/24/2025 14:14:57 - INFO - __main__ -   top-1 acc: 78.75
11/24/2025 14:14:57 - INFO - __main__ -   top-5 acc: 98.72
11/24/2025 14:14:57 - INFO - __main__ -   Best top-1 acc: 82.70
11/24/2025 14:14:57 - INFO - __main__ -   Mean top-1 acc: 68.54
11/24/2025 14:14:57 - INFO - __main__ -   Target acc: True
11/24/2025 14:14:57 - INFO - __main__ -   Poison acc: False

11/24/2025 14:14:57 - INFO - __main__ -   ***** Epoch 12 *****
11/24/2025 14:15:13 - INFO - __main__ -   top-1 acc: 82.89
11/24/2025 14:15:13 - INFO - __main__ -   top-5 acc: 98.99
11/24/2025 14:15:13 - INFO - __main__ -   Best top-1 acc: 82.89
11/24/2025 14:15:13 - INFO - __main__ -   Mean top-1 acc: 69.64
11/24/2025 14:15:13 - INFO - __main__ -   Target acc: True
11/24/2025 14:15:13 - INFO - __main__ -   Poison acc: False

11/24/2025 14:15:13 - INFO - __main__ -   ***** Epoch 13 *****
11/24/2025 14:15:29 - INFO - __main__ -   top-1 acc: 83.50
11/24/2025 14:15:29 - INFO - __main__ -   top-5 acc: 99.39
11/24/2025 14:15:29 - INFO - __main__ -   Best top-1 acc: 83.50
11/24/2025 14:15:29 - INFO - __main__ -   Mean top-1 acc: 70.63
11/24/2025 14:15:29 - INFO - __main__ -   Target acc: True
11/24/2025 14:15:29 - INFO - __main__ -   Poison acc: False

11/24/2025 14:15:29 - INFO - __main__ -   ***** Epoch 14 *****
11/24/2025 14:15:45 - INFO - __main__ -   top-1 acc: 84.70
11/24/2025 14:15:45 - INFO - __main__ -   top-5 acc: 99.41
11/24/2025 14:15:45 - INFO - __main__ -   Best top-1 acc: 84.70
11/24/2025 14:15:45 - INFO - __main__ -   Mean top-1 acc: 71.57
11/24/2025 14:15:45 - INFO - __main__ -   Target acc: True
11/24/2025 14:15:45 - INFO - __main__ -   Poison acc: False

11/24/2025 14:15:45 - INFO - __main__ -   ***** Epoch 15 *****
11/24/2025 14:16:01 - INFO - __main__ -   top-1 acc: 90.22
11/24/2025 14:16:01 - INFO - __main__ -   top-5 acc: 99.70
11/24/2025 14:16:02 - INFO - __main__ -   Best top-1 acc: 90.22
11/24/2025 14:16:02 - INFO - __main__ -   Mean top-1 acc: 72.74
11/24/2025 14:16:02 - INFO - __main__ -   Target acc: True
11/24/2025 14:16:02 - INFO - __main__ -   Poison acc: False

11/24/2025 14:16:02 - INFO - __main__ -   ***** Epoch 16 *****
11/24/2025 14:16:18 - INFO - __main__ -   top-1 acc: 90.76
11/24/2025 14:16:18 - INFO - __main__ -   top-5 acc: 99.75
11/24/2025 14:16:18 - INFO - __main__ -   Best top-1 acc: 90.76
11/24/2025 14:16:18 - INFO - __main__ -   Mean top-1 acc: 73.80
11/24/2025 14:16:18 - INFO - __main__ -   Target acc: True
11/24/2025 14:16:18 - INFO - __main__ -   Poison acc: False

11/24/2025 14:16:18 - INFO - __main__ -   ***** Epoch 17 *****
11/24/2025 14:16:34 - INFO - __main__ -   top-1 acc: 91.17
11/24/2025 14:16:34 - INFO - __main__ -   top-5 acc: 99.71
11/24/2025 14:16:34 - INFO - __main__ -   Best top-1 acc: 91.17
11/24/2025 14:16:34 - INFO - __main__ -   Mean top-1 acc: 74.76
11/24/2025 14:16:34 - INFO - __main__ -   Target acc: True
11/24/2025 14:16:34 - INFO - __main__ -   Poison acc: False

11/24/2025 14:16:34 - INFO - __main__ -   ***** Epoch 18 *****
11/24/2025 14:16:50 - INFO - __main__ -   top-1 acc: 91.61
11/24/2025 14:16:50 - INFO - __main__ -   top-5 acc: 99.81
11/24/2025 14:16:50 - INFO - __main__ -   Best top-1 acc: 91.61
11/24/2025 14:16:50 - INFO - __main__ -   Mean top-1 acc: 75.65
11/24/2025 14:16:50 - INFO - __main__ -   Target acc: True
11/24/2025 14:16:50 - INFO - __main__ -   Poison acc: False

11/24/2025 14:16:50 - INFO - __main__ -   ***** Epoch 19 *****
11/24/2025 14:17:06 - INFO - __main__ -   top-1 acc: 91.09
11/24/2025 14:17:06 - INFO - __main__ -   top-5 acc: 99.80
11/24/2025 14:17:06 - INFO - __main__ -   Best top-1 acc: 91.61
11/24/2025 14:17:06 - INFO - __main__ -   Mean top-1 acc: 76.42
11/24/2025 14:17:06 - INFO - __main__ -   Target acc: True
11/24/2025 14:17:06 - INFO - __main__ -   Poison acc: False

11/24/2025 14:17:06 - INFO - __main__ -   ***** Epoch 20 *****
11/24/2025 14:17:22 - INFO - __main__ -   top-1 acc: 90.92
11/24/2025 14:17:22 - INFO - __main__ -   top-5 acc: 99.81
11/24/2025 14:17:23 - INFO - __main__ -   Best top-1 acc: 91.61
11/24/2025 14:17:23 - INFO - __main__ -   Mean top-1 acc: 78.80
11/24/2025 14:17:23 - INFO - __main__ -   Target acc: True
11/24/2025 14:17:23 - INFO - __main__ -   Poison acc: False

11/24/2025 14:17:23 - INFO - __main__ -   ***** Epoch 21 *****
11/24/2025 14:17:39 - INFO - __main__ -   top-1 acc: 91.56
11/24/2025 14:17:39 - INFO - __main__ -   top-5 acc: 99.83
11/24/2025 14:17:39 - INFO - __main__ -   Best top-1 acc: 91.61
11/24/2025 14:17:39 - INFO - __main__ -   Mean top-1 acc: 80.86
11/24/2025 14:17:39 - INFO - __main__ -   Target acc: True
11/24/2025 14:17:39 - INFO - __main__ -   Poison acc: False

11/24/2025 14:17:39 - INFO - __main__ -   ***** Epoch 22 *****
11/24/2025 14:17:55 - INFO - __main__ -   top-1 acc: 91.65
11/24/2025 14:17:55 - INFO - __main__ -   top-5 acc: 99.76
11/24/2025 14:17:55 - INFO - __main__ -   Best top-1 acc: 91.65
11/24/2025 14:17:55 - INFO - __main__ -   Mean top-1 acc: 82.38
11/24/2025 14:17:55 - INFO - __main__ -   Target acc: True
11/24/2025 14:17:55 - INFO - __main__ -   Poison acc: False

11/24/2025 14:17:55 - INFO - __main__ -   ***** Epoch 23 *****
11/24/2025 14:18:11 - INFO - __main__ -   top-1 acc: 91.32
11/24/2025 14:18:11 - INFO - __main__ -   top-5 acc: 99.85
11/24/2025 14:18:11 - INFO - __main__ -   Best top-1 acc: 91.65
11/24/2025 14:18:11 - INFO - __main__ -   Mean top-1 acc: 83.63
11/24/2025 14:18:11 - INFO - __main__ -   Target acc: True
11/24/2025 14:18:11 - INFO - __main__ -   Poison acc: False

11/24/2025 14:18:11 - INFO - __main__ -   ***** Epoch 24 *****
11/24/2025 14:18:28 - INFO - __main__ -   top-1 acc: 91.40
11/24/2025 14:18:28 - INFO - __main__ -   top-5 acc: 99.80
11/24/2025 14:18:28 - INFO - __main__ -   Best top-1 acc: 91.65
11/24/2025 14:18:28 - INFO - __main__ -   Mean top-1 acc: 84.81
11/24/2025 14:18:28 - INFO - __main__ -   Target acc: True
11/24/2025 14:18:28 - INFO - __main__ -   Poison acc: False

11/24/2025 14:18:28 - INFO - __main__ -   ***** Epoch 25 *****
11/24/2025 14:18:44 - INFO - __main__ -   top-1 acc: 92.00
11/24/2025 14:18:44 - INFO - __main__ -   top-5 acc: 99.83
11/24/2025 14:18:44 - INFO - __main__ -   Best top-1 acc: 92.00
11/24/2025 14:18:44 - INFO - __main__ -   Mean top-1 acc: 85.90
11/24/2025 14:18:44 - INFO - __main__ -   Target acc: True
11/24/2025 14:18:44 - INFO - __main__ -   Poison acc: False

11/24/2025 14:18:44 - INFO - __main__ -   ***** Epoch 26 *****
11/24/2025 14:19:00 - INFO - __main__ -   top-1 acc: 92.06
11/24/2025 14:19:00 - INFO - __main__ -   top-5 acc: 99.85
11/24/2025 14:19:00 - INFO - __main__ -   Best top-1 acc: 92.06
11/24/2025 14:19:00 - INFO - __main__ -   Mean top-1 acc: 86.96
11/24/2025 14:19:00 - INFO - __main__ -   Target acc: True
11/24/2025 14:19:00 - INFO - __main__ -   Poison acc: False

11/24/2025 14:19:00 - INFO - __main__ -   ***** Epoch 27 *****
11/24/2025 14:19:16 - INFO - __main__ -   top-1 acc: 92.02
11/24/2025 14:19:16 - INFO - __main__ -   top-5 acc: 99.84
11/24/2025 14:19:16 - INFO - __main__ -   Best top-1 acc: 92.06
11/24/2025 14:19:16 - INFO - __main__ -   Mean top-1 acc: 87.97
11/24/2025 14:19:16 - INFO - __main__ -   Target acc: True
11/24/2025 14:19:16 - INFO - __main__ -   Poison acc: False

11/24/2025 14:19:16 - INFO - __main__ -   ***** Epoch 28 *****
11/24/2025 14:19:32 - INFO - __main__ -   top-1 acc: 92.23
11/24/2025 14:19:32 - INFO - __main__ -   top-5 acc: 99.85
11/24/2025 14:19:32 - INFO - __main__ -   Best top-1 acc: 92.23
11/24/2025 14:19:32 - INFO - __main__ -   Mean top-1 acc: 88.64
11/24/2025 14:19:32 - INFO - __main__ -   Target acc: True
11/24/2025 14:19:32 - INFO - __main__ -   Poison acc: False

11/24/2025 14:19:32 - INFO - __main__ -   ***** Epoch 29 *****
11/24/2025 14:19:49 - INFO - __main__ -   top-1 acc: 92.21
11/24/2025 14:19:49 - INFO - __main__ -   top-5 acc: 99.89
11/24/2025 14:19:49 - INFO - __main__ -   Best top-1 acc: 92.23
11/24/2025 14:19:49 - INFO - __main__ -   Mean top-1 acc: 89.24
11/24/2025 14:19:49 - INFO - __main__ -   Target acc: True
11/24/2025 14:19:49 - INFO - __main__ -   Poison acc: False

11/24/2025 14:19:49 - INFO - __main__ -   ***** Epoch 30 *****
11/24/2025 14:19:49 - INFO - __main__ -   Identifying small clusters at epoch 30...
11/24/2025 14:20:33 - INFO - __main__ -   top-1 acc: 92.22
11/24/2025 14:20:33 - INFO - __main__ -   top-5 acc: 99.87
11/24/2025 14:20:33 - INFO - __main__ -   Best top-1 acc: 92.23
11/24/2025 14:20:33 - INFO - __main__ -   Mean top-1 acc: 89.71
11/24/2025 14:20:33 - INFO - __main__ -   Target acc: True
11/24/2025 14:20:33 - INFO - __main__ -   Poison acc: False

11/24/2025 14:20:33 - INFO - __main__ -   ***** Epoch 31 *****
11/24/2025 14:20:49 - INFO - __main__ -   top-1 acc: 92.14
11/24/2025 14:20:49 - INFO - __main__ -   top-5 acc: 99.87
11/24/2025 14:20:49 - INFO - __main__ -   Best top-1 acc: 92.23
11/24/2025 14:20:49 - INFO - __main__ -   Mean top-1 acc: 90.38
11/24/2025 14:20:49 - INFO - __main__ -   Target acc: True
11/24/2025 14:20:49 - INFO - __main__ -   Poison acc: False

11/24/2025 14:20:49 - INFO - __main__ -   ***** Epoch 32 *****
11/24/2025 14:21:04 - INFO - __main__ -   top-1 acc: 92.33
11/24/2025 14:21:04 - INFO - __main__ -   top-5 acc: 99.89
11/24/2025 14:21:04 - INFO - __main__ -   Best top-1 acc: 92.33
11/24/2025 14:21:04 - INFO - __main__ -   Mean top-1 acc: 90.86
11/24/2025 14:21:04 - INFO - __main__ -   Target acc: True
11/24/2025 14:21:04 - INFO - __main__ -   Poison acc: False

11/24/2025 14:21:04 - INFO - __main__ -   ***** Epoch 33 *****
11/24/2025 14:21:20 - INFO - __main__ -   top-1 acc: 92.28
11/24/2025 14:21:20 - INFO - __main__ -   top-5 acc: 99.91
11/24/2025 14:21:20 - INFO - __main__ -   Best top-1 acc: 92.33
11/24/2025 14:21:20 - INFO - __main__ -   Mean top-1 acc: 91.29
11/24/2025 14:21:20 - INFO - __main__ -   Target acc: True
11/24/2025 14:21:20 - INFO - __main__ -   Poison acc: False

11/24/2025 14:21:20 - INFO - __main__ -   ***** Epoch 34 *****
11/24/2025 14:21:35 - INFO - __main__ -   top-1 acc: 92.27
11/24/2025 14:21:35 - INFO - __main__ -   top-5 acc: 99.88
11/24/2025 14:21:35 - INFO - __main__ -   Best top-1 acc: 92.33
11/24/2025 14:21:35 - INFO - __main__ -   Mean top-1 acc: 91.67
11/24/2025 14:21:35 - INFO - __main__ -   Target acc: True
11/24/2025 14:21:35 - INFO - __main__ -   Poison acc: False

11/24/2025 14:21:35 - INFO - __main__ -   ***** Epoch 35 *****
11/24/2025 14:21:50 - INFO - __main__ -   top-1 acc: 92.48
11/24/2025 14:21:50 - INFO - __main__ -   top-5 acc: 99.88
11/24/2025 14:21:51 - INFO - __main__ -   Best top-1 acc: 92.48
11/24/2025 14:21:51 - INFO - __main__ -   Mean top-1 acc: 91.79
11/24/2025 14:21:51 - INFO - __main__ -   Target acc: True
11/24/2025 14:21:51 - INFO - __main__ -   Poison acc: False

11/24/2025 14:21:51 - INFO - __main__ -   ***** Epoch 36 *****
11/24/2025 14:22:06 - INFO - __main__ -   top-1 acc: 92.48
11/24/2025 14:22:06 - INFO - __main__ -   top-5 acc: 99.90
11/24/2025 14:22:06 - INFO - __main__ -   Best top-1 acc: 92.48
11/24/2025 14:22:06 - INFO - __main__ -   Mean top-1 acc: 91.87
11/24/2025 14:22:06 - INFO - __main__ -   Target acc: True
11/24/2025 14:22:06 - INFO - __main__ -   Poison acc: False

11/24/2025 14:22:06 - INFO - __main__ -   ***** Epoch 37 *****
11/24/2025 14:22:21 - INFO - __main__ -   top-1 acc: 92.20
11/24/2025 14:22:21 - INFO - __main__ -   top-5 acc: 99.87
11/24/2025 14:22:21 - INFO - __main__ -   Best top-1 acc: 92.48
11/24/2025 14:22:21 - INFO - __main__ -   Mean top-1 acc: 91.92
11/24/2025 14:22:21 - INFO - __main__ -   Target acc: True
11/24/2025 14:22:21 - INFO - __main__ -   Poison acc: False

11/24/2025 14:22:21 - INFO - __main__ -   ***** Epoch 38 *****
11/24/2025 14:22:37 - INFO - __main__ -   top-1 acc: 92.39
11/24/2025 14:22:37 - INFO - __main__ -   top-5 acc: 99.89
11/24/2025 14:22:37 - INFO - __main__ -   Best top-1 acc: 92.48
11/24/2025 14:22:37 - INFO - __main__ -   Mean top-1 acc: 91.96
11/24/2025 14:22:37 - INFO - __main__ -   Target acc: True
11/24/2025 14:22:37 - INFO - __main__ -   Poison acc: False

11/24/2025 14:22:37 - INFO - __main__ -   ***** Epoch 39 *****
11/24/2025 14:22:52 - INFO - __main__ -   top-1 acc: 92.32
11/24/2025 14:22:52 - INFO - __main__ -   top-5 acc: 99.89
11/24/2025 14:22:52 - INFO - __main__ -   Best top-1 acc: 92.48
11/24/2025 14:22:52 - INFO - __main__ -   Mean top-1 acc: 92.02
11/24/2025 14:22:52 - INFO - __main__ -   Target acc: True
11/24/2025 14:22:52 - INFO - __main__ -   Poison acc: False

