11/24/2025 13:15:29 - WARNING - __main__ -   device: cuda:0, n_gpu: 1
11/24/2025 13:15:29 - INFO - __main__ -   {'ap_model': False, 'arch': 'resnet18', 'backdoor': False, 'batch_size': 128, 'clean': False, 'cluster_thresh': 1.0, 'ctime': 0, 'dataset': 'cifar10', 'device': device(type='cuda', index=0), 'drop_after': 30, 'drop_mile': False, 'epochs': 40, 'equal_num': False, 'gpu_id': 0, 'greedy': 'LazyGreedy', 'lr': 0.1, 'metric': 'euclidean', 'n_gpu': 1, 'nesterov': True, 'no_aug': False, 'no_progress': False, 'num_workers': 4, 'out': 'results/epic_gm_eps8_run9/resnet18-cifar10-645_Project_v3.None-epoch40.15.25.35-coreset-pred-0.1-10-start-after-30', 'patch_size': 5, 'poisons_path': '/home/r0liu015/645project_last/poisoning-benchmark/poison_examples_gm/645_Project_v3/9', 'resume': '', 'scenario': 'scratch', 'seed': None, 'start_epoch': 0, 'steps': [15, 25, 35], 'stop_after': 200, 'subset_freq': 10, 'subset_sampler': 'coreset-pred', 'subset_size': 0.1, 'top_frac': 0.1, 'trigger_path': None, 'wdecay': 0.0005, 'world_size': 1}
11/24/2025 13:15:30 - INFO - __main__ -   500 poisons in this trial.
11/24/2025 13:15:30 - INFO - __main__ -   Total params: 11.17M
11/24/2025 13:15:30 - INFO - __main__ -   Target class 4; Poisoned label: 0
11/24/2025 13:15:30 - INFO - __main__ -   ***** Running training *****
11/24/2025 13:15:30 - INFO - __main__ -     Num Epochs = 40
11/24/2025 13:15:30 - INFO - __main__ -     Batch size per GPU = 128
11/24/2025 13:15:30 - INFO - __main__ -     Total train batch size = 128
11/24/2025 13:15:30 - INFO - __main__ -   ***** Epoch 0 *****
11/24/2025 13:15:47 - INFO - __main__ -   top-1 acc: 41.28
11/24/2025 13:15:47 - INFO - __main__ -   top-5 acc: 89.07
11/24/2025 13:15:47 - INFO - __main__ -   Best top-1 acc: 41.28
11/24/2025 13:15:47 - INFO - __main__ -   Mean top-1 acc: 41.28
11/24/2025 13:15:47 - INFO - __main__ -   Target acc: True
11/24/2025 13:15:47 - INFO - __main__ -   Poison acc: False

11/24/2025 13:15:47 - INFO - __main__ -   ***** Epoch 1 *****
11/24/2025 13:16:03 - INFO - __main__ -   top-1 acc: 49.97
11/24/2025 13:16:03 - INFO - __main__ -   top-5 acc: 93.10
11/24/2025 13:16:03 - INFO - __main__ -   Best top-1 acc: 49.97
11/24/2025 13:16:03 - INFO - __main__ -   Mean top-1 acc: 45.62
11/24/2025 13:16:03 - INFO - __main__ -   Target acc: True
11/24/2025 13:16:03 - INFO - __main__ -   Poison acc: False

11/24/2025 13:16:03 - INFO - __main__ -   ***** Epoch 2 *****
11/24/2025 13:16:19 - INFO - __main__ -   top-1 acc: 61.70
11/24/2025 13:16:19 - INFO - __main__ -   top-5 acc: 96.68
11/24/2025 13:16:19 - INFO - __main__ -   Best top-1 acc: 61.70
11/24/2025 13:16:19 - INFO - __main__ -   Mean top-1 acc: 50.98
11/24/2025 13:16:19 - INFO - __main__ -   Target acc: False
11/24/2025 13:16:19 - INFO - __main__ -   Poison acc: False

11/24/2025 13:16:19 - INFO - __main__ -   ***** Epoch 3 *****
11/24/2025 13:16:35 - INFO - __main__ -   top-1 acc: 63.90
11/24/2025 13:16:35 - INFO - __main__ -   top-5 acc: 95.78
11/24/2025 13:16:35 - INFO - __main__ -   Best top-1 acc: 63.90
11/24/2025 13:16:35 - INFO - __main__ -   Mean top-1 acc: 54.21
11/24/2025 13:16:35 - INFO - __main__ -   Target acc: True
11/24/2025 13:16:35 - INFO - __main__ -   Poison acc: False

11/24/2025 13:16:35 - INFO - __main__ -   ***** Epoch 4 *****
11/24/2025 13:16:52 - INFO - __main__ -   top-1 acc: 71.22
11/24/2025 13:16:52 - INFO - __main__ -   top-5 acc: 98.12
11/24/2025 13:16:52 - INFO - __main__ -   Best top-1 acc: 71.22
11/24/2025 13:16:52 - INFO - __main__ -   Mean top-1 acc: 57.61
11/24/2025 13:16:52 - INFO - __main__ -   Target acc: True
11/24/2025 13:16:52 - INFO - __main__ -   Poison acc: False

11/24/2025 13:16:52 - INFO - __main__ -   ***** Epoch 5 *****
11/24/2025 13:17:08 - INFO - __main__ -   top-1 acc: 71.57
11/24/2025 13:17:08 - INFO - __main__ -   top-5 acc: 97.94
11/24/2025 13:17:08 - INFO - __main__ -   Best top-1 acc: 71.57
11/24/2025 13:17:08 - INFO - __main__ -   Mean top-1 acc: 59.94
11/24/2025 13:17:08 - INFO - __main__ -   Target acc: True
11/24/2025 13:17:08 - INFO - __main__ -   Poison acc: False

11/24/2025 13:17:08 - INFO - __main__ -   ***** Epoch 6 *****
11/24/2025 13:17:24 - INFO - __main__ -   top-1 acc: 72.21
11/24/2025 13:17:24 - INFO - __main__ -   top-5 acc: 98.11
11/24/2025 13:17:24 - INFO - __main__ -   Best top-1 acc: 72.21
11/24/2025 13:17:24 - INFO - __main__ -   Mean top-1 acc: 61.69
11/24/2025 13:17:24 - INFO - __main__ -   Target acc: True
11/24/2025 13:17:24 - INFO - __main__ -   Poison acc: False

11/24/2025 13:17:24 - INFO - __main__ -   ***** Epoch 7 *****
11/24/2025 13:17:40 - INFO - __main__ -   top-1 acc: 78.70
11/24/2025 13:17:40 - INFO - __main__ -   top-5 acc: 98.57
11/24/2025 13:17:40 - INFO - __main__ -   Best top-1 acc: 78.70
11/24/2025 13:17:40 - INFO - __main__ -   Mean top-1 acc: 63.82
11/24/2025 13:17:40 - INFO - __main__ -   Target acc: True
11/24/2025 13:17:40 - INFO - __main__ -   Poison acc: False

11/24/2025 13:17:40 - INFO - __main__ -   ***** Epoch 8 *****
11/24/2025 13:17:56 - INFO - __main__ -   top-1 acc: 77.12
11/24/2025 13:17:56 - INFO - __main__ -   top-5 acc: 98.52
11/24/2025 13:17:56 - INFO - __main__ -   Best top-1 acc: 78.70
11/24/2025 13:17:56 - INFO - __main__ -   Mean top-1 acc: 65.30
11/24/2025 13:17:56 - INFO - __main__ -   Target acc: True
11/24/2025 13:17:56 - INFO - __main__ -   Poison acc: False

11/24/2025 13:17:56 - INFO - __main__ -   ***** Epoch 9 *****
11/24/2025 13:18:12 - INFO - __main__ -   top-1 acc: 79.04
11/24/2025 13:18:12 - INFO - __main__ -   top-5 acc: 98.74
11/24/2025 13:18:13 - INFO - __main__ -   Best top-1 acc: 79.04
11/24/2025 13:18:13 - INFO - __main__ -   Mean top-1 acc: 66.67
11/24/2025 13:18:13 - INFO - __main__ -   Target acc: True
11/24/2025 13:18:13 - INFO - __main__ -   Poison acc: False

11/24/2025 13:18:13 - INFO - __main__ -   ***** Epoch 10 *****
11/24/2025 13:18:29 - INFO - __main__ -   top-1 acc: 80.79
11/24/2025 13:18:29 - INFO - __main__ -   top-5 acc: 99.15
11/24/2025 13:18:29 - INFO - __main__ -   Best top-1 acc: 80.79
11/24/2025 13:18:29 - INFO - __main__ -   Mean top-1 acc: 67.95
11/24/2025 13:18:29 - INFO - __main__ -   Target acc: True
11/24/2025 13:18:29 - INFO - __main__ -   Poison acc: False

11/24/2025 13:18:29 - INFO - __main__ -   ***** Epoch 11 *****
11/24/2025 13:18:45 - INFO - __main__ -   top-1 acc: 79.39
11/24/2025 13:18:45 - INFO - __main__ -   top-5 acc: 99.02
11/24/2025 13:18:45 - INFO - __main__ -   Best top-1 acc: 80.79
11/24/2025 13:18:45 - INFO - __main__ -   Mean top-1 acc: 68.91
11/24/2025 13:18:45 - INFO - __main__ -   Target acc: True
11/24/2025 13:18:45 - INFO - __main__ -   Poison acc: False

11/24/2025 13:18:45 - INFO - __main__ -   ***** Epoch 12 *****
11/24/2025 13:19:01 - INFO - __main__ -   top-1 acc: 82.05
11/24/2025 13:19:01 - INFO - __main__ -   top-5 acc: 98.89
11/24/2025 13:19:01 - INFO - __main__ -   Best top-1 acc: 82.05
11/24/2025 13:19:01 - INFO - __main__ -   Mean top-1 acc: 69.92
11/24/2025 13:19:01 - INFO - __main__ -   Target acc: True
11/24/2025 13:19:01 - INFO - __main__ -   Poison acc: False

11/24/2025 13:19:01 - INFO - __main__ -   ***** Epoch 13 *****
11/24/2025 13:19:17 - INFO - __main__ -   top-1 acc: 81.59
11/24/2025 13:19:17 - INFO - __main__ -   top-5 acc: 99.11
11/24/2025 13:19:17 - INFO - __main__ -   Best top-1 acc: 82.05
11/24/2025 13:19:17 - INFO - __main__ -   Mean top-1 acc: 70.75
11/24/2025 13:19:17 - INFO - __main__ -   Target acc: True
11/24/2025 13:19:17 - INFO - __main__ -   Poison acc: False

11/24/2025 13:19:17 - INFO - __main__ -   ***** Epoch 14 *****
11/24/2025 13:19:34 - INFO - __main__ -   top-1 acc: 82.91
11/24/2025 13:19:34 - INFO - __main__ -   top-5 acc: 99.28
11/24/2025 13:19:34 - INFO - __main__ -   Best top-1 acc: 82.91
11/24/2025 13:19:34 - INFO - __main__ -   Mean top-1 acc: 71.56
11/24/2025 13:19:34 - INFO - __main__ -   Target acc: True
11/24/2025 13:19:34 - INFO - __main__ -   Poison acc: False

11/24/2025 13:19:34 - INFO - __main__ -   ***** Epoch 15 *****
11/24/2025 13:19:50 - INFO - __main__ -   top-1 acc: 89.70
11/24/2025 13:19:50 - INFO - __main__ -   top-5 acc: 99.75
11/24/2025 13:19:50 - INFO - __main__ -   Best top-1 acc: 89.70
11/24/2025 13:19:50 - INFO - __main__ -   Mean top-1 acc: 72.70
11/24/2025 13:19:50 - INFO - __main__ -   Target acc: True
11/24/2025 13:19:50 - INFO - __main__ -   Poison acc: False

11/24/2025 13:19:50 - INFO - __main__ -   ***** Epoch 16 *****
11/24/2025 13:20:06 - INFO - __main__ -   top-1 acc: 90.43
11/24/2025 13:20:06 - INFO - __main__ -   top-5 acc: 99.78
11/24/2025 13:20:06 - INFO - __main__ -   Best top-1 acc: 90.43
11/24/2025 13:20:06 - INFO - __main__ -   Mean top-1 acc: 73.74
11/24/2025 13:20:06 - INFO - __main__ -   Target acc: True
11/24/2025 13:20:06 - INFO - __main__ -   Poison acc: False

11/24/2025 13:20:06 - INFO - __main__ -   ***** Epoch 17 *****
11/24/2025 13:20:22 - INFO - __main__ -   top-1 acc: 90.63
11/24/2025 13:20:22 - INFO - __main__ -   top-5 acc: 99.80
11/24/2025 13:20:22 - INFO - __main__ -   Best top-1 acc: 90.63
11/24/2025 13:20:22 - INFO - __main__ -   Mean top-1 acc: 74.68
11/24/2025 13:20:22 - INFO - __main__ -   Target acc: True
11/24/2025 13:20:22 - INFO - __main__ -   Poison acc: False

11/24/2025 13:20:22 - INFO - __main__ -   ***** Epoch 18 *****
11/24/2025 13:20:39 - INFO - __main__ -   top-1 acc: 90.81
11/24/2025 13:20:39 - INFO - __main__ -   top-5 acc: 99.81
11/24/2025 13:20:39 - INFO - __main__ -   Best top-1 acc: 90.81
11/24/2025 13:20:39 - INFO - __main__ -   Mean top-1 acc: 75.53
11/24/2025 13:20:39 - INFO - __main__ -   Target acc: True
11/24/2025 13:20:39 - INFO - __main__ -   Poison acc: False

11/24/2025 13:20:39 - INFO - __main__ -   ***** Epoch 19 *****
11/24/2025 13:20:55 - INFO - __main__ -   top-1 acc: 90.89
11/24/2025 13:20:55 - INFO - __main__ -   top-5 acc: 99.78
11/24/2025 13:20:55 - INFO - __main__ -   Best top-1 acc: 90.89
11/24/2025 13:20:55 - INFO - __main__ -   Mean top-1 acc: 76.29
11/24/2025 13:20:55 - INFO - __main__ -   Target acc: True
11/24/2025 13:20:55 - INFO - __main__ -   Poison acc: False

11/24/2025 13:20:55 - INFO - __main__ -   ***** Epoch 20 *****
11/24/2025 13:21:11 - INFO - __main__ -   top-1 acc: 91.09
11/24/2025 13:21:11 - INFO - __main__ -   top-5 acc: 99.74
11/24/2025 13:21:11 - INFO - __main__ -   Best top-1 acc: 91.09
11/24/2025 13:21:11 - INFO - __main__ -   Mean top-1 acc: 78.79
11/24/2025 13:21:11 - INFO - __main__ -   Target acc: True
11/24/2025 13:21:11 - INFO - __main__ -   Poison acc: False

11/24/2025 13:21:11 - INFO - __main__ -   ***** Epoch 21 *****
11/24/2025 13:21:27 - INFO - __main__ -   top-1 acc: 91.17
11/24/2025 13:21:27 - INFO - __main__ -   top-5 acc: 99.81
11/24/2025 13:21:27 - INFO - __main__ -   Best top-1 acc: 91.17
11/24/2025 13:21:27 - INFO - __main__ -   Mean top-1 acc: 80.85
11/24/2025 13:21:27 - INFO - __main__ -   Target acc: True
11/24/2025 13:21:27 - INFO - __main__ -   Poison acc: False

11/24/2025 13:21:27 - INFO - __main__ -   ***** Epoch 22 *****
11/24/2025 13:21:43 - INFO - __main__ -   top-1 acc: 91.06
11/24/2025 13:21:43 - INFO - __main__ -   top-5 acc: 99.78
11/24/2025 13:21:44 - INFO - __main__ -   Best top-1 acc: 91.17
11/24/2025 13:21:44 - INFO - __main__ -   Mean top-1 acc: 82.31
11/24/2025 13:21:44 - INFO - __main__ -   Target acc: True
11/24/2025 13:21:44 - INFO - __main__ -   Poison acc: False

11/24/2025 13:21:44 - INFO - __main__ -   ***** Epoch 23 *****
11/24/2025 13:22:00 - INFO - __main__ -   top-1 acc: 91.01
11/24/2025 13:22:00 - INFO - __main__ -   top-5 acc: 99.84
11/24/2025 13:22:00 - INFO - __main__ -   Best top-1 acc: 91.17
11/24/2025 13:22:00 - INFO - __main__ -   Mean top-1 acc: 83.67
11/24/2025 13:22:00 - INFO - __main__ -   Target acc: True
11/24/2025 13:22:00 - INFO - __main__ -   Poison acc: False

11/24/2025 13:22:00 - INFO - __main__ -   ***** Epoch 24 *****
11/24/2025 13:22:16 - INFO - __main__ -   top-1 acc: 91.44
11/24/2025 13:22:16 - INFO - __main__ -   top-5 acc: 99.75
11/24/2025 13:22:16 - INFO - __main__ -   Best top-1 acc: 91.44
11/24/2025 13:22:16 - INFO - __main__ -   Mean top-1 acc: 84.68
11/24/2025 13:22:16 - INFO - __main__ -   Target acc: True
11/24/2025 13:22:16 - INFO - __main__ -   Poison acc: False

11/24/2025 13:22:16 - INFO - __main__ -   ***** Epoch 25 *****
11/24/2025 13:22:32 - INFO - __main__ -   top-1 acc: 92.39
11/24/2025 13:22:32 - INFO - __main__ -   top-5 acc: 99.84
11/24/2025 13:22:32 - INFO - __main__ -   Best top-1 acc: 92.39
11/24/2025 13:22:32 - INFO - __main__ -   Mean top-1 acc: 85.72
11/24/2025 13:22:32 - INFO - __main__ -   Target acc: True
11/24/2025 13:22:32 - INFO - __main__ -   Poison acc: False

11/24/2025 13:22:32 - INFO - __main__ -   ***** Epoch 26 *****
11/24/2025 13:22:48 - INFO - __main__ -   top-1 acc: 92.48
11/24/2025 13:22:48 - INFO - __main__ -   top-5 acc: 99.82
11/24/2025 13:22:48 - INFO - __main__ -   Best top-1 acc: 92.48
11/24/2025 13:22:48 - INFO - __main__ -   Mean top-1 acc: 86.73
11/24/2025 13:22:48 - INFO - __main__ -   Target acc: True
11/24/2025 13:22:48 - INFO - __main__ -   Poison acc: False

11/24/2025 13:22:48 - INFO - __main__ -   ***** Epoch 27 *****
11/24/2025 13:23:05 - INFO - __main__ -   top-1 acc: 92.53
11/24/2025 13:23:05 - INFO - __main__ -   top-5 acc: 99.80
11/24/2025 13:23:05 - INFO - __main__ -   Best top-1 acc: 92.53
11/24/2025 13:23:05 - INFO - __main__ -   Mean top-1 acc: 87.43
11/24/2025 13:23:05 - INFO - __main__ -   Target acc: True
11/24/2025 13:23:05 - INFO - __main__ -   Poison acc: False

11/24/2025 13:23:05 - INFO - __main__ -   ***** Epoch 28 *****
11/24/2025 13:23:21 - INFO - __main__ -   top-1 acc: 92.43
11/24/2025 13:23:21 - INFO - __main__ -   top-5 acc: 99.78
11/24/2025 13:23:21 - INFO - __main__ -   Best top-1 acc: 92.53
11/24/2025 13:23:21 - INFO - __main__ -   Mean top-1 acc: 88.19
11/24/2025 13:23:21 - INFO - __main__ -   Target acc: True
11/24/2025 13:23:21 - INFO - __main__ -   Poison acc: False

11/24/2025 13:23:21 - INFO - __main__ -   ***** Epoch 29 *****
11/24/2025 13:23:37 - INFO - __main__ -   top-1 acc: 92.50
11/24/2025 13:23:37 - INFO - __main__ -   top-5 acc: 99.82
11/24/2025 13:23:37 - INFO - __main__ -   Best top-1 acc: 92.53
11/24/2025 13:23:37 - INFO - __main__ -   Mean top-1 acc: 88.86
11/24/2025 13:23:37 - INFO - __main__ -   Target acc: True
11/24/2025 13:23:37 - INFO - __main__ -   Poison acc: False

11/24/2025 13:23:37 - INFO - __main__ -   ***** Epoch 30 *****
11/24/2025 13:23:37 - INFO - __main__ -   Identifying small clusters at epoch 30...
11/24/2025 13:24:22 - INFO - __main__ -   top-1 acc: 92.33
11/24/2025 13:24:22 - INFO - __main__ -   top-5 acc: 99.79
11/24/2025 13:24:22 - INFO - __main__ -   Best top-1 acc: 92.53
11/24/2025 13:24:22 - INFO - __main__ -   Mean top-1 acc: 89.44
11/24/2025 13:24:22 - INFO - __main__ -   Target acc: True
11/24/2025 13:24:22 - INFO - __main__ -   Poison acc: False

11/24/2025 13:24:22 - INFO - __main__ -   ***** Epoch 31 *****
11/24/2025 13:24:37 - INFO - __main__ -   top-1 acc: 92.31
11/24/2025 13:24:37 - INFO - __main__ -   top-5 acc: 99.81
11/24/2025 13:24:37 - INFO - __main__ -   Best top-1 acc: 92.53
11/24/2025 13:24:37 - INFO - __main__ -   Mean top-1 acc: 90.09
11/24/2025 13:24:37 - INFO - __main__ -   Target acc: True
11/24/2025 13:24:37 - INFO - __main__ -   Poison acc: False

11/24/2025 13:24:37 - INFO - __main__ -   ***** Epoch 32 *****
11/24/2025 13:24:53 - INFO - __main__ -   top-1 acc: 92.32
11/24/2025 13:24:53 - INFO - __main__ -   top-5 acc: 99.77
11/24/2025 13:24:53 - INFO - __main__ -   Best top-1 acc: 92.53
11/24/2025 13:24:53 - INFO - __main__ -   Mean top-1 acc: 90.60
11/24/2025 13:24:53 - INFO - __main__ -   Target acc: True
11/24/2025 13:24:53 - INFO - __main__ -   Poison acc: False

11/24/2025 13:24:53 - INFO - __main__ -   ***** Epoch 33 *****
11/24/2025 13:25:08 - INFO - __main__ -   top-1 acc: 92.16
11/24/2025 13:25:08 - INFO - __main__ -   top-5 acc: 99.78
11/24/2025 13:25:08 - INFO - __main__ -   Best top-1 acc: 92.53
11/24/2025 13:25:08 - INFO - __main__ -   Mean top-1 acc: 91.13
11/24/2025 13:25:08 - INFO - __main__ -   Target acc: True
11/24/2025 13:25:08 - INFO - __main__ -   Poison acc: False

11/24/2025 13:25:08 - INFO - __main__ -   ***** Epoch 34 *****
11/24/2025 13:25:23 - INFO - __main__ -   top-1 acc: 92.56
11/24/2025 13:25:23 - INFO - __main__ -   top-5 acc: 99.77
11/24/2025 13:25:23 - INFO - __main__ -   Best top-1 acc: 92.56
11/24/2025 13:25:23 - INFO - __main__ -   Mean top-1 acc: 91.61
11/24/2025 13:25:23 - INFO - __main__ -   Target acc: True
11/24/2025 13:25:23 - INFO - __main__ -   Poison acc: False

11/24/2025 13:25:23 - INFO - __main__ -   ***** Epoch 35 *****
11/24/2025 13:25:39 - INFO - __main__ -   top-1 acc: 92.37
11/24/2025 13:25:39 - INFO - __main__ -   top-5 acc: 99.77
11/24/2025 13:25:39 - INFO - __main__ -   Best top-1 acc: 92.56
11/24/2025 13:25:39 - INFO - __main__ -   Mean top-1 acc: 91.75
11/24/2025 13:25:39 - INFO - __main__ -   Target acc: True
11/24/2025 13:25:39 - INFO - __main__ -   Poison acc: False

11/24/2025 13:25:39 - INFO - __main__ -   ***** Epoch 36 *****
11/24/2025 13:25:54 - INFO - __main__ -   top-1 acc: 92.47
11/24/2025 13:25:54 - INFO - __main__ -   top-5 acc: 99.79
11/24/2025 13:25:54 - INFO - __main__ -   Best top-1 acc: 92.56
11/24/2025 13:25:54 - INFO - __main__ -   Mean top-1 acc: 91.85
11/24/2025 13:25:54 - INFO - __main__ -   Target acc: True
11/24/2025 13:25:54 - INFO - __main__ -   Poison acc: False

11/24/2025 13:25:54 - INFO - __main__ -   ***** Epoch 37 *****
11/24/2025 13:26:09 - INFO - __main__ -   top-1 acc: 92.45
11/24/2025 13:26:09 - INFO - __main__ -   top-5 acc: 99.80
11/24/2025 13:26:09 - INFO - __main__ -   Best top-1 acc: 92.56
11/24/2025 13:26:09 - INFO - __main__ -   Mean top-1 acc: 91.94
11/24/2025 13:26:09 - INFO - __main__ -   Target acc: True
11/24/2025 13:26:09 - INFO - __main__ -   Poison acc: False

11/24/2025 13:26:09 - INFO - __main__ -   ***** Epoch 38 *****
11/24/2025 13:26:25 - INFO - __main__ -   top-1 acc: 92.61
11/24/2025 13:26:25 - INFO - __main__ -   top-5 acc: 99.80
11/24/2025 13:26:25 - INFO - __main__ -   Best top-1 acc: 92.61
11/24/2025 13:26:25 - INFO - __main__ -   Mean top-1 acc: 92.03
11/24/2025 13:26:25 - INFO - __main__ -   Target acc: True
11/24/2025 13:26:25 - INFO - __main__ -   Poison acc: False

11/24/2025 13:26:25 - INFO - __main__ -   ***** Epoch 39 *****
11/24/2025 13:26:40 - INFO - __main__ -   top-1 acc: 92.31
11/24/2025 13:26:40 - INFO - __main__ -   top-5 acc: 99.84
11/24/2025 13:26:40 - INFO - __main__ -   Best top-1 acc: 92.61
11/24/2025 13:26:40 - INFO - __main__ -   Mean top-1 acc: 92.10
11/24/2025 13:26:40 - INFO - __main__ -   Target acc: True
11/24/2025 13:26:40 - INFO - __main__ -   Poison acc: False

