11/24/2025 13:37:54 - WARNING - __main__ -   device: cuda:0, n_gpu: 1
11/24/2025 13:37:54 - INFO - __main__ -   {'ap_model': False, 'arch': 'resnet18', 'backdoor': False, 'batch_size': 128, 'clean': False, 'cluster_thresh': 1.0, 'ctime': 0, 'dataset': 'cifar10', 'device': device(type='cuda', index=0), 'drop_after': 30, 'drop_mile': False, 'epochs': 40, 'equal_num': False, 'gpu_id': 0, 'greedy': 'LazyGreedy', 'lr': 0.1, 'metric': 'euclidean', 'n_gpu': 1, 'nesterov': True, 'no_aug': False, 'no_progress': False, 'num_workers': 4, 'out': 'results/epic_gm_eps8_run11/resnet18-cifar10-645_Project_v3.None-epoch40.15.25.35-coreset-pred-0.1-10-start-after-30', 'patch_size': 5, 'poisons_path': '/home/r0liu015/645project_last/poisoning-benchmark/poison_examples_gm/645_Project_v3/11', 'resume': '', 'scenario': 'scratch', 'seed': None, 'start_epoch': 0, 'steps': [15, 25, 35], 'stop_after': 200, 'subset_freq': 10, 'subset_sampler': 'coreset-pred', 'subset_size': 0.1, 'top_frac': 0.1, 'trigger_path': None, 'wdecay': 0.0005, 'world_size': 1}
11/24/2025 13:37:55 - INFO - __main__ -   500 poisons in this trial.
11/24/2025 13:37:55 - INFO - __main__ -   Total params: 11.17M
11/24/2025 13:37:56 - INFO - __main__ -   Target class 4; Poisoned label: 0
11/24/2025 13:37:56 - INFO - __main__ -   ***** Running training *****
11/24/2025 13:37:56 - INFO - __main__ -     Num Epochs = 40
11/24/2025 13:37:56 - INFO - __main__ -     Batch size per GPU = 128
11/24/2025 13:37:56 - INFO - __main__ -     Total train batch size = 128
11/24/2025 13:37:56 - INFO - __main__ -   ***** Epoch 0 *****
11/24/2025 13:38:12 - INFO - __main__ -   top-1 acc: 44.67
11/24/2025 13:38:12 - INFO - __main__ -   top-5 acc: 90.88
11/24/2025 13:38:12 - INFO - __main__ -   Best top-1 acc: 44.67
11/24/2025 13:38:12 - INFO - __main__ -   Mean top-1 acc: 44.67
11/24/2025 13:38:12 - INFO - __main__ -   Target acc: True
11/24/2025 13:38:12 - INFO - __main__ -   Poison acc: False

11/24/2025 13:38:12 - INFO - __main__ -   ***** Epoch 1 *****
11/24/2025 13:38:28 - INFO - __main__ -   top-1 acc: 52.31
11/24/2025 13:38:28 - INFO - __main__ -   top-5 acc: 93.54
11/24/2025 13:38:29 - INFO - __main__ -   Best top-1 acc: 52.31
11/24/2025 13:38:29 - INFO - __main__ -   Mean top-1 acc: 48.49
11/24/2025 13:38:29 - INFO - __main__ -   Target acc: True
11/24/2025 13:38:29 - INFO - __main__ -   Poison acc: False

11/24/2025 13:38:29 - INFO - __main__ -   ***** Epoch 2 *****
11/24/2025 13:38:45 - INFO - __main__ -   top-1 acc: 60.48
11/24/2025 13:38:45 - INFO - __main__ -   top-5 acc: 95.99
11/24/2025 13:38:45 - INFO - __main__ -   Best top-1 acc: 60.48
11/24/2025 13:38:45 - INFO - __main__ -   Mean top-1 acc: 52.49
11/24/2025 13:38:45 - INFO - __main__ -   Target acc: True
11/24/2025 13:38:45 - INFO - __main__ -   Poison acc: False

11/24/2025 13:38:45 - INFO - __main__ -   ***** Epoch 3 *****
11/24/2025 13:39:01 - INFO - __main__ -   top-1 acc: 66.45
11/24/2025 13:39:01 - INFO - __main__ -   top-5 acc: 96.89
11/24/2025 13:39:02 - INFO - __main__ -   Best top-1 acc: 66.45
11/24/2025 13:39:02 - INFO - __main__ -   Mean top-1 acc: 55.98
11/24/2025 13:39:02 - INFO - __main__ -   Target acc: True
11/24/2025 13:39:02 - INFO - __main__ -   Poison acc: False

11/24/2025 13:39:02 - INFO - __main__ -   ***** Epoch 4 *****
11/24/2025 13:39:18 - INFO - __main__ -   top-1 acc: 67.85
11/24/2025 13:39:18 - INFO - __main__ -   top-5 acc: 97.69
11/24/2025 13:39:18 - INFO - __main__ -   Best top-1 acc: 67.85
11/24/2025 13:39:18 - INFO - __main__ -   Mean top-1 acc: 58.35
11/24/2025 13:39:18 - INFO - __main__ -   Target acc: True
11/24/2025 13:39:18 - INFO - __main__ -   Poison acc: False

11/24/2025 13:39:18 - INFO - __main__ -   ***** Epoch 5 *****
11/24/2025 13:39:34 - INFO - __main__ -   top-1 acc: 72.53
11/24/2025 13:39:34 - INFO - __main__ -   top-5 acc: 98.05
11/24/2025 13:39:34 - INFO - __main__ -   Best top-1 acc: 72.53
11/24/2025 13:39:34 - INFO - __main__ -   Mean top-1 acc: 60.71
11/24/2025 13:39:34 - INFO - __main__ -   Target acc: True
11/24/2025 13:39:34 - INFO - __main__ -   Poison acc: False

11/24/2025 13:39:34 - INFO - __main__ -   ***** Epoch 6 *****
11/24/2025 13:39:51 - INFO - __main__ -   top-1 acc: 70.18
11/24/2025 13:39:51 - INFO - __main__ -   top-5 acc: 98.07
11/24/2025 13:39:51 - INFO - __main__ -   Best top-1 acc: 72.53
11/24/2025 13:39:51 - INFO - __main__ -   Mean top-1 acc: 62.07
11/24/2025 13:39:51 - INFO - __main__ -   Target acc: True
11/24/2025 13:39:51 - INFO - __main__ -   Poison acc: False

11/24/2025 13:39:51 - INFO - __main__ -   ***** Epoch 7 *****
11/24/2025 13:40:07 - INFO - __main__ -   top-1 acc: 75.79
11/24/2025 13:40:07 - INFO - __main__ -   top-5 acc: 98.57
11/24/2025 13:40:07 - INFO - __main__ -   Best top-1 acc: 75.79
11/24/2025 13:40:07 - INFO - __main__ -   Mean top-1 acc: 63.78
11/24/2025 13:40:07 - INFO - __main__ -   Target acc: True
11/24/2025 13:40:07 - INFO - __main__ -   Poison acc: False

11/24/2025 13:40:07 - INFO - __main__ -   ***** Epoch 8 *****
11/24/2025 13:40:23 - INFO - __main__ -   top-1 acc: 78.33
11/24/2025 13:40:23 - INFO - __main__ -   top-5 acc: 98.96
11/24/2025 13:40:23 - INFO - __main__ -   Best top-1 acc: 78.33
11/24/2025 13:40:23 - INFO - __main__ -   Mean top-1 acc: 65.40
11/24/2025 13:40:23 - INFO - __main__ -   Target acc: True
11/24/2025 13:40:23 - INFO - __main__ -   Poison acc: False

11/24/2025 13:40:23 - INFO - __main__ -   ***** Epoch 9 *****
11/24/2025 13:40:40 - INFO - __main__ -   top-1 acc: 81.83
11/24/2025 13:40:40 - INFO - __main__ -   top-5 acc: 98.89
11/24/2025 13:40:40 - INFO - __main__ -   Best top-1 acc: 81.83
11/24/2025 13:40:40 - INFO - __main__ -   Mean top-1 acc: 67.04
11/24/2025 13:40:40 - INFO - __main__ -   Target acc: True
11/24/2025 13:40:40 - INFO - __main__ -   Poison acc: False

11/24/2025 13:40:40 - INFO - __main__ -   ***** Epoch 10 *****
11/24/2025 13:40:56 - INFO - __main__ -   top-1 acc: 81.75
11/24/2025 13:40:56 - INFO - __main__ -   top-5 acc: 98.82
11/24/2025 13:40:56 - INFO - __main__ -   Best top-1 acc: 81.83
11/24/2025 13:40:56 - INFO - __main__ -   Mean top-1 acc: 68.38
11/24/2025 13:40:56 - INFO - __main__ -   Target acc: True
11/24/2025 13:40:56 - INFO - __main__ -   Poison acc: False

11/24/2025 13:40:56 - INFO - __main__ -   ***** Epoch 11 *****
11/24/2025 13:41:13 - INFO - __main__ -   top-1 acc: 80.40
11/24/2025 13:41:13 - INFO - __main__ -   top-5 acc: 99.11
11/24/2025 13:41:13 - INFO - __main__ -   Best top-1 acc: 81.83
11/24/2025 13:41:13 - INFO - __main__ -   Mean top-1 acc: 69.38
11/24/2025 13:41:13 - INFO - __main__ -   Target acc: True
11/24/2025 13:41:13 - INFO - __main__ -   Poison acc: False

11/24/2025 13:41:13 - INFO - __main__ -   ***** Epoch 12 *****
11/24/2025 13:41:29 - INFO - __main__ -   top-1 acc: 79.74
11/24/2025 13:41:29 - INFO - __main__ -   top-5 acc: 98.91
11/24/2025 13:41:29 - INFO - __main__ -   Best top-1 acc: 81.83
11/24/2025 13:41:29 - INFO - __main__ -   Mean top-1 acc: 70.18
11/24/2025 13:41:29 - INFO - __main__ -   Target acc: True
11/24/2025 13:41:29 - INFO - __main__ -   Poison acc: False

11/24/2025 13:41:29 - INFO - __main__ -   ***** Epoch 13 *****
11/24/2025 13:41:45 - INFO - __main__ -   top-1 acc: 81.21
11/24/2025 13:41:45 - INFO - __main__ -   top-5 acc: 99.03
11/24/2025 13:41:45 - INFO - __main__ -   Best top-1 acc: 81.83
11/24/2025 13:41:45 - INFO - __main__ -   Mean top-1 acc: 70.97
11/24/2025 13:41:45 - INFO - __main__ -   Target acc: True
11/24/2025 13:41:45 - INFO - __main__ -   Poison acc: False

11/24/2025 13:41:45 - INFO - __main__ -   ***** Epoch 14 *****
11/24/2025 13:42:02 - INFO - __main__ -   top-1 acc: 82.97
11/24/2025 13:42:02 - INFO - __main__ -   top-5 acc: 99.04
11/24/2025 13:42:02 - INFO - __main__ -   Best top-1 acc: 82.97
11/24/2025 13:42:02 - INFO - __main__ -   Mean top-1 acc: 71.77
11/24/2025 13:42:02 - INFO - __main__ -   Target acc: True
11/24/2025 13:42:02 - INFO - __main__ -   Poison acc: False

11/24/2025 13:42:02 - INFO - __main__ -   ***** Epoch 15 *****
11/24/2025 13:42:18 - INFO - __main__ -   top-1 acc: 89.98
11/24/2025 13:42:18 - INFO - __main__ -   top-5 acc: 99.76
11/24/2025 13:42:18 - INFO - __main__ -   Best top-1 acc: 89.98
11/24/2025 13:42:18 - INFO - __main__ -   Mean top-1 acc: 72.90
11/24/2025 13:42:18 - INFO - __main__ -   Target acc: True
11/24/2025 13:42:18 - INFO - __main__ -   Poison acc: False

11/24/2025 13:42:18 - INFO - __main__ -   ***** Epoch 16 *****
11/24/2025 13:42:34 - INFO - __main__ -   top-1 acc: 90.80
11/24/2025 13:42:34 - INFO - __main__ -   top-5 acc: 99.76
11/24/2025 13:42:34 - INFO - __main__ -   Best top-1 acc: 90.80
11/24/2025 13:42:34 - INFO - __main__ -   Mean top-1 acc: 73.96
11/24/2025 13:42:34 - INFO - __main__ -   Target acc: True
11/24/2025 13:42:34 - INFO - __main__ -   Poison acc: False

11/24/2025 13:42:34 - INFO - __main__ -   ***** Epoch 17 *****
11/24/2025 13:42:50 - INFO - __main__ -   top-1 acc: 90.69
11/24/2025 13:42:50 - INFO - __main__ -   top-5 acc: 99.77
11/24/2025 13:42:51 - INFO - __main__ -   Best top-1 acc: 90.80
11/24/2025 13:42:51 - INFO - __main__ -   Mean top-1 acc: 74.89
11/24/2025 13:42:51 - INFO - __main__ -   Target acc: True
11/24/2025 13:42:51 - INFO - __main__ -   Poison acc: False

11/24/2025 13:42:51 - INFO - __main__ -   ***** Epoch 18 *****
11/24/2025 13:43:07 - INFO - __main__ -   top-1 acc: 90.82
11/24/2025 13:43:07 - INFO - __main__ -   top-5 acc: 99.75
11/24/2025 13:43:07 - INFO - __main__ -   Best top-1 acc: 90.82
11/24/2025 13:43:07 - INFO - __main__ -   Mean top-1 acc: 75.73
11/24/2025 13:43:07 - INFO - __main__ -   Target acc: True
11/24/2025 13:43:07 - INFO - __main__ -   Poison acc: False

11/24/2025 13:43:07 - INFO - __main__ -   ***** Epoch 19 *****
11/24/2025 13:43:23 - INFO - __main__ -   top-1 acc: 91.01
11/24/2025 13:43:23 - INFO - __main__ -   top-5 acc: 99.78
11/24/2025 13:43:23 - INFO - __main__ -   Best top-1 acc: 91.01
11/24/2025 13:43:23 - INFO - __main__ -   Mean top-1 acc: 76.49
11/24/2025 13:43:23 - INFO - __main__ -   Target acc: True
11/24/2025 13:43:23 - INFO - __main__ -   Poison acc: False

11/24/2025 13:43:23 - INFO - __main__ -   ***** Epoch 20 *****
11/24/2025 13:43:40 - INFO - __main__ -   top-1 acc: 91.06
11/24/2025 13:43:40 - INFO - __main__ -   top-5 acc: 99.73
11/24/2025 13:43:40 - INFO - __main__ -   Best top-1 acc: 91.06
11/24/2025 13:43:40 - INFO - __main__ -   Mean top-1 acc: 78.81
11/24/2025 13:43:40 - INFO - __main__ -   Target acc: True
11/24/2025 13:43:40 - INFO - __main__ -   Poison acc: False

11/24/2025 13:43:40 - INFO - __main__ -   ***** Epoch 21 *****
11/24/2025 13:43:56 - INFO - __main__ -   top-1 acc: 91.19
11/24/2025 13:43:56 - INFO - __main__ -   top-5 acc: 99.77
11/24/2025 13:43:56 - INFO - __main__ -   Best top-1 acc: 91.19
11/24/2025 13:43:56 - INFO - __main__ -   Mean top-1 acc: 80.75
11/24/2025 13:43:56 - INFO - __main__ -   Target acc: True
11/24/2025 13:43:56 - INFO - __main__ -   Poison acc: False

11/24/2025 13:43:56 - INFO - __main__ -   ***** Epoch 22 *****
11/24/2025 13:44:12 - INFO - __main__ -   top-1 acc: 91.09
11/24/2025 13:44:12 - INFO - __main__ -   top-5 acc: 99.75
11/24/2025 13:44:12 - INFO - __main__ -   Best top-1 acc: 91.19
11/24/2025 13:44:12 - INFO - __main__ -   Mean top-1 acc: 82.28
11/24/2025 13:44:12 - INFO - __main__ -   Target acc: True
11/24/2025 13:44:12 - INFO - __main__ -   Poison acc: False

11/24/2025 13:44:12 - INFO - __main__ -   ***** Epoch 23 *****
11/24/2025 13:44:29 - INFO - __main__ -   top-1 acc: 90.98
11/24/2025 13:44:29 - INFO - __main__ -   top-5 acc: 99.77
11/24/2025 13:44:29 - INFO - __main__ -   Best top-1 acc: 91.19
11/24/2025 13:44:29 - INFO - __main__ -   Mean top-1 acc: 83.51
11/24/2025 13:44:29 - INFO - __main__ -   Target acc: True
11/24/2025 13:44:29 - INFO - __main__ -   Poison acc: False

11/24/2025 13:44:29 - INFO - __main__ -   ***** Epoch 24 *****
11/24/2025 13:44:45 - INFO - __main__ -   top-1 acc: 91.42
11/24/2025 13:44:45 - INFO - __main__ -   top-5 acc: 99.80
11/24/2025 13:44:45 - INFO - __main__ -   Best top-1 acc: 91.42
11/24/2025 13:44:45 - INFO - __main__ -   Mean top-1 acc: 84.69
11/24/2025 13:44:45 - INFO - __main__ -   Target acc: True
11/24/2025 13:44:45 - INFO - __main__ -   Poison acc: False

11/24/2025 13:44:45 - INFO - __main__ -   ***** Epoch 25 *****
11/24/2025 13:45:01 - INFO - __main__ -   top-1 acc: 92.16
11/24/2025 13:45:01 - INFO - __main__ -   top-5 acc: 99.81
11/24/2025 13:45:02 - INFO - __main__ -   Best top-1 acc: 92.16
11/24/2025 13:45:02 - INFO - __main__ -   Mean top-1 acc: 85.67
11/24/2025 13:45:02 - INFO - __main__ -   Target acc: True
11/24/2025 13:45:02 - INFO - __main__ -   Poison acc: False

11/24/2025 13:45:02 - INFO - __main__ -   ***** Epoch 26 *****
11/24/2025 13:45:18 - INFO - __main__ -   top-1 acc: 92.21
11/24/2025 13:45:18 - INFO - __main__ -   top-5 acc: 99.76
11/24/2025 13:45:18 - INFO - __main__ -   Best top-1 acc: 92.21
11/24/2025 13:45:18 - INFO - __main__ -   Mean top-1 acc: 86.77
11/24/2025 13:45:18 - INFO - __main__ -   Target acc: True
11/24/2025 13:45:18 - INFO - __main__ -   Poison acc: False

11/24/2025 13:45:18 - INFO - __main__ -   ***** Epoch 27 *****
11/24/2025 13:45:34 - INFO - __main__ -   top-1 acc: 92.38
11/24/2025 13:45:34 - INFO - __main__ -   top-5 acc: 99.81
11/24/2025 13:45:34 - INFO - __main__ -   Best top-1 acc: 92.38
11/24/2025 13:45:34 - INFO - __main__ -   Mean top-1 acc: 87.60
11/24/2025 13:45:34 - INFO - __main__ -   Target acc: True
11/24/2025 13:45:34 - INFO - __main__ -   Poison acc: False

11/24/2025 13:45:34 - INFO - __main__ -   ***** Epoch 28 *****
11/24/2025 13:45:50 - INFO - __main__ -   top-1 acc: 92.37
11/24/2025 13:45:50 - INFO - __main__ -   top-5 acc: 99.78
11/24/2025 13:45:50 - INFO - __main__ -   Best top-1 acc: 92.38
11/24/2025 13:45:50 - INFO - __main__ -   Mean top-1 acc: 88.30
11/24/2025 13:45:50 - INFO - __main__ -   Target acc: True
11/24/2025 13:45:50 - INFO - __main__ -   Poison acc: False

11/24/2025 13:45:50 - INFO - __main__ -   ***** Epoch 29 *****
11/24/2025 13:46:07 - INFO - __main__ -   top-1 acc: 92.40
11/24/2025 13:46:07 - INFO - __main__ -   top-5 acc: 99.83
11/24/2025 13:46:07 - INFO - __main__ -   Best top-1 acc: 92.40
11/24/2025 13:46:07 - INFO - __main__ -   Mean top-1 acc: 88.83
11/24/2025 13:46:07 - INFO - __main__ -   Target acc: True
11/24/2025 13:46:07 - INFO - __main__ -   Poison acc: False

11/24/2025 13:46:07 - INFO - __main__ -   ***** Epoch 30 *****
11/24/2025 13:46:07 - INFO - __main__ -   Identifying small clusters at epoch 30...
11/24/2025 13:46:52 - INFO - __main__ -   top-1 acc: 92.52
11/24/2025 13:46:52 - INFO - __main__ -   top-5 acc: 99.80
11/24/2025 13:46:52 - INFO - __main__ -   Best top-1 acc: 92.52
11/24/2025 13:46:52 - INFO - __main__ -   Mean top-1 acc: 89.37
11/24/2025 13:46:52 - INFO - __main__ -   Target acc: True
11/24/2025 13:46:52 - INFO - __main__ -   Poison acc: False

11/24/2025 13:46:52 - INFO - __main__ -   ***** Epoch 31 *****
11/24/2025 13:47:07 - INFO - __main__ -   top-1 acc: 92.48
11/24/2025 13:47:07 - INFO - __main__ -   top-5 acc: 99.76
11/24/2025 13:47:07 - INFO - __main__ -   Best top-1 acc: 92.52
11/24/2025 13:47:07 - INFO - __main__ -   Mean top-1 acc: 89.97
11/24/2025 13:47:07 - INFO - __main__ -   Target acc: True
11/24/2025 13:47:07 - INFO - __main__ -   Poison acc: False

11/24/2025 13:47:07 - INFO - __main__ -   ***** Epoch 32 *****
11/24/2025 13:47:23 - INFO - __main__ -   top-1 acc: 92.47
11/24/2025 13:47:23 - INFO - __main__ -   top-5 acc: 99.78
11/24/2025 13:47:23 - INFO - __main__ -   Best top-1 acc: 92.52
11/24/2025 13:47:23 - INFO - __main__ -   Mean top-1 acc: 90.61
11/24/2025 13:47:23 - INFO - __main__ -   Target acc: True
11/24/2025 13:47:23 - INFO - __main__ -   Poison acc: False

11/24/2025 13:47:23 - INFO - __main__ -   ***** Epoch 33 *****
11/24/2025 13:47:39 - INFO - __main__ -   top-1 acc: 92.32
11/24/2025 13:47:39 - INFO - __main__ -   top-5 acc: 99.79
11/24/2025 13:47:39 - INFO - __main__ -   Best top-1 acc: 92.52
11/24/2025 13:47:39 - INFO - __main__ -   Mean top-1 acc: 91.17
11/24/2025 13:47:39 - INFO - __main__ -   Target acc: True
11/24/2025 13:47:39 - INFO - __main__ -   Poison acc: False

11/24/2025 13:47:39 - INFO - __main__ -   ***** Epoch 34 *****
11/24/2025 13:47:54 - INFO - __main__ -   top-1 acc: 92.47
11/24/2025 13:47:54 - INFO - __main__ -   top-5 acc: 99.76
11/24/2025 13:47:54 - INFO - __main__ -   Best top-1 acc: 92.52
11/24/2025 13:47:54 - INFO - __main__ -   Mean top-1 acc: 91.64
11/24/2025 13:47:54 - INFO - __main__ -   Target acc: True
11/24/2025 13:47:54 - INFO - __main__ -   Poison acc: False

11/24/2025 13:47:54 - INFO - __main__ -   ***** Epoch 35 *****
11/24/2025 13:48:10 - INFO - __main__ -   top-1 acc: 92.40
11/24/2025 13:48:10 - INFO - __main__ -   top-5 acc: 99.79
11/24/2025 13:48:10 - INFO - __main__ -   Best top-1 acc: 92.52
11/24/2025 13:48:10 - INFO - __main__ -   Mean top-1 acc: 91.76
11/24/2025 13:48:10 - INFO - __main__ -   Target acc: True
11/24/2025 13:48:10 - INFO - __main__ -   Poison acc: False

11/24/2025 13:48:10 - INFO - __main__ -   ***** Epoch 36 *****
11/24/2025 13:48:25 - INFO - __main__ -   top-1 acc: 92.36
11/24/2025 13:48:25 - INFO - __main__ -   top-5 acc: 99.74
11/24/2025 13:48:26 - INFO - __main__ -   Best top-1 acc: 92.52
11/24/2025 13:48:26 - INFO - __main__ -   Mean top-1 acc: 91.84
11/24/2025 13:48:26 - INFO - __main__ -   Target acc: True
11/24/2025 13:48:26 - INFO - __main__ -   Poison acc: False

11/24/2025 13:48:26 - INFO - __main__ -   ***** Epoch 37 *****
11/24/2025 13:48:41 - INFO - __main__ -   top-1 acc: 92.41
11/24/2025 13:48:41 - INFO - __main__ -   top-5 acc: 99.76
11/24/2025 13:48:41 - INFO - __main__ -   Best top-1 acc: 92.52
11/24/2025 13:48:41 - INFO - __main__ -   Mean top-1 acc: 91.93
11/24/2025 13:48:41 - INFO - __main__ -   Target acc: True
11/24/2025 13:48:41 - INFO - __main__ -   Poison acc: False

11/24/2025 13:48:41 - INFO - __main__ -   ***** Epoch 38 *****
11/24/2025 13:48:57 - INFO - __main__ -   top-1 acc: 92.42
11/24/2025 13:48:57 - INFO - __main__ -   top-5 acc: 99.78
11/24/2025 13:48:57 - INFO - __main__ -   Best top-1 acc: 92.52
11/24/2025 13:48:57 - INFO - __main__ -   Mean top-1 acc: 92.01
11/24/2025 13:48:57 - INFO - __main__ -   Target acc: True
11/24/2025 13:48:57 - INFO - __main__ -   Poison acc: False

11/24/2025 13:48:57 - INFO - __main__ -   ***** Epoch 39 *****
11/24/2025 13:49:12 - INFO - __main__ -   top-1 acc: 92.34
11/24/2025 13:49:12 - INFO - __main__ -   top-5 acc: 99.75
11/24/2025 13:49:12 - INFO - __main__ -   Best top-1 acc: 92.52
11/24/2025 13:49:12 - INFO - __main__ -   Mean top-1 acc: 92.07
11/24/2025 13:49:12 - INFO - __main__ -   Target acc: True
11/24/2025 13:49:12 - INFO - __main__ -   Poison acc: False

